Initialization time: 2025-06-15 22:47:48

**************************************************  Experiment 26 | Version 1 **************************************************
Label column '5y' found in metadata. Available columns: ['pid', 'study_yr', 'path', 'sct_slice_num_og', 'stage', '1y', '2y', '5y', '10y', 'fup_days', 'lung_side', 'de_stag', 'de_stag_7thed', 'sct_slice_new', 'sct_nod_err']

✅ Saved split assignments to 'lung_metadata_with_splits.csv'

✅ Set train dataloaders with 3 folds
  - Fold 1: 210 samples
    Label distribution: {0: 158, 1: 52}
  - Fold 2: 210 samples
    Label distribution: {0: 158, 1: 52}
  - Fold 3: 210 samples
    Label distribution: {0: 158, 1: 52}

✅ Set validation dataloaders with 3 folds
  - Fold 1: 105 samples
    Label distribution: {0: 79, 1: 26}
  - Fold 2: 105 samples
    Label distribution: {0: 79, 1: 26}
  - Fold 3: 105 samples
    Label distribution: {0: 79, 1: 26}

✅ Set test dataloaders with 3 folds
  - Fold 1: 79 samples
    Label distribution: {0: 59, 1: 20}
  - Fold 2: 79 samples
    Label distribution: {0: 59, 1: 20}
  - Fold 3: 79 samples
    Label distribution: {0: 59, 1: 20}
Finish time: 2025-06-15 22:47:57
