Initialization time: 2025-05-26 16:18:30
wandb: Currently logged in as: maria-i-paiva (maria-i-paiva-inesc-tec) to https://api.wandb.ai. Use `wandb login --relogin` to force relogin
wandb: WARNING Using a boolean value for 'reinit' is deprecated. Use 'return_previous' or 'finish_previous' instead.
wandb: Tracking run with wandb version 0.19.11
wandb: Run data is saved locally in /nas-ctm01/homes/mipaiva/pipeline_template_pl/experiment_results/experiment_107/version_160/wandb/run-20250526_161840-3kq8layw
wandb: Run `wandb offline` to turn off syncing.
wandb: Syncing run vgg16_25d_107_160_fold1
wandb: ⭐️ View project at https://wandb.ai/maria-i-paiva-inesc-tec/comparative_study_25_norm_resize_fix_auc
wandb: 🚀 View run at https://wandb.ai/maria-i-paiva-inesc-tec/comparative_study_25_norm_resize_fix_auc/runs/3kq8layw
/nas-ctm01/homes/mipaiva/.conda/envs/pipeline/lib/python3.11/site-packages/pytorch_lightning/callbacks/model_checkpoint.py:617: UserWarning: Checkpoint directory /nas-ctm01/homes/mipaiva/pipeline_template_pl/experiment_results/experiment_107/version_160/datafold_1/models exists and is not empty.
  rank_zero_warn(f"Checkpoint directory {dirpath} exists and is not empty.")

**************************************************  Experiment 107 | Version 160 **************************************************
Label column '5y' found in metadata. Available columns: ['pid', 'study_yr', 'path', 'sct_slice_num_og', 'stage', '1y', '2y', '5y', '10y', 'fup_days', 'sct_nod_err']
[INFO] Train dataloader 0 label distribution: 0: 213, 1: 70
[INFO] Validation dataloader 0 label distribution: 0: 24, 1: 8
[INFO] Test dataloader 0 label distribution: 0: 59, 1: 20

Running model pipeline for data fold 1...
Label column '5y' found in metadata. Available columns: ['pid', 'study_yr', 'path', 'sct_slice_num_og', 'stage', '1y', '2y', '5y', '10y', 'fup_days', 'sct_nod_err']
Error executing job with overrides: []
Traceback (most recent call last):
  File "/nas-ctm01/homes/mipaiva/pipeline_template_pl/slurm_files/shell_script_files/../../src/scripts/run_experiment_pipeline.py", line 54, in run_hyperparameter_grid_based_execution_pipeline
    run_experiment_pipeline(config)
  File "/nas-ctm01/homes/mipaiva/pipeline_template_pl/slurm_files/shell_script_files/../../src/scripts/run_experiment_pipeline.py", line 167, in run_experiment_pipeline
    model_pipeline.finalize()
  File "/nas-ctm01/homes/mipaiva/pipeline_template_pl/src/modules/model/model_pipeline.py", line 55, in finalize
    self.delete_model_checkpoints()
  File "/nas-ctm01/homes/mipaiva/pipeline_template_pl/src/modules/model/model_pipeline.py", line 48, in delete_model_checkpoints
    os.rmdir(
OSError: [Errno 39] Directory not empty: '/nas-ctm01/homes/mipaiva/pipeline_template_pl/experiment_results/experiment_107/version_160/datafold_1/models'

Set the environment variable HYDRA_FULL_ERROR=1 for a complete stack trace.
[1;34mwandb[0m: 
[1;34mwandb[0m: 🚀 View run [33mvgg16_25d_107_160_fold1[0m at: [34mhttps://wandb.ai/maria-i-paiva-inesc-tec/comparative_study_25_norm_resize_fix_auc/runs/3kq8layw[0m
[1;34mwandb[0m: Find logs at: [1;35m../../experiment_results/experiment_107/version_160/wandb/run-20250526_161840-3kq8layw/logs[0m
srun: error: 04.ctm-deep-05: task 0: Exited with exit code 1
Finish time: 2025-05-26 17:19:41
