Initialization time: 2025-06-17 18:18:09

**************************************************  Experiment 59 | Version 1 **************************************************
Label column '5y' found in metadata. Available columns: ['pid', 'study_yr', 'path', 'sct_slice_num_og', 'stage', '1y', '2y', '5y', '10y', 'fup_days', 'lung_side', 'de_stag', 'de_stag_7thed', 'sct_slice_new', 'sct_nod_err']

✅ Saved split assignments to 'lung_metadata_with_splits.csv'

Using regular DataLoader for train subset

Using regular DataLoader for train subset

Using regular DataLoader for train subset

✅ Set train dataloaders with 3 folds
  - Fold 1: 210 samples
    Label distribution: {0: 158, 1: 52}
    Batch label distribution: {0.0: 11, 1.0: 5}
    Batch label distribution: {0.0: 13, 1.0: 3}
    Batch label distribution: {0.0: 13, 1.0: 3}
    Batch label distribution: {0.0: 10, 1.0: 6}
    Batch label distribution: {0.0: 14, 1.0: 2}
    Batch label distribution: {0.0: 11, 1.0: 5}
    Batch label distribution: {0.0: 14, 1.0: 2}
    Batch label distribution: {0.0: 15, 1.0: 1}
    Batch label distribution: {0.0: 5, 1.0: 11}
    Batch label distribution: {0.0: 15, 1.0: 1}
    Batch label distribution: {0.0: 12, 1.0: 4}
    Batch label distribution: {0.0: 11, 1.0: 5}
    Batch label distribution: {0.0: 12, 1.0: 4}
    Batch label distribution: {0.0: 2}
  - Fold 2: 210 samples
    Label distribution: {0: 158, 1: 52}
    Batch label distribution: {0.0: 13, 1.0: 3}
    Batch label distribution: {0.0: 12, 1.0: 4}
    Batch label distribution: {0.0: 12, 1.0: 4}
    Batch label distribution: {0.0: 9, 1.0: 7}
    Batch label distribution: {0.0: 13, 1.0: 3}
    Batch label distribution: {0.0: 11, 1.0: 5}
    Batch label distribution: {0.0: 12, 1.0: 4}
    Batch label distribution: {0.0: 15, 1.0: 1}
    Batch label distribution: {0.0: 13, 1.0: 3}
    Batch label distribution: {0.0: 11, 1.0: 5}
    Batch label distribution: {0.0: 9, 1.0: 7}
    Batch label distribution: {0.0: 15, 1.0: 1}
    Batch label distribution: {0.0: 12, 1.0: 4}
    Batch label distribution: {0.0: 1, 1.0: 1}
  - Fold 3: 210 samples
    Label distribution: {0: 158, 1: 52}
    Batch label distribution: {0.0: 13, 1.0: 3}
    Batch label distribution: {0.0: 13, 1.0: 3}
    Batch label distribution: {0.0: 11, 1.0: 5}
    Batch label distribution: {0.0: 14, 1.0: 2}
    Batch label distribution: {0.0: 12, 1.0: 4}
    Batch label distribution: {0.0: 14, 1.0: 2}
    Batch label distribution: {0.0: 6, 1.0: 10}
    Batch label distribution: {0.0: 11, 1.0: 5}
    Batch label distribution: {0.0: 11, 1.0: 5}
    Batch label distribution: {0.0: 12, 1.0: 4}
    Batch label distribution: {0.0: 13, 1.0: 3}
    Batch label distribution: {0.0: 13, 1.0: 3}
    Batch label distribution: {0.0: 13, 1.0: 3}
    Batch label distribution: {0.0: 2}

Using regular DataLoader for validation subset

Using regular DataLoader for validation subset

Using regular DataLoader for validation subset

✅ Set validation dataloaders with 3 folds
  - Fold 1: 105 samples
    Label distribution: {0: 79, 1: 26}
    Batch label distribution: {0.0: 13, 1.0: 3}
    Batch label distribution: {0.0: 12, 1.0: 4}
    Batch label distribution: {0.0: 11, 1.0: 5}
    Batch label distribution: {0.0: 13, 1.0: 3}
    Batch label distribution: {0.0: 12, 1.0: 4}
    Batch label distribution: {0.0: 12, 1.0: 4}
    Batch label distribution: {0.0: 6, 1.0: 3}
  - Fold 2: 105 samples
    Label distribution: {0: 79, 1: 26}
    Batch label distribution: {0.0: 12, 1.0: 4}
    Batch label distribution: {0.0: 14, 1.0: 2}
    Batch label distribution: {0.0: 14, 1.0: 2}
    Batch label distribution: {0.0: 12, 1.0: 4}
    Batch label distribution: {0.0: 11, 1.0: 5}
    Batch label distribution: {0.0: 11, 1.0: 5}
    Batch label distribution: {0.0: 5, 1.0: 4}
  - Fold 3: 105 samples
    Label distribution: {0: 79, 1: 26}
    Batch label distribution: {0.0: 10, 1.0: 6}
    Batch label distribution: {0.0: 12, 1.0: 4}
    Batch label distribution: {0.0: 13, 1.0: 3}
    Batch label distribution: {0.0: 13, 1.0: 3}
    Batch label distribution: {0.0: 10, 1.0: 6}
    Batch label distribution: {0.0: 13, 1.0: 3}
    Batch label distribution: {0.0: 8, 1.0: 1}

Using regular DataLoader for test subset

Using regular DataLoader for test subset

Using regular DataLoader for test subset

✅ Set test dataloaders with 3 folds
  - Fold 1: 79 samples
    Label distribution: {0: 59, 1: 20}
    Batch label distribution: {0.0: 12, 1.0: 4}
    Batch label distribution: {0.0: 13, 1.0: 3}
    Batch label distribution: {0.0: 11, 1.0: 5}
    Batch label distribution: {0.0: 13, 1.0: 3}
    Batch label distribution: {0.0: 10, 1.0: 5}
  - Fold 2: 79 samples
    Label distribution: {0: 59, 1: 20}
    Batch label distribution: {0.0: 12, 1.0: 4}
    Batch label distribution: {0.0: 13, 1.0: 3}
    Batch label distribution: {0.0: 11, 1.0: 5}
    Batch label distribution: {0.0: 13, 1.0: 3}
    Batch label distribution: {0.0: 10, 1.0: 5}
  - Fold 3: 79 samples
    Label distribution: {0: 59, 1: 20}
wandb: Currently logged in as: maria-i-paiva (maria-i-paiva-inesc-tec) to https://api.wandb.ai. Use `wandb login --relogin` to force relogin
wandb: WARNING Using a boolean value for 'reinit' is deprecated. Use 'return_previous' or 'finish_previous' instead.
wandb: Tracking run with wandb version 0.19.11
wandb: Run data is saved locally in /nas-ctm01/homes/mipaiva/pipeline_template_pl/experiment_results/experiment_59/version_1/wandb/run-20250617_181822-b9yp6d4i
wandb: Run `wandb offline` to turn off syncing.
wandb: Syncing run resnet18_2d_59_1_fold1
wandb: ⭐️ View project at https://wandb.ai/maria-i-paiva-inesc-tec/cs_2d_roi_whole_slice_oneclass_22_splits_lung_test
wandb: 🚀 View run at https://wandb.ai/maria-i-paiva-inesc-tec/cs_2d_roi_whole_slice_oneclass_22_splits_lung_test/runs/b9yp6d4i
    Batch label distribution: {0.0: 12, 1.0: 4}
    Batch label distribution: {0.0: 13, 1.0: 3}
    Batch label distribution: {0.0: 11, 1.0: 5}
    Batch label distribution: {0.0: 13, 1.0: 3}
    Batch label distribution: {0.0: 10, 1.0: 5}

Running model pipeline for data fold 1...
Label column '5y' found in metadata. Available columns: ['pid', 'study_yr', 'path', 'sct_slice_num_og', 'stage', '1y', '2y', '5y', '10y', 'fup_days', 'lung_side', 'de_stag', 'de_stag_7thed', 'sct_slice_new', 'sct_nod_err']
Label weights: tensor([3.0204], device='cuda:0', dtype=torch.float64)
srun: got SIGCONT
slurmstepd-02.ctm-deep-04: error: *** STEP 12144.0 ON 02.ctm-deep-04 CANCELLED AT 2025-06-17T18:19:20 ***
slurmstepd-02.ctm-deep-04: error: *** JOB 12144 ON 02.ctm-deep-04 CANCELLED AT 2025-06-17T18:19:20 ***
srun: forcing job termination
srun: Job step aborted: Waiting up to 32 seconds for job step to finish.
Error executing job with overrides: []
Traceback (most recent call last):
  File "/nas-ctm01/homes/mipaiva/.conda/envs/pipeline/lib/python3.11/site-packages/pytorch_lightning/loops/fit_loop.py", line 355, in advance
    self.epoch_loop.run(self._data_fetcher)
  File "/nas-ctm01/homes/mipaiva/.conda/envs/pipeline/lib/python3.11/site-packages/pytorch_lightning/loops/training_epoch_loop.py", line 130, in run
    self.on_run_start(data_fetcher)
  File "/nas-ctm01/homes/mipaiva/.conda/envs/pipeline/lib/python3.11/site-packages/pytorch_lightning/loops/training_epoch_loop.py", line 164, in on_run_start
    iter(data_fetcher)  # creates the iterator inside the fetcher
    ^^^^^^^^^^^^^^^^^^
  File "/nas-ctm01/homes/mipaiva/.conda/envs/pipeline/lib/python3.11/site-packages/pytorch_lightning/loops/fetchers.py", line 98, in __iter__
    super().__iter__()
  File "/nas-ctm01/homes/mipaiva/.conda/envs/pipeline/lib/python3.11/site-packages/pytorch_lightning/loops/fetchers.py", line 51, in __iter__
    self.iterator = iter(self.combined_loader)
                    ^^^^^^^^^^^^^^^^^^^^^^^^^^
  File "/nas-ctm01/homes/mipaiva/.conda/envs/pipeline/lib/python3.11/site-packages/pytorch_lightning/utilities/combined_loader.py", line 293, in __iter__
    iter(iterator)
  File "/nas-ctm01/homes/mipaiva/.conda/envs/pipeline/lib/python3.11/site-packages/pytorch_lightning/utilities/combined_loader.py", line 76, in __iter__
    super().__iter__()
  File "/nas-ctm01/homes/mipaiva/.conda/envs/pipeline/lib/python3.11/site-packages/pytorch_lightning/utilities/combined_loader.py", line 36, in __iter__
    self.iterators = [iter(iterable) for iterable in self.iterables]
                     ^^^^^^^^^^^^^^^^^^^^^^^^^^^^^^^^^^^^^^^^^^^^^^^
  File "/nas-ctm01/homes/mipaiva/.conda/envs/pipeline/lib/python3.11/site-packages/pytorch_lightning/utilities/combined_loader.py", line 36, in <listcomp>
    self.iterators = [iter(iterable) for iterable in self.iterables]
                      ^^^^^^^^^^^^^^
  File "/nas-ctm01/homes/mipaiva/.conda/envs/pipeline/lib/python3.11/site-packages/torch/utils/data/dataloader.py", line 441, in __iter__
    return self._get_iterator()
           ^^^^^^^^^^^^^^^^^^^^
  File "/nas-ctm01/homes/mipaiva/.conda/envs/pipeline/lib/python3.11/site-packages/torch/utils/data/dataloader.py", line 388, in _get_iterator
    return _MultiProcessingDataLoaderIter(self)
           ^^^^^^^^^^^^^^^^^^^^^^^^^^^^^^^^^^^^
  File "/nas-ctm01/homes/mipaiva/.conda/envs/pipeline/lib/python3.11/site-packages/torch/utils/data/dataloader.py", line 1042, in __init__
    w.start()
  File "/nas-ctm01/homes/mipaiva/.conda/envs/pipeline/lib/python3.11/multiprocessing/process.py", line 121, in start
    self._popen = self._Popen(self)
                  ^^^^^^^^^^^^^^^^^
  File "/nas-ctm01/homes/mipaiva/.conda/envs/pipeline/lib/python3.11/multiprocessing/context.py", line 224, in _Popen
    return _default_context.get_context().Process._Popen(process_obj)
           ^^^^^^^^^^^^^^^^^^^^^^^^^^^^^^^^^^^^^^^^^^^^^^^^^^^^^^^^^^
  File "/nas-ctm01/homes/mipaiva/.conda/envs/pipeline/lib/python3.11/multiprocessing/context.py", line 281, in _Popen
    return Popen(process_obj)
           ^^^^^^^^^^^^^^^^^^
  File "/nas-ctm01/homes/mipaiva/.conda/envs/pipeline/lib/python3.11/multiprocessing/popen_fork.py", line 19, in __init__
    self._launch(process_obj)
  File "/nas-ctm01/homes/mipaiva/.conda/envs/pipeline/lib/python3.11/multiprocessing/popen_fork.py", line 75, in _launch
    os.close(child_w)
  File "/nas-ctm01/homes/mipaiva/.conda/envs/pipeline/lib/python3.11/site-packages/torch/utils/data/_utils/signal_handling.py", line 66, in handler
    _error_if_any_worker_fails()
RuntimeError: DataLoader worker (pid 222073) is killed by signal: Terminated. 

During handling of the above exception, another exception occurred:

Traceback (most recent call last):
  File "/nas-ctm01/homes/mipaiva/pipeline_template_pl/slurm_files/shell_script_files/../../src/scripts/run_experiment_pipeline.py", line 54, in run_hyperparameter_grid_based_execution_pipeline
    run_experiment_pipeline(config)
  File "/nas-ctm01/homes/mipaiva/pipeline_template_pl/slurm_files/shell_script_files/../../src/scripts/run_experiment_pipeline.py", line 167, in run_experiment_pipeline
    model_pipeline.train_model()
  File "/nas-ctm01/homes/mipaiva/pipeline_template_pl/src/modules/model/model_pipeline.py", line 68, in train_model
    self.pytorch_lightning_trainer.fit(
  File "/nas-ctm01/homes/mipaiva/.conda/envs/pipeline/lib/python3.11/site-packages/pytorch_lightning/trainer/trainer.py", line 532, in fit
    call._call_and_handle_interrupt(
  File "/nas-ctm01/homes/mipaiva/.conda/envs/pipeline/lib/python3.11/site-packages/pytorch_lightning/trainer/call.py", line 43, in _call_and_handle_interrupt
    return trainer_fn(*args, **kwargs)
           ^^^^^^^^^^^^^^^^^^^^^^^^^^^
  File "/nas-ctm01/homes/mipaiva/.conda/envs/pipeline/lib/python3.11/site-packages/pytorch_lightning/trainer/trainer.py", line 571, in _fit_impl
    self._run(model, ckpt_path=ckpt_path)
  File "/nas-ctm01/homes/mipaiva/.conda/envs/pipeline/lib/python3.11/site-packages/pytorch_lightning/trainer/trainer.py", line 980, in _run
    results = self._run_stage()
              ^^^^^^^^^^^^^^^^^
  File "/nas-ctm01/homes/mipaiva/.conda/envs/pipeline/lib/python3.11/site-packages/pytorch_lightning/trainer/trainer.py", line 1023, in _run_stage
    self.fit_loop.run()
  File "/nas-ctm01/homes/mipaiva/.conda/envs/pipeline/lib/python3.11/site-packages/pytorch_lightning/loops/fit_loop.py", line 202, in run
    self.advance()
  File "/nas-ctm01/homes/mipaiva/.conda/envs/pipeline/lib/python3.11/site-packages/pytorch_lightning/loops/fit_loop.py", line 354, in advance
    with self.trainer.profiler.profile("run_training_epoch"):
  File "/nas-ctm01/homes/mipaiva/.conda/envs/pipeline/lib/python3.11/contextlib.py", line 141, in __exit__
    def __exit__(self, typ, value, traceback):
    
  File "/nas-ctm01/homes/mipaiva/.conda/envs/pipeline/lib/python3.11/site-packages/torch/utils/data/_utils/signal_handling.py", line 66, in handler
    _error_if_any_worker_fails()
RuntimeError: DataLoader worker (pid 221953) is killed by signal: Terminated. 

Set the environment variable HYDRA_FULL_ERROR=1 for a complete stack trace.
Exception ignored in atexit callback: <function _start_and_connect_service.<locals>.teardown_atexit at 0x76122c446520>
Traceback (most recent call last):
  File "/nas-ctm01/homes/mipaiva/.conda/envs/pipeline/lib/python3.11/site-packages/wandb/sdk/lib/service_connection.py", line 94, in teardown_atexit
    conn.teardown(hooks.exit_code)
  File "/nas-ctm01/homes/mipaiva/.conda/envs/pipeline/lib/python3.11/site-packages/wandb/sdk/lib/service_connection.py", line 228, in teardown
    self._client.send_server_request(
  File "/nas-ctm01/homes/mipaiva/.conda/envs/pipeline/lib/python3.11/site-packages/wandb/sdk/lib/sock_client.py", line 154, in send_server_request
    self._send_message(msg)
  File "/nas-ctm01/homes/mipaiva/.conda/envs/pipeline/lib/python3.11/site-packages/wandb/sdk/lib/sock_client.py", line 151, in _send_message
    self._sendall_with_error_handle(header + data)
  File "/nas-ctm01/homes/mipaiva/.conda/envs/pipeline/lib/python3.11/site-packages/wandb/sdk/lib/sock_client.py", line 130, in _sendall_with_error_handle
    sent = self._sock.send(data)
           ^^^^^^^^^^^^^^^^^^^^^
BrokenPipeError: [Errno 32] Broken pipe
srun: error: 02.ctm-deep-04: task 0: Exited with exit code 1
