Initialization time: 2025-05-19 10:43:00
Traceback (most recent call last):
  File "/nas-ctm01/homes/mipaiva/pipeline_template_pl/slurm_files/shell_script_files/../../src/scripts/run_experiment_pipeline.py", line 14, in <module>
    from src.modules.data.dataloader.preprocessed_dataloader \
  File "/nas-ctm01/homes/mipaiva/pipeline_template_pl/src/modules/data/dataloader/preprocessed_dataloader.py", line 7, in <module>
    from src.modules.data.dataloader.preprocessed_dataloaders \
  File "/nas-ctm01/homes/mipaiva/pipeline_template_pl/src/modules/data/dataloader/preprocessed_dataloaders/nlst_preprocessed_dataloader.py", line 438
    print(dicom_image.shape)
TabError: inconsistent use of tabs and spaces in indentation
srun: error: 01.ctm-deep-07: task 0: Exited with exit code 1
Traceback (most recent call last):
  File "/nas-ctm01/homes/mipaiva/pipeline_template_pl/slurm_files/shell_script_files/../../src/scripts/run_experiment_pipeline.py", line 14, in <module>
    from src.modules.data.dataloader.preprocessed_dataloader \
  File "/nas-ctm01/homes/mipaiva/pipeline_template_pl/src/modules/data/dataloader/preprocessed_dataloader.py", line 7, in <module>
    from src.modules.data.dataloader.preprocessed_dataloaders \
  File "/nas-ctm01/homes/mipaiva/pipeline_template_pl/src/modules/data/dataloader/preprocessed_dataloaders/nlst_preprocessed_dataloader.py", line 438
    print(dicom_image.shape)
TabError: inconsistent use of tabs and spaces in indentation
srun: error: 01.ctm-deep-07: task 0: Exited with exit code 1
Finish time: 2025-05-19 10:43:14
