Initialization time: 2025-05-14 05:29:07
usage: run_experiment_pipeline.py [--help] [--hydra-help] [--version]
                                  [--cfg {job,hydra,all}] [--resolve]
                                  [--package PACKAGE] [--run] [--multirun]
                                  [--shell-completion]
                                  [--config-path CONFIG_PATH]
                                  [--config-name CONFIG_NAME]
                                  [--config-dir CONFIG_DIR]
                                  [--experimental-rerun EXPERIMENTAL_RERUN]
                                  [--info [{all,config,defaults,defaults-tree,plugins,searchpath}]]
                                  [overrides ...]
run_experiment_pipeline.py: error: unrecognized arguments: --config_name
srun: error: 04.ctm-deep-06: task 0: Exited with exit code 2
usage: run_experiment_pipeline.py [--help] [--hydra-help] [--version]
                                  [--cfg {job,hydra,all}] [--resolve]
                                  [--package PACKAGE] [--run] [--multirun]
                                  [--shell-completion]
                                  [--config-path CONFIG_PATH]
                                  [--config-name CONFIG_NAME]
                                  [--config-dir CONFIG_DIR]
                                  [--experimental-rerun EXPERIMENTAL_RERUN]
                                  [--info [{all,config,defaults,defaults-tree,plugins,searchpath}]]
                                  [overrides ...]
run_experiment_pipeline.py: error: unrecognized arguments: --config_name
srun: error: 04.ctm-deep-06: task 0: Exited with exit code 2
Finish time: 2025-05-14 05:29:38
