Initialization time: 2025-05-19 14:21:20
wandb: Currently logged in as: maria-i-paiva (maria-i-paiva-inesc-tec) to https://api.wandb.ai. Use `wandb login --relogin` to force relogin
wandb: WARNING Using a boolean value for 'reinit' is deprecated. Use 'return_previous' or 'finish_previous' instead.
wandb: Tracking run with wandb version 0.19.11
wandb: Run data is saved locally in /nas-ctm01/homes/mipaiva/pipeline_template_pl/experiment_results/experiment_104/version_1/wandb/run-20250519_142130-st2not0f
wandb: Run `wandb offline` to turn off syncing.
wandb: Syncing run vgg16_3d_104_1_fold1
wandb: â­ï¸ View project at https://wandb.ai/maria-i-paiva-inesc-tec/comparative_study_3d_norm
wandb: ðŸš€ View run at https://wandb.ai/maria-i-paiva-inesc-tec/comparative_study_3d_norm/runs/st2not0f
/nas-ctm01/homes/mipaiva/.conda/envs/pipeline/lib/python3.11/site-packages/pytorch_lightning/trainer/connectors/data_connector.py:442: PossibleUserWarning: The dataloader, val_dataloader, does not have many workers which may be a bottleneck. Consider increasing the value of the `num_workers` argument` (try 14 which is the number of cpus on this machine) in the `DataLoader` init to improve performance.
  rank_zero_warn(
/nas-ctm01/homes/mipaiva/.conda/envs/pipeline/lib/python3.11/site-packages/pytorch_lightning/trainer/connectors/data_connector.py:442: PossibleUserWarning: The dataloader, train_dataloader, does not have many workers which may be a bottleneck. Consider increasing the value of the `num_workers` argument` (try 14 which is the number of cpus on this machine) in the `DataLoader` init to improve performance.
  rank_zero_warn(
/nas-ctm01/homes/mipaiva/.conda/envs/pipeline/lib/python3.11/site-packages/pytorch_lightning/trainer/connectors/data_connector.py:442: PossibleUserWarning: The dataloader, test_dataloader, does not have many workers which may be a bottleneck. Consider increasing the value of the `num_workers` argument` (try 14 which is the number of cpus on this machine) in the `DataLoader` init to improve performance.
  rank_zero_warn(
wandb:                                                                                
wandb: 
wandb: Run history:
wandb:  test_accuracy â–â–â–
wandb:     test_auroc â–â–â–
wandb: test_precision â–â–â–
wandb:    test_recall â–â–â–
wandb:    train_auroc â–ˆâ–â–â–â–â–â–â–â–â–â–â–â–â–â–â–
wandb:     train_loss â–ˆâ–â–â–â–â–â–â–â–â–â–â–â–â–â–â–
wandb:   val_accuracy â–â–ˆâ–ˆâ–ˆâ–ˆâ–ˆâ–ˆâ–ˆâ–ˆâ–ˆâ–ˆâ–ˆâ–ˆâ–ˆâ–ˆâ–ˆâ–ˆ
wandb:      val_auroc â–â–â–â–â–â–â–â–â–â–â–â–â–â–â–â–â–
wandb:       val_loss â–ˆâ–ƒâ–â–‚â–â–â–â–â–â–â–â–‚â–â–â–â–â–
wandb:  val_precision â–ˆâ–â–â–â–â–â–â–â–â–â–â–â–â–â–â–â–
wandb:     val_recall â–ˆâ–â–â–â–â–â–â–â–â–â–â–â–â–â–â–â–
wandb: 
wandb: Run summary:
wandb:  test_accuracy 0.75
wandb:     test_auroc 0.5
wandb: test_precision 0
wandb:    test_recall 0
wandb:    train_auroc 0.5
wandb:     train_loss 0.38108
wandb:   val_accuracy 0.75
wandb:      val_auroc 0.5
wandb:       val_loss 0.3757
wandb:  val_precision 0
wandb:     val_recall 0
wandb: 
wandb: ðŸš€ View run vgg16_3d_104_1_fold1 at: https://wandb.ai/maria-i-paiva-inesc-tec/comparative_study_3d_norm/runs/st2not0f
wandb: â­ï¸ View project at: https://wandb.ai/maria-i-paiva-inesc-tec/comparative_study_3d_norm
wandb: Synced 5 W&B file(s), 0 media file(s), 0 artifact file(s) and 0 other file(s)
wandb: Find logs at: /nas-ctm01/homes/mipaiva/pipeline_template_pl/experiment_results/experiment_104/version_1/wandb/run-20250519_142130-st2not0f/logs
wandb: Tracking run with wandb version 0.19.11
wandb: Run data is saved locally in /nas-ctm01/homes/mipaiva/pipeline_template_pl/experiment_results/experiment_104/version_2/wandb/run-20250519_153703-l3ubng84
wandb: Run `wandb offline` to turn off syncing.
wandb: Syncing run vgg16_3d_104_2_fold1
wandb: â­ï¸ View project at https://wandb.ai/maria-i-paiva-inesc-tec/comparative_study_3d_norm
wandb: ðŸš€ View run at https://wandb.ai/maria-i-paiva-inesc-tec/comparative_study_3d_norm/runs/l3ubng84
/nas-ctm01/homes/mipaiva/.conda/envs/pipeline/lib/python3.11/site-packages/pytorch_lightning/trainer/connectors/data_connector.py:442: PossibleUserWarning: The dataloader, val_dataloader, does not have many workers which may be a bottleneck. Consider increasing the value of the `num_workers` argument` (try 14 which is the number of cpus on this machine) in the `DataLoader` init to improve performance.
  rank_zero_warn(
/nas-ctm01/homes/mipaiva/.conda/envs/pipeline/lib/python3.11/site-packages/pytorch_lightning/trainer/connectors/data_connector.py:442: PossibleUserWarning: The dataloader, train_dataloader, does not have many workers which may be a bottleneck. Consider increasing the value of the `num_workers` argument` (try 14 which is the number of cpus on this machine) in the `DataLoader` init to improve performance.
  rank_zero_warn(
/nas-ctm01/homes/mipaiva/.conda/envs/pipeline/lib/python3.11/site-packages/pytorch_lightning/trainer/connectors/data_connector.py:442: PossibleUserWarning: The dataloader, test_dataloader, does not have many workers which may be a bottleneck. Consider increasing the value of the `num_workers` argument` (try 14 which is the number of cpus on this machine) in the `DataLoader` init to improve performance.
  rank_zero_warn(
wandb:                                                                                
wandb: 
wandb: Run history:
wandb:  test_accuracy â–â–â–
wandb:     test_auroc â–â–â–
wandb: test_precision â–â–â–
wandb:    test_recall â–â–â–
wandb:    train_auroc â–ˆâ–â–â–â–â–â–â–â–â–â–â–â–â–â–â–
wandb:     train_loss â–ˆâ–â–â–â–â–â–â–â–â–â–â–â–â–â–â–
wandb:   val_accuracy â–â–ˆâ–ˆâ–ˆâ–ˆâ–ˆâ–ˆâ–ˆâ–ˆâ–ˆâ–ˆâ–ˆâ–ˆâ–ˆâ–ˆâ–ˆâ–ˆ
wandb:      val_auroc â–â–â–â–â–â–â–â–â–â–â–â–â–â–â–â–â–
wandb:       val_loss â–ˆâ–‚â–â–â–â–â–â–â–â–â–â–â–â–â–â–â–
wandb:  val_precision â–ˆâ–â–â–â–â–â–â–â–â–â–â–â–â–â–â–â–
wandb:     val_recall â–ˆâ–â–â–â–â–â–â–â–â–â–â–â–â–â–â–â–
wandb: 
wandb: Run summary:
wandb:  test_accuracy 0.75
wandb:     test_auroc 0.5
wandb: test_precision 0
wandb:    test_recall 0
wandb:    train_auroc 0.5
wandb:     train_loss 0.38044
wandb:   val_accuracy 0.75
wandb:      val_auroc 0.5
wandb:       val_loss 0.37532
wandb:  val_precision 0
wandb:     val_recall 0
wandb: 
wandb: ðŸš€ View run vgg16_3d_104_2_fold1 at: https://wandb.ai/maria-i-paiva-inesc-tec/comparative_study_3d_norm/runs/l3ubng84
wandb: â­ï¸ View project at: https://wandb.ai/maria-i-paiva-inesc-tec/comparative_study_3d_norm
wandb: Synced 5 W&B file(s), 0 media file(s), 0 artifact file(s) and 0 other file(s)
wandb: Find logs at: /nas-ctm01/homes/mipaiva/pipeline_template_pl/experiment_results/experiment_104/version_2/wandb/run-20250519_153703-l3ubng84/logs
wandb: Tracking run with wandb version 0.19.11
wandb: Run data is saved locally in /nas-ctm01/homes/mipaiva/pipeline_template_pl/experiment_results/experiment_104/version_3/wandb/run-20250519_165233-vi7vflu3
wandb: Run `wandb offline` to turn off syncing.
wandb: Syncing run vgg16_3d_104_3_fold1
wandb: â­ï¸ View project at https://wandb.ai/maria-i-paiva-inesc-tec/comparative_study_3d_norm
wandb: ðŸš€ View run at https://wandb.ai/maria-i-paiva-inesc-tec/comparative_study_3d_norm/runs/vi7vflu3
/nas-ctm01/homes/mipaiva/.conda/envs/pipeline/lib/python3.11/site-packages/pytorch_lightning/trainer/connectors/data_connector.py:442: PossibleUserWarning: The dataloader, val_dataloader, does not have many workers which may be a bottleneck. Consider increasing the value of the `num_workers` argument` (try 14 which is the number of cpus on this machine) in the `DataLoader` init to improve performance.
  rank_zero_warn(
/nas-ctm01/homes/mipaiva/.conda/envs/pipeline/lib/python3.11/site-packages/pytorch_lightning/trainer/connectors/data_connector.py:442: PossibleUserWarning: The dataloader, train_dataloader, does not have many workers which may be a bottleneck. Consider increasing the value of the `num_workers` argument` (try 14 which is the number of cpus on this machine) in the `DataLoader` init to improve performance.
  rank_zero_warn(
Error executing job with overrides: []
Traceback (most recent call last):
  File "/nas-ctm01/homes/mipaiva/pipeline_template_pl/slurm_files/shell_script_files/../../src/scripts/run_experiment_pipeline.py", line 54, in run_hyperparameter_grid_based_execution_pipeline
    run_experiment_pipeline(config)
  File "/nas-ctm01/homes/mipaiva/pipeline_template_pl/slurm_files/shell_script_files/../../src/scripts/run_experiment_pipeline.py", line 155, in run_experiment_pipeline
    model_pipeline.train_model()
  File "/nas-ctm01/homes/mipaiva/pipeline_template_pl/src/modules/model/model_pipeline.py", line 67, in train_model
    self.pytorch_lightning_trainer.fit(
  File "/nas-ctm01/homes/mipaiva/.conda/envs/pipeline/lib/python3.11/site-packages/pytorch_lightning/trainer/trainer.py", line 532, in fit
    call._call_and_handle_interrupt(
  File "/nas-ctm01/homes/mipaiva/.conda/envs/pipeline/lib/python3.11/site-packages/pytorch_lightning/trainer/call.py", line 43, in _call_and_handle_interrupt
    return trainer_fn(*args, **kwargs)
           ^^^^^^^^^^^^^^^^^^^^^^^^^^^
  File "/nas-ctm01/homes/mipaiva/.conda/envs/pipeline/lib/python3.11/site-packages/pytorch_lightning/trainer/trainer.py", line 571, in _fit_impl
    self._run(model, ckpt_path=ckpt_path)
  File "/nas-ctm01/homes/mipaiva/.conda/envs/pipeline/lib/python3.11/site-packages/pytorch_lightning/trainer/trainer.py", line 980, in _run
    results = self._run_stage()
              ^^^^^^^^^^^^^^^^^
  File "/nas-ctm01/homes/mipaiva/.conda/envs/pipeline/lib/python3.11/site-packages/pytorch_lightning/trainer/trainer.py", line 1023, in _run_stage
    self.fit_loop.run()
  File "/nas-ctm01/homes/mipaiva/.conda/envs/pipeline/lib/python3.11/site-packages/pytorch_lightning/loops/fit_loop.py", line 202, in run
    self.advance()
  File "/nas-ctm01/homes/mipaiva/.conda/envs/pipeline/lib/python3.11/site-packages/pytorch_lightning/loops/fit_loop.py", line 355, in advance
    self.epoch_loop.run(self._data_fetcher)
  File "/nas-ctm01/homes/mipaiva/.conda/envs/pipeline/lib/python3.11/site-packages/pytorch_lightning/loops/training_epoch_loop.py", line 133, in run
    self.advance(data_fetcher)
  File "/nas-ctm01/homes/mipaiva/.conda/envs/pipeline/lib/python3.11/site-packages/pytorch_lightning/loops/training_epoch_loop.py", line 219, in advance
    batch_output = self.automatic_optimization.run(trainer.optimizers[0], kwargs)
                   ^^^^^^^^^^^^^^^^^^^^^^^^^^^^^^^^^^^^^^^^^^^^^^^^^^^^^^^^^^^^^^
  File "/nas-ctm01/homes/mipaiva/.conda/envs/pipeline/lib/python3.11/site-packages/pytorch_lightning/loops/optimization/automatic.py", line 188, in run
    self._optimizer_step(kwargs.get("batch_idx", 0), closure)
  File "/nas-ctm01/homes/mipaiva/.conda/envs/pipeline/lib/python3.11/site-packages/pytorch_lightning/loops/optimization/automatic.py", line 266, in _optimizer_step
    call._call_lightning_module_hook(
  File "/nas-ctm01/homes/mipaiva/.conda/envs/pipeline/lib/python3.11/site-packages/pytorch_lightning/trainer/call.py", line 146, in _call_lightning_module_hook
    output = fn(*args, **kwargs)
             ^^^^^^^^^^^^^^^^^^^
  File "/nas-ctm01/homes/mipaiva/.conda/envs/pipeline/lib/python3.11/site-packages/pytorch_lightning/core/module.py", line 1276, in optimizer_step
    optimizer.step(closure=optimizer_closure)
  File "/nas-ctm01/homes/mipaiva/.conda/envs/pipeline/lib/python3.11/site-packages/pytorch_lightning/core/optimizer.py", line 161, in step
    step_output = self._strategy.optimizer_step(self._optimizer, closure, **kwargs)
                  ^^^^^^^^^^^^^^^^^^^^^^^^^^^^^^^^^^^^^^^^^^^^^^^^^^^^^^^^^^^^^^^^^
  File "/nas-ctm01/homes/mipaiva/.conda/envs/pipeline/lib/python3.11/site-packages/pytorch_lightning/strategies/strategy.py", line 231, in optimizer_step
    return self.precision_plugin.optimizer_step(optimizer, model=model, closure=closure, **kwargs)
           ^^^^^^^^^^^^^^^^^^^^^^^^^^^^^^^^^^^^^^^^^^^^^^^^^^^^^^^^^^^^^^^^^^^^^^^^^^^^^^^^^^^^^^^
  File "/nas-ctm01/homes/mipaiva/.conda/envs/pipeline/lib/python3.11/site-packages/pytorch_lightning/plugins/precision/precision_plugin.py", line 116, in optimizer_step
    return optimizer.step(closure=closure, **kwargs)
           ^^^^^^^^^^^^^^^^^^^^^^^^^^^^^^^^^^^^^^^^^
  File "/nas-ctm01/homes/mipaiva/.conda/envs/pipeline/lib/python3.11/site-packages/torch/optim/optimizer.py", line 280, in wrapper
    out = func(*args, **kwargs)
          ^^^^^^^^^^^^^^^^^^^^^
  File "/nas-ctm01/homes/mipaiva/.conda/envs/pipeline/lib/python3.11/site-packages/torch/optim/optimizer.py", line 33, in _use_grad
    ret = func(self, *args, **kwargs)
          ^^^^^^^^^^^^^^^^^^^^^^^^^^^
  File "/nas-ctm01/homes/mipaiva/.conda/envs/pipeline/lib/python3.11/site-packages/torch/optim/adam.py", line 121, in step
    loss = closure()
           ^^^^^^^^^
  File "/nas-ctm01/homes/mipaiva/.conda/envs/pipeline/lib/python3.11/site-packages/pytorch_lightning/plugins/precision/precision_plugin.py", line 103, in _wrap_closure
    closure_result = closure()
                     ^^^^^^^^^
  File "/nas-ctm01/homes/mipaiva/.conda/envs/pipeline/lib/python3.11/site-packages/pytorch_lightning/loops/optimization/automatic.py", line 142, in __call__
    self._result = self.closure(*args, **kwargs)
                   ^^^^^^^^^^^^^^^^^^^^^^^^^^^^^
  File "/nas-ctm01/homes/mipaiva/.conda/envs/pipeline/lib/python3.11/site-packages/torch/utils/_contextlib.py", line 115, in decorate_context
    return func(*args, **kwargs)
           ^^^^^^^^^^^^^^^^^^^^^
  File "/nas-ctm01/homes/mipaiva/.conda/envs/pipeline/lib/python3.11/site-packages/pytorch_lightning/loops/optimization/automatic.py", line 128, in closure
    step_output = self._step_fn()
                  ^^^^^^^^^^^^^^^
  File "/nas-ctm01/homes/mipaiva/.conda/envs/pipeline/lib/python3.11/site-packages/pytorch_lightning/loops/optimization/automatic.py", line 315, in _training_step
    training_step_output = call._call_strategy_hook(trainer, "training_step", *kwargs.values())
                           ^^^^^^^^^^^^^^^^^^^^^^^^^^^^^^^^^^^^^^^^^^^^^^^^^^^^^^^^^^^^^^^^^^^^
  File "/nas-ctm01/homes/mipaiva/.conda/envs/pipeline/lib/python3.11/site-packages/pytorch_lightning/trainer/call.py", line 294, in _call_strategy_hook
    output = fn(*args, **kwargs)
             ^^^^^^^^^^^^^^^^^^^
  File "/nas-ctm01/homes/mipaiva/.conda/envs/pipeline/lib/python3.11/site-packages/pytorch_lightning/strategies/strategy.py", line 380, in training_step
    return self.model.training_step(*args, **kwargs)
           ^^^^^^^^^^^^^^^^^^^^^^^^^^^^^^^^^^^^^^^^^
  File "/nas-ctm01/homes/mipaiva/pipeline_template_pl/src/modules/model/vgg163d/pytorch_lightning_vgg163d_model.py", line 42, in training_step
    model_output = self.model(data['image'].to(self.device))
                   ^^^^^^^^^^^^^^^^^^^^^^^^^^^^^^^^^^^^^^^^^
  File "/nas-ctm01/homes/mipaiva/.conda/envs/pipeline/lib/python3.11/site-packages/torch/nn/modules/module.py", line 1501, in _call_impl
    return forward_call(*args, **kwargs)
           ^^^^^^^^^^^^^^^^^^^^^^^^^^^^^
  File "/nas-ctm01/homes/mipaiva/pipeline_template_pl/src/modules/model/vgg163d/vgg16_model.py", line 49, in forward
    x = self.features(x)           # (B, 512, D/32, H/32, W/32)
        ^^^^^^^^^^^^^^^^
  File "/nas-ctm01/homes/mipaiva/.conda/envs/pipeline/lib/python3.11/site-packages/torch/nn/modules/module.py", line 1501, in _call_impl
    return forward_call(*args, **kwargs)
           ^^^^^^^^^^^^^^^^^^^^^^^^^^^^^
  File "/nas-ctm01/homes/mipaiva/.conda/envs/pipeline/lib/python3.11/site-packages/torch/nn/modules/container.py", line 217, in forward
    input = module(input)
            ^^^^^^^^^^^^^
  File "/nas-ctm01/homes/mipaiva/.conda/envs/pipeline/lib/python3.11/site-packages/torch/nn/modules/module.py", line 1501, in _call_impl
    return forward_call(*args, **kwargs)
           ^^^^^^^^^^^^^^^^^^^^^^^^^^^^^
  File "/nas-ctm01/homes/mipaiva/.conda/envs/pipeline/lib/python3.11/site-packages/torch/nn/modules/container.py", line 217, in forward
    input = module(input)
            ^^^^^^^^^^^^^
  File "/nas-ctm01/homes/mipaiva/.conda/envs/pipeline/lib/python3.11/site-packages/torch/nn/modules/module.py", line 1501, in _call_impl
    return forward_call(*args, **kwargs)
           ^^^^^^^^^^^^^^^^^^^^^^^^^^^^^
  File "/nas-ctm01/homes/mipaiva/.conda/envs/pipeline/lib/python3.11/site-packages/torch/nn/modules/conv.py", line 613, in forward
    return self._conv_forward(input, self.weight, self.bias)
           ^^^^^^^^^^^^^^^^^^^^^^^^^^^^^^^^^^^^^^^^^^^^^^^^^
  File "/nas-ctm01/homes/mipaiva/.conda/envs/pipeline/lib/python3.11/site-packages/torch/nn/modules/conv.py", line 608, in _conv_forward
    return F.conv3d(
           ^^^^^^^^^
torch.cuda.OutOfMemoryError: CUDA out of memory. Tried to allocate 8.00 GiB (GPU 0; 79.25 GiB total capacity; 78.25 GiB already allocated; 478.94 MiB free; 78.25 GiB reserved in total by PyTorch) If reserved memory is >> allocated memory try setting max_split_size_mb to avoid fragmentation.  See documentation for Memory Management and PYTORCH_CUDA_ALLOC_CONF

Set the environment variable HYDRA_FULL_ERROR=1 for a complete stack trace.

**************************************************  Experiment 104 | Version 1 **************************************************
Label column '5y' found in metadata. Available columns: ['pid', 'study_yr', 'path', 'sct_slice_num_og', 'stage', '1y', '2y', '5y', '10y', 'fup_days', 'sct_nod_err']

Running model pipeline for data fold 1...
Label column '5y' found in metadata. Available columns: ['pid', 'study_yr', 'path', 'sct_slice_num_og', 'stage', '1y', '2y', '5y', '10y', 'fup_days', 'sct_nod_err']
...model pipeline for data fold 1 has run!
Saving execution datetimes to /nas-ctm01/homes/mipaiva/pipeline_template_pl/experiment_results/experiment_104/version_1/execution_datetimes.json

**************************************************  Experiment 104 | Version 2 **************************************************
Label column '5y' found in metadata. Available columns: ['pid', 'study_yr', 'path', 'sct_slice_num_og', 'stage', '1y', '2y', '5y', '10y', 'fup_days', 'sct_nod_err']

Running model pipeline for data fold 1...
Label column '5y' found in metadata. Available columns: ['pid', 'study_yr', 'path', 'sct_slice_num_og', 'stage', '1y', '2y', '5y', '10y', 'fup_days', 'sct_nod_err']
...model pipeline for data fold 1 has run!
Saving execution datetimes to /nas-ctm01/homes/mipaiva/pipeline_template_pl/experiment_results/experiment_104/version_2/execution_datetimes.json

**************************************************  Experiment 104 | Version 3 **************************************************
Label column '5y' found in metadata. Available columns: ['pid', 'study_yr', 'path', 'sct_slice_num_og', 'stage', '1y', '2y', '5y', '10y', 'fup_days', 'sct_nod_err']

Running model pipeline for data fold 1...
Label column '5y' found in metadata. Available columns: ['pid', 'study_yr', 'path', 'sct_slice_num_og', 'stage', '1y', '2y', '5y', '10y', 'fup_days', 'sct_nod_err']
[1;34mwandb[0m: 
[1;34mwandb[0m: ðŸš€ View run [33mvgg16_3d_104_3_fold1[0m at: [34mhttps://wandb.ai/maria-i-paiva-inesc-tec/comparative_study_3d_norm/runs/vi7vflu3[0m
[1;34mwandb[0m: Find logs at: [1;35m../../experiment_results/experiment_104/version_3/wandb/run-20250519_165233-vi7vflu3/logs[0m
srun: error: 01.ctm-deep-09: task 0: Exited with exit code 1
Finish time: 2025-05-19 16:53:03
