Initialization time: 2025-05-28 11:49:46
wandb: Currently logged in as: maria-i-paiva (maria-i-paiva-inesc-tec) to https://api.wandb.ai. Use `wandb login --relogin` to force relogin
wandb: WARNING Using a boolean value for 'reinit' is deprecated. Use 'return_previous' or 'finish_previous' instead.
wandb: Tracking run with wandb version 0.19.11
wandb: Run data is saved locally in /nas-ctm01/homes/mipaiva/pipeline_template_pl/experiment_results/experiment_123/version_1/wandb/run-20250528_115046-qkfzxjmc
wandb: Run `wandb offline` to turn off syncing.
wandb: Syncing run resnet50_25d_norm_123_1_fold1
wandb: â­ï¸ View project at https://wandb.ai/maria-i-paiva-inesc-tec/comparative_study_25_norm_resize_fix_auc
wandb: ðŸš€ View run at https://wandb.ai/maria-i-paiva-inesc-tec/comparative_study_25_norm_resize_fix_auc/runs/qkfzxjmc

**************************************************  Experiment 123 | Version 1 **************************************************
Label column '5y' found in metadata. Available columns: ['pid', 'study_yr', 'path', 'sct_slice_num_og', 'stage', '1y', '2y', '5y', '10y', 'fup_days', 'sct_nod_err']
[INFO] Train dataloader 0 label distribution: 0: 213, 1: 70
[INFO] Validation dataloader 0 label distribution: 0: 24, 1: 8
[INFO] Test dataloader 0 label distribution: 0: 59, 1: 20

Running model pipeline for data fold 1...
Label column '5y' found in metadata. Available columns: ['pid', 'study_yr', 'path', 'sct_slice_num_og', 'stage', '1y', '2y', '5y', '10y', 'fup_days', 'sct_nod_err']
wandb:                                                                                
wandb: 
wandb: Run history:
wandb:          test_accuracy â–‡â–ˆâ–ˆâ–ˆâ–ˆâ–ˆâ–ˆâ–â–â–ˆâ–â–â–ˆâ–ˆâ–â–â–ˆâ–â–ˆâ–ˆâ–ˆâ–ˆâ–ˆâ–ˆâ–ˆâ–ˆâ–ˆâ–ˆâ–ˆâ–ˆâ–ˆâ–ˆâ–ˆâ–ˆâ–ˆâ–ˆâ–ˆâ–ˆâ–ˆâ–ˆ
wandb:             test_auroc â–‚â–ƒâ–ƒâ–â–â–…â–‚â–ƒâ–ƒâ–ƒâ–„â–…â–„â–†â–…â–…â–‚â–„â–ƒâ–ƒâ–„â–‚â–ƒâ–„â–…â–ƒâ–„â–…â–ˆâ–ˆâ–„â–„â–„â–„â–„â–„â–„â–„â–„â–‚
wandb: test_balanced_accuracy â–â–ˆâ–ˆâ–ˆâ–ˆâ–ˆâ–ˆâ–ˆâ–ˆâ–ˆâ–ˆâ–ˆâ–ˆâ–ˆâ–ˆâ–ˆâ–ˆâ–ˆâ–ˆâ–ˆâ–ˆâ–ˆâ–ˆâ–ˆâ–ˆâ–ˆâ–ˆâ–ˆâ–ˆâ–ˆâ–ˆâ–ˆâ–ˆâ–ˆâ–ˆâ–ˆâ–ˆâ–ˆâ–ˆâ–ˆ
wandb:         test_precision â–‡â–ˆâ–ˆâ–ˆâ–ˆâ–ˆâ–â–â–ˆâ–ˆâ–â–ˆâ–ˆâ–ˆâ–â–â–ˆâ–ˆâ–ˆâ–ˆâ–ˆâ–ˆâ–ˆâ–ˆâ–ˆâ–ˆâ–ˆâ–â–ˆâ–ˆâ–ˆâ–â–ˆâ–ˆâ–ˆâ–ˆâ–ˆâ–ˆâ–ˆâ–ˆ
wandb:            test_recall â–‡â–ˆâ–ˆâ–ˆâ–ˆâ–ˆâ–â–ˆâ–â–â–ˆâ–ˆâ–ˆâ–â–ˆâ–â–ˆâ–ˆâ–â–ˆâ–ˆâ–ˆâ–ˆâ–ˆâ–ˆâ–ˆâ–ˆâ–ˆâ–ˆâ–ˆâ–ˆâ–ˆâ–ˆâ–ˆâ–ˆâ–ˆâ–ˆâ–ˆâ–ˆâ–ˆ
wandb:            train_auroc â–†â–‡â–ˆâ–„â–†â–‡â–„â–ˆâ–†â–ƒâ–…â–„â–ƒâ–„â–…â–…â–†â–…â–„â–‡â–„â–…â–‚â–‚â–…â–…â–…â–…â–‚â–„â–†â–ƒâ–„â–ƒâ–…â–ƒâ–â–†â–…â–„
wandb:             train_loss â–ˆâ–‡â–‚â–â–â–â–â–â–â–â–â–â–â–â–â–â–â–â–â–â–â–â–â–â–â–â–â–â–â–â–â–â–â–â–â–â–â–â–â–
wandb:           val_accuracy â–†â–ˆâ–ˆâ–ˆâ–â–â–â–ˆâ–â–â–ˆâ–â–ˆâ–ˆâ–â–ˆâ–â–ˆâ–â–ˆâ–ˆâ–ˆâ–ˆâ–ˆâ–ˆâ–ˆâ–ˆâ–ˆâ–ˆâ–ˆâ–ˆâ–ˆâ–ˆâ–â–ˆâ–ˆâ–ˆâ–ˆâ–ˆâ–ˆ
wandb:              val_auroc â–ƒâ–‡â–„â–‡â–†â–‡â–†â–‡â–‡â–ƒâ–â–‡â–ˆâ–ˆâ–ˆâ–†â–…â–‡â–…â–†â–„â–†â–…â–…â–†â–†â–…â–‡â–…â–ˆâ–†â–†â–†â–†â–†â–†â–†â–†â–†â–†
wandb:  val_balanced_accuracy â–â–ˆâ–ˆâ–ˆâ–ˆâ–ˆâ–ˆâ–ˆâ–ˆâ–ˆâ–ˆâ–ˆâ–ˆâ–ˆâ–ˆâ–ˆâ–ˆâ–ˆâ–ˆâ–ˆâ–ˆâ–ˆâ–ˆâ–ˆâ–ˆâ–ˆâ–ˆâ–ˆâ–ˆâ–ˆâ–ˆâ–ˆâ–ˆâ–ˆâ–ˆâ–ˆâ–ˆâ–ˆâ–ˆâ–ˆ
wandb:               val_loss â–â–ƒâ–ˆâ–â–‚â–‚â–â–„â–ƒâ–â–â–â–â–‚â–â–‚â–â–‚â–‚â–‚â–â–â–â–‚â–â–â–â–â–‚â–â–â–â–â–â–â–â–â–â–â–
wandb:          val_precision â–ˆâ–ˆâ–ˆâ–ˆâ–ˆâ–â–â–ˆâ–â–â–ˆâ–ˆâ–â–ˆâ–ˆâ–ˆâ–â–ˆâ–ˆâ–ˆâ–ˆâ–ˆâ–ˆâ–ˆâ–ˆâ–ˆâ–ˆâ–ˆâ–ˆâ–â–ˆâ–ˆâ–ˆâ–ˆâ–â–ˆâ–ˆâ–ˆâ–ˆâ–ˆ
wandb:             val_recall â–†â–ˆâ–ˆâ–ˆâ–ˆâ–ˆâ–â–ˆâ–â–ˆâ–â–ˆâ–ˆâ–ˆâ–â–ˆâ–â–ˆâ–ˆâ–â–ˆâ–ˆâ–ˆâ–ˆâ–ˆâ–ˆâ–ˆâ–ˆâ–ˆâ–ˆâ–ˆâ–â–ˆâ–ˆâ–ˆâ–ˆâ–ˆâ–ˆâ–ˆâ–ˆ
wandb: 
wandb: Run summary:
wandb:          test_accuracy 0.74684
wandb:             test_auroc 0.50487
wandb: test_balanced_accuracy 0.5
wandb:         test_precision 0.74684
wandb:            test_recall 0.74684
wandb:            train_auroc 0.44594
wandb:             train_loss 0.69408
wandb:           val_accuracy 0.75
wandb:              val_auroc 0.55729
wandb:  val_balanced_accuracy 0.5
wandb:               val_loss 0.69325
wandb:          val_precision 0.75
wandb:             val_recall 0.75
wandb: 
wandb: ðŸš€ View run resnet50_25d_norm_123_1_fold1 at: https://wandb.ai/maria-i-paiva-inesc-tec/comparative_study_25_norm_resize_fix_auc/runs/qkfzxjmc
wandb: â­ï¸ View project at: https://wandb.ai/maria-i-paiva-inesc-tec/comparative_study_25_norm_resize_fix_auc
wandb: Synced 5 W&B file(s), 0 media file(s), 0 artifact file(s) and 0 other file(s)
wandb: Find logs at: /nas-ctm01/homes/mipaiva/pipeline_template_pl/experiment_results/experiment_123/version_1/wandb/run-20250528_115046-qkfzxjmc/logs
wandb: Tracking run with wandb version 0.19.11
wandb: Run data is saved locally in /nas-ctm01/homes/mipaiva/pipeline_template_pl/experiment_results/experiment_123/version_2/wandb/run-20250528_115837-y47stci3
wandb: Run `wandb offline` to turn off syncing.
wandb: Syncing run resnet50_25d_norm_123_2_fold1
wandb: â­ï¸ View project at https://wandb.ai/maria-i-paiva-inesc-tec/comparative_study_25_norm_resize_fix_auc
wandb: ðŸš€ View run at https://wandb.ai/maria-i-paiva-inesc-tec/comparative_study_25_norm_resize_fix_auc/runs/y47stci3
...model pipeline for data fold 1 has run!
Saving execution datetimes to /nas-ctm01/homes/mipaiva/pipeline_template_pl/experiment_results/experiment_123/version_1/execution_datetimes.json

**************************************************  Experiment 123 | Version 2 **************************************************
Label column '5y' found in metadata. Available columns: ['pid', 'study_yr', 'path', 'sct_slice_num_og', 'stage', '1y', '2y', '5y', '10y', 'fup_days', 'sct_nod_err']
[INFO] Train dataloader 0 label distribution: 0: 213, 1: 70
[INFO] Validation dataloader 0 label distribution: 0: 24, 1: 8
[INFO] Test dataloader 0 label distribution: 0: 59, 1: 20

Running model pipeline for data fold 1...
Label column '5y' found in metadata. Available columns: ['pid', 'study_yr', 'path', 'sct_slice_num_og', 'stage', '1y', '2y', '5y', '10y', 'fup_days', 'sct_nod_err']
wandb:                                                                                
wandb: 
wandb: Run history:
wandb:          test_accuracy â–ˆâ–ˆâ–â–ˆâ–ˆâ–â–â–ˆâ–â–â–â–ˆâ–â–ˆâ–â–â–ˆâ–â–ˆâ–â–â–â–â–ˆâ–â–â–ˆâ–â–ˆâ–ˆâ–ˆâ–â–ˆâ–ˆâ–ƒâ–â–ˆâ–â–ˆâ–ˆ
wandb:             test_auroc â–â–‚â–…â–„â–…â–†â–†â–†â–‡â–†â–†â–…â–†â–†â–†â–†â–†â–†â–†â–…â–ˆâ–…â–†â–ˆâ–†â–…â–†â–ˆâ–†â–†â–†â–†â–†â–†â–†â–†â–†â–†â–†â–…
wandb: test_balanced_accuracy â–â–â–â–â–â–â–â–â–â–â–â–â–â–â–â–â–â–â–â–â–â–â–â–â–â–â–â–â–â–â–â–â–ˆâ–ˆâ–â–â–â–â–â–
wandb:         test_precision â–ˆâ–ˆâ–â–â–ˆâ–â–â–ˆâ–â–â–â–â–ˆâ–â–ˆâ–ˆâ–â–â–ˆâ–ˆâ–â–â–ˆâ–ˆâ–ˆâ–â–ˆâ–ˆâ–ˆâ–ˆâ–ƒâ–â–â–ˆâ–â–ˆâ–ˆâ–ˆâ–â–ˆ
wandb:            test_recall â–ˆâ–ˆâ–â–ˆâ–â–ˆâ–â–â–ˆâ–â–ˆâ–â–â–ˆâ–â–â–â–ˆâ–â–ˆâ–â–â–ˆâ–ˆâ–â–ˆâ–ˆâ–â–ˆâ–â–ˆâ–â–ˆâ–â–â–â–ˆâ–ˆâ–ˆâ–ˆ
wandb:            train_auroc â–â–„â–†â–…â–„â–‡â–„â–‡â–‚â–†â–‚â–„â–…â–‚â–†â–†â–…â–†â–…â–ˆâ–†â–…â–ƒâ–…â–â–…â–…â–†â–„â–„â–‡â–„â–ƒâ–„â–‡â–…â–…â–„â–†â–…
wandb:             train_loss â–â–ˆâ–â–â–â–â–â–â–â–â–â–â–â–â–â–â–â–â–â–â–â–â–â–â–â–â–â–â–â–â–â–â–â–â–â–â–â–â–â–
wandb:           val_accuracy â–ˆâ–ˆâ–ˆâ–â–â–ˆâ–â–ˆâ–â–ˆâ–ˆâ–â–â–â–ˆâ–â–ˆâ–â–ˆâ–â–â–â–ˆâ–â–â–ˆâ–ˆâ–â–â–ˆâ–â–ˆâ–ˆâ–â–â–ˆâ–ˆâ–ˆâ–ˆâ–ˆ
wandb:              val_auroc â–â–â–â–„â–†â–ƒâ–†â–„â–ƒâ–ˆâ–†â–†â–†â–‡â–‡â–‡â–ˆâ–‡â–‡â–†â–†â–ƒâ–†â–†â–„â–…â–…â–†â–…â–…â–…â–…â–…â–†â–†â–‡â–‡â–†â–†â–‡
wandb:  val_balanced_accuracy â–†â–†â–†â–†â–†â–†â–†â–†â–†â–†â–†â–†â–†â–†â–†â–†â–†â–†â–†â–†â–†â–†â–†â–†â–†â–†â–†â–†â–†â–†â–†â–†â–†â–ˆâ–â–†â–†â–†â–†â–†
wandb:               val_loss â–ˆâ–ƒâ–â–â–â–â–â–â–‚â–‚â–â–â–â–â–â–â–â–â–â–â–â–â–â–‚â–‚â–â–â–â–â–â–â–â–â–â–â–â–â–â–â–
wandb:          val_precision â–ˆâ–â–ˆâ–â–ˆâ–â–â–ˆâ–ˆâ–â–â–ˆâ–â–ˆâ–â–â–ˆâ–ˆâ–â–â–ˆâ–ˆâ–â–â–ˆâ–ˆâ–ˆâ–ˆâ–ˆâ–â–ˆâ–ƒâ–â–â–ˆâ–ˆâ–ˆâ–ˆâ–ˆâ–ˆ
wandb:             val_recall â–ˆâ–â–â–â–â–â–ˆâ–â–ˆâ–â–ˆâ–â–ˆâ–â–â–â–ˆâ–â–ˆâ–ˆâ–â–â–ˆâ–ˆâ–â–â–ˆâ–â–ˆâ–ˆâ–ˆâ–ˆâ–â–â–ˆâ–ˆâ–ˆâ–ˆâ–ˆâ–ˆ
wandb: 
wandb: Run summary:
wandb:          test_accuracy 0.74684
wandb:             test_auroc 0.52542
wandb: test_balanced_accuracy 0.5
wandb:         test_precision 0.74684
wandb:            test_recall 0.74684
wandb:            train_auroc 0.49061
wandb:             train_loss 0.69669
wandb:           val_accuracy 0.75
wandb:              val_auroc 0.63542
wandb:  val_balanced_accuracy 0.5
wandb:               val_loss 0.69644
wandb:          val_precision 0.75
wandb:             val_recall 0.75
wandb: 
wandb: ðŸš€ View run resnet50_25d_norm_123_2_fold1 at: https://wandb.ai/maria-i-paiva-inesc-tec/comparative_study_25_norm_resize_fix_auc/runs/y47stci3
wandb: â­ï¸ View project at: https://wandb.ai/maria-i-paiva-inesc-tec/comparative_study_25_norm_resize_fix_auc
wandb: Synced 5 W&B file(s), 0 media file(s), 0 artifact file(s) and 0 other file(s)
wandb: Find logs at: /nas-ctm01/homes/mipaiva/pipeline_template_pl/experiment_results/experiment_123/version_2/wandb/run-20250528_115837-y47stci3/logs
wandb: Tracking run with wandb version 0.19.11
wandb: Run data is saved locally in /nas-ctm01/homes/mipaiva/pipeline_template_pl/experiment_results/experiment_123/version_3/wandb/run-20250528_120728-0z7uriz2
wandb: Run `wandb offline` to turn off syncing.
wandb: Syncing run resnet50_25d_norm_123_3_fold1
wandb: â­ï¸ View project at https://wandb.ai/maria-i-paiva-inesc-tec/comparative_study_25_norm_resize_fix_auc
wandb: ðŸš€ View run at https://wandb.ai/maria-i-paiva-inesc-tec/comparative_study_25_norm_resize_fix_auc/runs/0z7uriz2
...model pipeline for data fold 1 has run!
Saving execution datetimes to /nas-ctm01/homes/mipaiva/pipeline_template_pl/experiment_results/experiment_123/version_2/execution_datetimes.json

**************************************************  Experiment 123 | Version 3 **************************************************
Label column '5y' found in metadata. Available columns: ['pid', 'study_yr', 'path', 'sct_slice_num_og', 'stage', '1y', '2y', '5y', '10y', 'fup_days', 'sct_nod_err']
[INFO] Train dataloader 0 label distribution: 0: 213, 1: 70
[INFO] Validation dataloader 0 label distribution: 0: 24, 1: 8
[INFO] Test dataloader 0 label distribution: 0: 59, 1: 20

Running model pipeline for data fold 1...
Label column '5y' found in metadata. Available columns: ['pid', 'study_yr', 'path', 'sct_slice_num_og', 'stage', '1y', '2y', '5y', '10y', 'fup_days', 'sct_nod_err']
wandb:                                                                                
wandb: 
wandb: Run history:
wandb:          test_accuracy â–ˆâ–ˆâ–ˆâ–â–â–â–ˆâ–ˆâ–â–â–â–ˆâ–â–ˆâ–ˆâ–ˆâ–‡â–ˆâ–â–ˆâ–ˆâ–â–ˆâ–ˆâ–â–ˆâ–ˆâ–ˆâ–â–‚â–ˆâ–ƒâ–ˆâ–â–â–ˆâ–‚â–ˆâ–ˆâ–ˆ
wandb:             test_auroc â–ƒâ–ˆâ–…â–ƒâ–â–†â–…â–„â–ƒâ–ƒâ–ˆâ–‡â–…â–…â–…â–„â–ˆâ–‡â–„â–‡â–‡â–‡â–†â–…â–‡â–…â–…â–ƒâ–„â–…â–…â–…â–…â–…â–…â–…â–…â–†â–†â–†
wandb: test_balanced_accuracy â–‚â–‚â–‚â–‚â–‚â–‚â–‚â–‚â–‚â–‚â–‚â–‚â–‚â–‚â–‚â–‚â–‚â–â–‚â–‚â–‚â–‚â–‚â–‚â–‚â–‚â–‚â–‚â–‚â–‚â–ˆâ–‚â–‚â–‚â–‚â–‚â–‚â–‡â–‚â–‚
wandb:         test_precision â–ˆâ–ˆâ–ˆâ–â–ˆâ–â–ˆâ–ˆâ–â–â–ˆâ–ˆâ–â–ˆâ–â–‡â–â–ˆâ–â–ˆâ–ˆâ–ˆâ–â–â–ˆâ–ˆâ–ˆâ–ˆâ–ˆâ–ˆâ–ˆâ–‚â–ƒâ–ˆâ–â–â–ˆâ–ˆâ–ˆâ–ˆ
wandb:            test_recall â–ˆâ–ˆâ–ˆâ–â–ˆâ–ˆâ–â–â–ˆâ–ˆâ–â–â–â–ˆâ–ˆâ–ˆâ–‡â–â–ˆâ–â–â–ˆâ–ˆâ–â–â–ˆâ–â–ˆâ–ˆâ–ˆâ–ˆâ–‚â–ˆâ–ƒâ–ˆâ–â–ˆâ–ˆâ–‚â–ˆ
wandb:            train_auroc â–„â–ƒâ–†â–ƒâ–„â–†â–‡â–„â–„â–†â–„â–…â–…â–„â–„â–…â–…â–„â–ˆâ–ƒâ–‡â–‚â–â–‡â–ƒâ–„â–„â–…â–ƒâ–‚â–‚â–„â–‚â–‡â–ƒâ–‡â–†â–†â–ƒâ–…
wandb:             train_loss â–ˆâ–â–â–â–â–â–â–â–â–â–â–â–â–â–â–â–â–â–â–â–â–â–â–â–â–â–â–â–â–â–â–â–â–â–â–â–â–â–â–
wandb:           val_accuracy â–ˆâ–ˆâ–ˆâ–ˆâ–â–â–ˆâ–ˆâ–â–â–â–ˆâ–ˆâ–â–ˆâ–â–ˆâ–‡â–â–ˆâ–ˆâ–ˆâ–â–ˆâ–ˆâ–ˆâ–ˆâ–ˆâ–ˆâ–ˆâ–â–ˆâ–ˆâ–â–â–ˆâ–ˆâ–‚â–ˆâ–ˆ
wandb:              val_auroc â–„â–ƒâ–†â–â–ƒâ–†â–†â–…â–†â–‡â–‡â–†â–†â–‡â–†â–‡â–‡â–‡â–ˆâ–ƒâ–‡â–‡â–†â–…â–…â–„â–„â–„â–„â–„â–†â–†â–†â–†â–†â–…â–†â–†â–†â–†
wandb:  val_balanced_accuracy â–…â–…â–…â–…â–…â–…â–…â–…â–…â–…â–…â–…â–…â–…â–…â–…â–…â–…â–…â–…â–…â–…â–…â–…â–…â–…â–…â–…â–…â–…â–…â–…â–ˆâ–…â–â–…â–…â–…â–„â–…
wandb:               val_loss â–‡â–ƒâ–ˆâ–â–â–â–â–â–â–â–â–â–â–â–â–â–â–â–â–â–‚â–â–â–â–â–â–â–â–â–â–â–â–â–â–â–â–â–â–â–
wandb:          val_precision â–ˆâ–ˆâ–ˆâ–â–ˆâ–ˆâ–â–ˆâ–ˆâ–â–ˆâ–â–â–ˆâ–ˆâ–ˆâ–ˆâ–ˆâ–â–ˆâ–ˆâ–ˆâ–ˆâ–ˆâ–â–ˆâ–â–ˆâ–ˆâ–ˆâ–ˆâ–â–ˆâ–ƒâ–ˆâ–â–ˆâ–â–ˆâ–ˆ
wandb:             val_recall â–ˆâ–ˆâ–ˆâ–ˆâ–ˆâ–ˆâ–â–â–ˆâ–ˆâ–â–â–â–ˆâ–ˆâ–ˆâ–ˆâ–â–ˆâ–‡â–ˆâ–â–ˆâ–ˆâ–â–ˆâ–â–ˆâ–ˆâ–â–ˆâ–â–â–ˆâ–ƒâ–â–â–ˆâ–â–ˆ
wandb: 
wandb: Run summary:
wandb:          test_accuracy 0.74684
wandb:             test_auroc 0.53983
wandb: test_balanced_accuracy 0.5
wandb:         test_precision 0.74684
wandb:            test_recall 0.74684
wandb:            train_auroc 0.51093
wandb:             train_loss 0.69441
wandb:           val_accuracy 0.75
wandb:              val_auroc 0.59896
wandb:  val_balanced_accuracy 0.5
wandb:               val_loss 0.69458
wandb:          val_precision 0.75
wandb:             val_recall 0.75
wandb: 
wandb: ðŸš€ View run resnet50_25d_norm_123_3_fold1 at: https://wandb.ai/maria-i-paiva-inesc-tec/comparative_study_25_norm_resize_fix_auc/runs/0z7uriz2
wandb: â­ï¸ View project at: https://wandb.ai/maria-i-paiva-inesc-tec/comparative_study_25_norm_resize_fix_auc
wandb: Synced 5 W&B file(s), 0 media file(s), 0 artifact file(s) and 0 other file(s)
wandb: Find logs at: /nas-ctm01/homes/mipaiva/pipeline_template_pl/experiment_results/experiment_123/version_3/wandb/run-20250528_120728-0z7uriz2/logs
wandb: Tracking run with wandb version 0.19.11
wandb: Run data is saved locally in /nas-ctm01/homes/mipaiva/pipeline_template_pl/experiment_results/experiment_123/version_4/wandb/run-20250528_121642-pwgam282
wandb: Run `wandb offline` to turn off syncing.
wandb: Syncing run resnet50_25d_norm_123_4_fold1
wandb: â­ï¸ View project at https://wandb.ai/maria-i-paiva-inesc-tec/comparative_study_25_norm_resize_fix_auc
wandb: ðŸš€ View run at https://wandb.ai/maria-i-paiva-inesc-tec/comparative_study_25_norm_resize_fix_auc/runs/pwgam282
...model pipeline for data fold 1 has run!
Saving execution datetimes to /nas-ctm01/homes/mipaiva/pipeline_template_pl/experiment_results/experiment_123/version_3/execution_datetimes.json

**************************************************  Experiment 123 | Version 4 **************************************************
Label column '5y' found in metadata. Available columns: ['pid', 'study_yr', 'path', 'sct_slice_num_og', 'stage', '1y', '2y', '5y', '10y', 'fup_days', 'sct_nod_err']
[INFO] Train dataloader 0 label distribution: 0: 213, 1: 70
[INFO] Validation dataloader 0 label distribution: 0: 24, 1: 8
[INFO] Test dataloader 0 label distribution: 0: 59, 1: 20

Running model pipeline for data fold 1...
Label column '5y' found in metadata. Available columns: ['pid', 'study_yr', 'path', 'sct_slice_num_og', 'stage', '1y', '2y', '5y', '10y', 'fup_days', 'sct_nod_err']
Error executing job with overrides: []
Traceback (most recent call last):
  File "/nas-ctm01/homes/mipaiva/pipeline_template_pl/slurm_files/shell_script_files/../../src/scripts/run_experiment_pipeline.py", line 54, in run_hyperparameter_grid_based_execution_pipeline
    run_experiment_pipeline(config)
  File "/nas-ctm01/homes/mipaiva/pipeline_template_pl/slurm_files/shell_script_files/../../src/scripts/run_experiment_pipeline.py", line 165, in run_experiment_pipeline
    model_pipeline.train_model()
  File "/nas-ctm01/homes/mipaiva/pipeline_template_pl/src/modules/model/model_pipeline.py", line 68, in train_model
    self.pytorch_lightning_trainer.fit(
  File "/nas-ctm01/homes/mipaiva/.conda/envs/pipeline/lib/python3.11/site-packages/pytorch_lightning/trainer/trainer.py", line 532, in fit
    call._call_and_handle_interrupt(
  File "/nas-ctm01/homes/mipaiva/.conda/envs/pipeline/lib/python3.11/site-packages/pytorch_lightning/trainer/call.py", line 43, in _call_and_handle_interrupt
    return trainer_fn(*args, **kwargs)
           ^^^^^^^^^^^^^^^^^^^^^^^^^^^
  File "/nas-ctm01/homes/mipaiva/.conda/envs/pipeline/lib/python3.11/site-packages/pytorch_lightning/trainer/trainer.py", line 571, in _fit_impl
    self._run(model, ckpt_path=ckpt_path)
  File "/nas-ctm01/homes/mipaiva/.conda/envs/pipeline/lib/python3.11/site-packages/pytorch_lightning/trainer/trainer.py", line 980, in _run
    results = self._run_stage()
              ^^^^^^^^^^^^^^^^^
  File "/nas-ctm01/homes/mipaiva/.conda/envs/pipeline/lib/python3.11/site-packages/pytorch_lightning/trainer/trainer.py", line 1023, in _run_stage
    self.fit_loop.run()
  File "/nas-ctm01/homes/mipaiva/.conda/envs/pipeline/lib/python3.11/site-packages/pytorch_lightning/loops/fit_loop.py", line 202, in run
    self.advance()
  File "/nas-ctm01/homes/mipaiva/.conda/envs/pipeline/lib/python3.11/site-packages/pytorch_lightning/loops/fit_loop.py", line 355, in advance
    self.epoch_loop.run(self._data_fetcher)
  File "/nas-ctm01/homes/mipaiva/.conda/envs/pipeline/lib/python3.11/site-packages/pytorch_lightning/loops/training_epoch_loop.py", line 133, in run
    self.advance(data_fetcher)
  File "/nas-ctm01/homes/mipaiva/.conda/envs/pipeline/lib/python3.11/site-packages/pytorch_lightning/loops/training_epoch_loop.py", line 219, in advance
    batch_output = self.automatic_optimization.run(trainer.optimizers[0], kwargs)
                   ^^^^^^^^^^^^^^^^^^^^^^^^^^^^^^^^^^^^^^^^^^^^^^^^^^^^^^^^^^^^^^
  File "/nas-ctm01/homes/mipaiva/.conda/envs/pipeline/lib/python3.11/site-packages/pytorch_lightning/loops/optimization/automatic.py", line 188, in run
    self._optimizer_step(kwargs.get("batch_idx", 0), closure)
  File "/nas-ctm01/homes/mipaiva/.conda/envs/pipeline/lib/python3.11/site-packages/pytorch_lightning/loops/optimization/automatic.py", line 266, in _optimizer_step
    call._call_lightning_module_hook(
  File "/nas-ctm01/homes/mipaiva/.conda/envs/pipeline/lib/python3.11/site-packages/pytorch_lightning/trainer/call.py", line 146, in _call_lightning_module_hook
    output = fn(*args, **kwargs)
             ^^^^^^^^^^^^^^^^^^^
  File "/nas-ctm01/homes/mipaiva/.conda/envs/pipeline/lib/python3.11/site-packages/pytorch_lightning/core/module.py", line 1276, in optimizer_step
    optimizer.step(closure=optimizer_closure)
  File "/nas-ctm01/homes/mipaiva/.conda/envs/pipeline/lib/python3.11/site-packages/pytorch_lightning/core/optimizer.py", line 161, in step
    step_output = self._strategy.optimizer_step(self._optimizer, closure, **kwargs)
                  ^^^^^^^^^^^^^^^^^^^^^^^^^^^^^^^^^^^^^^^^^^^^^^^^^^^^^^^^^^^^^^^^^
  File "/nas-ctm01/homes/mipaiva/.conda/envs/pipeline/lib/python3.11/site-packages/pytorch_lightning/strategies/strategy.py", line 231, in optimizer_step
    return self.precision_plugin.optimizer_step(optimizer, model=model, closure=closure, **kwargs)
           ^^^^^^^^^^^^^^^^^^^^^^^^^^^^^^^^^^^^^^^^^^^^^^^^^^^^^^^^^^^^^^^^^^^^^^^^^^^^^^^^^^^^^^^
  File "/nas-ctm01/homes/mipaiva/.conda/envs/pipeline/lib/python3.11/site-packages/pytorch_lightning/plugins/precision/precision_plugin.py", line 116, in optimizer_step
    return optimizer.step(closure=closure, **kwargs)
           ^^^^^^^^^^^^^^^^^^^^^^^^^^^^^^^^^^^^^^^^^
  File "/nas-ctm01/homes/mipaiva/.conda/envs/pipeline/lib/python3.11/site-packages/torch/optim/optimizer.py", line 280, in wrapper
    out = func(*args, **kwargs)
          ^^^^^^^^^^^^^^^^^^^^^
  File "/nas-ctm01/homes/mipaiva/.conda/envs/pipeline/lib/python3.11/site-packages/torch/optim/optimizer.py", line 33, in _use_grad
    ret = func(self, *args, **kwargs)
          ^^^^^^^^^^^^^^^^^^^^^^^^^^^
  File "/nas-ctm01/homes/mipaiva/.conda/envs/pipeline/lib/python3.11/site-packages/torch/optim/adam.py", line 121, in step
    loss = closure()
           ^^^^^^^^^
  File "/nas-ctm01/homes/mipaiva/.conda/envs/pipeline/lib/python3.11/site-packages/pytorch_lightning/plugins/precision/precision_plugin.py", line 103, in _wrap_closure
    closure_result = closure()
                     ^^^^^^^^^
  File "/nas-ctm01/homes/mipaiva/.conda/envs/pipeline/lib/python3.11/site-packages/pytorch_lightning/loops/optimization/automatic.py", line 142, in __call__
    self._result = self.closure(*args, **kwargs)
                   ^^^^^^^^^^^^^^^^^^^^^^^^^^^^^
  File "/nas-ctm01/homes/mipaiva/.conda/envs/pipeline/lib/python3.11/site-packages/torch/utils/_contextlib.py", line 115, in decorate_context
    return func(*args, **kwargs)
           ^^^^^^^^^^^^^^^^^^^^^
  File "/nas-ctm01/homes/mipaiva/.conda/envs/pipeline/lib/python3.11/site-packages/pytorch_lightning/loops/optimization/automatic.py", line 128, in closure
    step_output = self._step_fn()
                  ^^^^^^^^^^^^^^^
  File "/nas-ctm01/homes/mipaiva/.conda/envs/pipeline/lib/python3.11/site-packages/pytorch_lightning/loops/optimization/automatic.py", line 315, in _training_step
    training_step_output = call._call_strategy_hook(trainer, "training_step", *kwargs.values())
                           ^^^^^^^^^^^^^^^^^^^^^^^^^^^^^^^^^^^^^^^^^^^^^^^^^^^^^^^^^^^^^^^^^^^^
  File "/nas-ctm01/homes/mipaiva/.conda/envs/pipeline/lib/python3.11/site-packages/pytorch_lightning/trainer/call.py", line 294, in _call_strategy_hook
    output = fn(*args, **kwargs)
             ^^^^^^^^^^^^^^^^^^^
  File "/nas-ctm01/homes/mipaiva/.conda/envs/pipeline/lib/python3.11/site-packages/pytorch_lightning/strategies/strategy.py", line 380, in training_step
    return self.model.training_step(*args, **kwargs)
           ^^^^^^^^^^^^^^^^^^^^^^^^^^^^^^^^^^^^^^^^^
  File "/nas-ctm01/homes/mipaiva/pipeline_template_pl/src/modules/model/resnet502d/pytorch_lightning_resnet50_2d_model.py", line 95, in training_step
    model_output = self.model(data['image'].to(self.device))
                   ^^^^^^^^^^^^^^^^^^^^^^^^^^^^^^^^^^^^^^^^^
  File "/nas-ctm01/homes/mipaiva/.conda/envs/pipeline/lib/python3.11/site-packages/torch/nn/modules/module.py", line 1501, in _call_impl
    return forward_call(*args, **kwargs)
           ^^^^^^^^^^^^^^^^^^^^^^^^^^^^^
  File "/nas-ctm01/homes/mipaiva/pipeline_template_pl/src/modules/model/resnet502d/resnet502d_model.py", line 30, in forward
    model_output = self.model(model_input)
                   ^^^^^^^^^^^^^^^^^^^^^^^
  File "/nas-ctm01/homes/mipaiva/.conda/envs/pipeline/lib/python3.11/site-packages/torch/nn/modules/module.py", line 1501, in _call_impl
    return forward_call(*args, **kwargs)
           ^^^^^^^^^^^^^^^^^^^^^^^^^^^^^
  File "/nas-ctm01/homes/mipaiva/.conda/envs/pipeline/lib/python3.11/site-packages/torchvision/models/resnet.py", line 285, in forward
    return self._forward_impl(x)
           ^^^^^^^^^^^^^^^^^^^^^
  File "/nas-ctm01/homes/mipaiva/.conda/envs/pipeline/lib/python3.11/site-packages/torchvision/models/resnet.py", line 274, in _forward_impl
    x = self.layer2(x)
        ^^^^^^^^^^^^^^
  File "/nas-ctm01/homes/mipaiva/.conda/envs/pipeline/lib/python3.11/site-packages/torch/nn/modules/module.py", line 1501, in _call_impl
    return forward_call(*args, **kwargs)
           ^^^^^^^^^^^^^^^^^^^^^^^^^^^^^
  File "/nas-ctm01/homes/mipaiva/.conda/envs/pipeline/lib/python3.11/site-packages/torch/nn/modules/container.py", line 217, in forward
    input = module(input)
            ^^^^^^^^^^^^^
  File "/nas-ctm01/homes/mipaiva/.conda/envs/pipeline/lib/python3.11/site-packages/torch/nn/modules/module.py", line 1501, in _call_impl
    return forward_call(*args, **kwargs)
           ^^^^^^^^^^^^^^^^^^^^^^^^^^^^^
  File "/nas-ctm01/homes/mipaiva/.conda/envs/pipeline/lib/python3.11/site-packages/torchvision/models/resnet.py", line 154, in forward
    out = self.conv3(out)
          ^^^^^^^^^^^^^^^
  File "/nas-ctm01/homes/mipaiva/.conda/envs/pipeline/lib/python3.11/site-packages/torch/nn/modules/module.py", line 1501, in _call_impl
    return forward_call(*args, **kwargs)
           ^^^^^^^^^^^^^^^^^^^^^^^^^^^^^
  File "/nas-ctm01/homes/mipaiva/.conda/envs/pipeline/lib/python3.11/site-packages/torch/nn/modules/conv.py", line 463, in forward
    return self._conv_forward(input, self.weight, self.bias)
           ^^^^^^^^^^^^^^^^^^^^^^^^^^^^^^^^^^^^^^^^^^^^^^^^^
  File "/nas-ctm01/homes/mipaiva/.conda/envs/pipeline/lib/python3.11/site-packages/torch/nn/modules/conv.py", line 459, in _conv_forward
    return F.conv2d(input, weight, bias, self.stride,
           ^^^^^^^^^^^^^^^^^^^^^^^^^^^^^^^^^^^^^^^^^^
torch.cuda.OutOfMemoryError: CUDA out of memory. Tried to allocate 1024.00 MiB (GPU 0; 79.25 GiB total capacity; 39.35 GiB already allocated; 761.38 MiB free; 39.58 GiB reserved in total by PyTorch) If reserved memory is >> allocated memory try setting max_split_size_mb to avoid fragmentation.  See documentation for Memory Management and PYTORCH_CUDA_ALLOC_CONF

Set the environment variable HYDRA_FULL_ERROR=1 for a complete stack trace.
[1;34mwandb[0m: 
[1;34mwandb[0m: ðŸš€ View run [33mresnet50_25d_norm_123_4_fold1[0m at: [34mhttps://wandb.ai/maria-i-paiva-inesc-tec/comparative_study_25_norm_resize_fix_auc/runs/pwgam282[0m
[1;34mwandb[0m: Find logs at: [1;35m../../experiment_results/experiment_123/version_4/wandb/run-20250528_121642-pwgam282/logs[0m
srun: error: 02.ctm-deep-06: task 0: Exited with exit code 1
wandb: Currently logged in as: maria-i-paiva (maria-i-paiva-inesc-tec) to https://api.wandb.ai. Use `wandb login --relogin` to force relogin
wandb: WARNING Using a boolean value for 'reinit' is deprecated. Use 'return_previous' or 'finish_previous' instead.
wandb: Tracking run with wandb version 0.19.11
wandb: Run data is saved locally in /nas-ctm01/homes/mipaiva/pipeline_template_pl/experiment_results/experiment_124/version_1/wandb/run-20250528_121705-ebo01p8s
wandb: Run `wandb offline` to turn off syncing.
wandb: Syncing run vgg16_25d_124_1_fold1
wandb: â­ï¸ View project at https://wandb.ai/maria-i-paiva-inesc-tec/comparative_study_25_norm_resize_fix_auc
wandb: ðŸš€ View run at https://wandb.ai/maria-i-paiva-inesc-tec/comparative_study_25_norm_resize_fix_auc/runs/ebo01p8s

**************************************************  Experiment 124 | Version 1 **************************************************
Label column '5y' found in metadata. Available columns: ['pid', 'study_yr', 'path', 'sct_slice_num_og', 'stage', '1y', '2y', '5y', '10y', 'fup_days', 'sct_nod_err']
[INFO] Train dataloader 0 label distribution: 0: 213, 1: 70
[INFO] Validation dataloader 0 label distribution: 0: 24, 1: 8
[INFO] Test dataloader 0 label distribution: 0: 59, 1: 20

Running model pipeline for data fold 1...
Label column '5y' found in metadata. Available columns: ['pid', 'study_yr', 'path', 'sct_slice_num_og', 'stage', '1y', '2y', '5y', '10y', 'fup_days', 'sct_nod_err']
wandb:                                                                                
wandb: 
wandb: Run history:
wandb:          test_accuracy â–ˆâ–ˆâ–ˆâ–ˆâ–ˆâ–ˆâ–ˆâ–ˆâ–ˆâ–‡â–ˆâ–…â–…â–ˆâ–†â–â–‚â–‚â–…â–â–ƒâ–„â–‚â–ƒâ–ƒâ–†â–„â–†â–…â–„â–‡â–†â–†â–†â–†â–†â–†â–†â–†â–†
wandb:             test_auroc â–…â–‚â–†â–…â–ƒâ–ˆâ–„â–…â–†â–‡â–‡â–‡â–ƒâ–„â–…â–†â–†â–„â–…â–ƒâ–†â–ƒâ–„â–„â–„â–…â–ƒâ–ƒâ–â–†â–„â–…â–…â–„â–â–„â–…â–…â–…â–…
wandb: test_balanced_accuracy â–„â–„â–„â–„â–„â–„â–„â–ˆâ–…â–„â–„â–…â–„â–‡â–„â–„â–ƒâ–„â–…â–‚â–†â–ƒâ–†â–…â–ˆâ–…â–‡â–ƒâ–ƒâ–â–ƒâ–ƒâ–„â–â–†â–„â–„â–„â–ƒâ–ƒ
wandb:         test_precision â–â–ˆâ–ˆâ–ˆâ–…â–ˆâ–ˆâ–ˆâ–ˆâ–ˆâ–ˆâ–‡â–ˆâ–ˆâ–ˆâ–‡â–‡â–‡â–„â–„â–…â–…â–†â–„â–†â–‡â–…â–†â–…â–‡â–†â–‡â–…â–‡â–‡â–‡â–‡â–‡â–‡â–‡
wandb:            test_recall â–ˆâ–â–ˆâ–ˆâ–ˆâ–ˆâ–ˆâ–ˆâ–ˆâ–ˆâ–†â–‡â–‡â–‡â–…â–…â–„â–†â–†â–‡â–…â–…â–…â–…â–‡â–‡â–…â–‡â–‡â–ˆâ–‡â–‡â–‡â–‡â–‡â–‡â–‡â–‡â–‡â–‡
wandb:            train_auroc â–‚â–â–â–‚â–‚â–‚â–‚â–‚â–‚â–ƒâ–ƒâ–ƒâ–ƒâ–ƒâ–ƒâ–„â–ƒâ–ƒâ–ƒâ–ƒâ–„â–ƒâ–…â–„â–…â–…â–†â–‡â–†â–‡â–‡â–‡â–‡â–ˆâ–ˆâ–ˆâ–ˆâ–ˆâ–ˆâ–ˆ
wandb:             train_loss â–ˆâ–†â–†â–†â–†â–†â–†â–†â–†â–†â–†â–†â–†â–†â–†â–†â–†â–†â–†â–…â–…â–…â–…â–…â–…â–„â–„â–„â–ƒâ–„â–‚â–ƒâ–‚â–‚â–‚â–‚â–â–â–â–
wandb:           val_accuracy â–â–ˆâ–â–ˆâ–ˆâ–ˆâ–†â–„â–ˆâ–ˆâ–‡â–‡â–‡â–‡â–†â–ˆâ–ˆâ–ˆâ–‡â–‡â–‡â–…â–†â–‡â–‡â–†â–‡â–†â–…â–†â–ˆâ–†â–†â–†â–‡â–‡â–‡â–ˆâ–ˆâ–ˆ
wandb:              val_auroc â–ˆâ–ˆâ–…â–â–ƒâ–†â–†â–‡â–†â–‡â–†â–†â–ˆâ–‡â–†â–ˆâ–†â–…â–„â–†â–‡â–ˆâ–†â–‡â–…â–…â–†â–„â–…â–…â–„â–†â–†â–†â–†â–†â–‡â–…â–…â–…
wandb:  val_balanced_accuracy â–„â–„â–„â–„â–„â–„â–‡â–„â–„â–„â–„â–„â–…â–†â–ƒâ–„â–ˆâ–†â–ƒâ–„â–†â–‡â–…â–â–†â–„â–„â–†â–†â–„â–…â–„â–ƒâ–ƒâ–„â–„â–„â–…â–„â–…
wandb:               val_loss â–â–â–â–â–â–â–â–â–â–â–â–â–â–â–â–â–â–â–â–â–‚â–â–â–â–â–â–â–â–‚â–‚â–‚â–ƒâ–ƒâ–ƒâ–ƒâ–…â–„â–„â–‡â–ˆ
wandb:          val_precision â–‡â–‡â–‡â–„â–â–‡â–‡â–‡â–‡â–†â–†â–„â–†â–‡â–‡â–ˆâ–„â–ƒâ–†â–ƒâ–…â–†â–†â–†â–„â–†â–‡â–…â–…â–ƒâ–†â–‡â–†â–ˆâ–‡â–ˆâ–‡â–ˆâ–ˆâ–ˆ
wandb:             val_recall â–‡â–‡â–‡â–‡â–…â–‡â–‡â–‡â–‡â–‡â–‡â–â–‡â–…â–‡â–…â–ˆâ–†â–‡â–‡â–†â–…â–†â–â–…â–…â–‡â–…â–†â–„â–…â–„â–‡â–‡â–‡â–†â–‡â–ˆâ–‡â–ˆ
wandb: 
wandb: Run summary:
wandb:          test_accuracy 0.67089
wandb:             test_auroc 0.53983
wandb: test_balanced_accuracy 0.4822
wandb:         test_precision 0.67089
wandb:            test_recall 0.67089
wandb:            train_auroc 1
wandb:             train_loss 0.0001
wandb:           val_accuracy 0.78125
wandb:              val_auroc 0.67188
wandb:  val_balanced_accuracy 0.5625
wandb:               val_loss 5.15239
wandb:          val_precision 0.78125
wandb:             val_recall 0.78125
wandb: 
wandb: ðŸš€ View run vgg16_25d_124_1_fold1 at: https://wandb.ai/maria-i-paiva-inesc-tec/comparative_study_25_norm_resize_fix_auc/runs/ebo01p8s
wandb: â­ï¸ View project at: https://wandb.ai/maria-i-paiva-inesc-tec/comparative_study_25_norm_resize_fix_auc
wandb: Synced 5 W&B file(s), 0 media file(s), 0 artifact file(s) and 0 other file(s)
wandb: Find logs at: /nas-ctm01/homes/mipaiva/pipeline_template_pl/experiment_results/experiment_124/version_1/wandb/run-20250528_121705-ebo01p8s/logs
wandb: Tracking run with wandb version 0.19.11
wandb: Run data is saved locally in /nas-ctm01/homes/mipaiva/pipeline_template_pl/experiment_results/experiment_124/version_2/wandb/run-20250528_123914-svoh6ua5
wandb: Run `wandb offline` to turn off syncing.
wandb: Syncing run vgg16_25d_124_2_fold1
wandb: â­ï¸ View project at https://wandb.ai/maria-i-paiva-inesc-tec/comparative_study_25_norm_resize_fix_auc
wandb: ðŸš€ View run at https://wandb.ai/maria-i-paiva-inesc-tec/comparative_study_25_norm_resize_fix_auc/runs/svoh6ua5
...model pipeline for data fold 1 has run!
Saving execution datetimes to /nas-ctm01/homes/mipaiva/pipeline_template_pl/experiment_results/experiment_124/version_1/execution_datetimes.json

**************************************************  Experiment 124 | Version 2 **************************************************
Label column '5y' found in metadata. Available columns: ['pid', 'study_yr', 'path', 'sct_slice_num_og', 'stage', '1y', '2y', '5y', '10y', 'fup_days', 'sct_nod_err']
[INFO] Train dataloader 0 label distribution: 0: 213, 1: 70
[INFO] Validation dataloader 0 label distribution: 0: 24, 1: 8
[INFO] Test dataloader 0 label distribution: 0: 59, 1: 20

Running model pipeline for data fold 1...
Label column '5y' found in metadata. Available columns: ['pid', 'study_yr', 'path', 'sct_slice_num_og', 'stage', '1y', '2y', '5y', '10y', 'fup_days', 'sct_nod_err']
wandb:                                                                                
wandb: 
wandb: Run history:
wandb:          test_accuracy â–â–ˆâ–â–â–ˆâ–…â–ˆâ–ˆâ–ˆâ–ƒâ–…â–„â–‡â–†â–†â–…â–†â–…â–†â–ˆâ–…â–†â–†â–†â–…â–‡â–‡â–†â–†â–†â–†â–‡â–†â–‡â–‡â–‡â–‡â–‡â–‡â–‡
wandb:             test_auroc â–„â–„â–ƒâ–„â–†â–ƒâ–…â–‡â–†â–„â–ƒâ–â–„â–„â–‚â–†â–„â–„â–ˆâ–ƒâ–‡â–„â–ˆâ–†â–…â–„â–‡â–‡â–„â–…â–†â–‡â–â–ˆâ–†â–‡â–…â–‡â–ˆâ–‡
wandb: test_balanced_accuracy â–ƒâ–ƒâ–ƒâ–ƒâ–ƒâ–„â–„â–…â–…â–ƒâ–ƒâ–ƒâ–ˆâ–†â–„â–„â–‚â–‚â–„â–…â–ƒâ–ƒâ–…â–…â–„â–‡â–â–†â–…â–†â–‡â–…â–„â–†â–…â–…â–„â–„â–…â–ˆ
wandb:         test_precision â–â–ˆâ–â–â–ˆâ–ˆâ–…â–ˆâ–ˆâ–ƒâ–…â–„â–„â–†â–‡â–†â–…â–†â–…â–…â–ˆâ–…â–…â–†â–†â–†â–‡â–†â–†â–†â–†â–†â–‡â–‡â–‡â–‡â–‡â–‡â–†â–‡
wandb:            test_recall â–â–ˆâ–â–â–ˆâ–ˆâ–ˆâ–…â–ˆâ–ˆâ–ƒâ–…â–„â–‡â–„â–†â–…â–†â–…â–†â–…â–ˆâ–…â–…â–†â–†â–…â–†â–‡â–†â–‡â–†â–‡â–†â–‡â–‡â–‡â–‡â–†â–‡
wandb:            train_auroc â–â–â–â–‚â–‚â–‚â–ƒâ–ƒâ–ƒâ–‚â–ƒâ–ƒâ–ƒâ–ƒâ–„â–…â–„â–„â–…â–…â–†â–†â–…â–‡â–‡â–‡â–‡â–‡â–ˆâ–ˆâ–ˆâ–ˆâ–ˆâ–ˆâ–ˆâ–ˆâ–ˆâ–ˆâ–ˆâ–ˆ
wandb:             train_loss â–ˆâ–‡â–‡â–‡â–‡â–‡â–‡â–‡â–‡â–‡â–‡â–‡â–‡â–‡â–‡â–‡â–†â–†â–†â–…â–†â–†â–„â–„â–„â–ƒâ–ƒâ–ƒâ–ƒâ–‚â–‚â–‚â–‚â–‚â–â–‚â–‚â–â–â–
wandb:           val_accuracy â–â–ˆâ–â–â–ˆâ–ˆâ–ˆâ–‡â–ˆâ–ˆâ–‚â–„â–ˆâ–†â–†â–‡â–†â–†â–…â–†â–ˆâ–…â–†â–…â–†â–‡â–†â–†â–…â–†â–…â–†â–†â–‡â–†â–‡â–†â–…â–†â–‡
wandb:              val_auroc â–‡â–ˆâ–„â–†â–†â–†â–†â–†â–†â–†â–…â–†â–…â–„â–…â–…â–„â–ƒâ–„â–ƒâ–‚â–„â–…â–‚â–ƒâ–ƒâ–ƒâ–‚â–â–ƒâ–‚â–â–‚â–„â–ƒâ–‚â–‚â–ƒâ–ƒâ–…
wandb:  val_balanced_accuracy â–ƒâ–ƒâ–ƒâ–ƒâ–ƒâ–ƒâ–ˆâ–ƒâ–„â–ƒâ–…â–†â–…â–…â–…â–†â–†â–ƒâ–…â–†â–ƒâ–ƒâ–ƒâ–†â–ƒâ–…â–†â–…â–‚â–ƒâ–ƒâ–‚â–ƒâ–â–ˆâ–‚â–â–ƒâ–‚â–„
wandb:               val_loss â–â–â–â–â–â–â–â–â–â–â–â–â–â–â–â–â–â–â–â–â–â–â–‚â–‚â–‚â–‚â–„â–ƒâ–ƒâ–ƒâ–ƒâ–…â–„â–„â–„â–ˆâ–…â–…â–†â–‡
wandb:          val_precision â–â–â–â–ˆâ–ˆâ–ˆâ–ˆâ–‡â–ˆâ–ˆâ–‚â–‡â–„â–ˆâ–†â–ˆâ–†â–‡â–…â–†â–…â–†â–ˆâ–…â–†â–†â–†â–†â–†â–…â–†â–…â–†â–†â–‡â–†â–‡â–…â–†â–‡
wandb:             val_recall â–ˆâ–â–â–ˆâ–ˆâ–ˆâ–ˆâ–‡â–ˆâ–ˆâ–‡â–„â–ˆâ–†â–ˆâ–…â–†â–†â–…â–†â–…â–†â–…â–†â–†â–†â–†â–…â–†â–†â–†â–†â–‡â–†â–†â–†â–…â–†â–†â–‡
wandb: 
wandb: Run summary:
wandb:          test_accuracy 0.68354
wandb:             test_auroc 0.5839
wandb: test_balanced_accuracy 0.58983
wandb:         test_precision 0.68354
wandb:            test_recall 0.68354
wandb:            train_auroc 0.99893
wandb:             train_loss 0.0445
wandb:           val_accuracy 0.65625
wandb:              val_auroc 0.66276
wandb:  val_balanced_accuracy 0.52083
wandb:               val_loss 5.47127
wandb:          val_precision 0.65625
wandb:             val_recall 0.65625
wandb: 
wandb: ðŸš€ View run vgg16_25d_124_2_fold1 at: https://wandb.ai/maria-i-paiva-inesc-tec/comparative_study_25_norm_resize_fix_auc/runs/svoh6ua5
wandb: â­ï¸ View project at: https://wandb.ai/maria-i-paiva-inesc-tec/comparative_study_25_norm_resize_fix_auc
wandb: Synced 5 W&B file(s), 0 media file(s), 0 artifact file(s) and 0 other file(s)
wandb: Find logs at: /nas-ctm01/homes/mipaiva/pipeline_template_pl/experiment_results/experiment_124/version_2/wandb/run-20250528_123914-svoh6ua5/logs
wandb: Tracking run with wandb version 0.19.11
wandb: Run data is saved locally in /nas-ctm01/homes/mipaiva/pipeline_template_pl/experiment_results/experiment_124/version_3/wandb/run-20250528_125609-uadxt4ge
wandb: Run `wandb offline` to turn off syncing.
wandb: Syncing run vgg16_25d_124_3_fold1
wandb: â­ï¸ View project at https://wandb.ai/maria-i-paiva-inesc-tec/comparative_study_25_norm_resize_fix_auc
wandb: ðŸš€ View run at https://wandb.ai/maria-i-paiva-inesc-tec/comparative_study_25_norm_resize_fix_auc/runs/uadxt4ge
...model pipeline for data fold 1 has run!
Saving execution datetimes to /nas-ctm01/homes/mipaiva/pipeline_template_pl/experiment_results/experiment_124/version_2/execution_datetimes.json

**************************************************  Experiment 124 | Version 3 **************************************************
Label column '5y' found in metadata. Available columns: ['pid', 'study_yr', 'path', 'sct_slice_num_og', 'stage', '1y', '2y', '5y', '10y', 'fup_days', 'sct_nod_err']
[INFO] Train dataloader 0 label distribution: 0: 213, 1: 70
[INFO] Validation dataloader 0 label distribution: 0: 24, 1: 8
[INFO] Test dataloader 0 label distribution: 0: 59, 1: 20

Running model pipeline for data fold 1...
Label column '5y' found in metadata. Available columns: ['pid', 'study_yr', 'path', 'sct_slice_num_og', 'stage', '1y', '2y', '5y', '10y', 'fup_days', 'sct_nod_err']
wandb: uploading history steps 78-78, summary, console lines 3-4
wandb:                                                                                
wandb: 
wandb: Run history:
wandb:          test_accuracy â–ˆâ–ˆâ–ˆâ–ˆâ–ˆâ–‚â–‡â–„â–â–ƒâ–ƒâ–…â–…â–†â–…â–…â–…â–ˆâ–…â–†â–†â–†â–‡â–†â–†â–†â–‡â–†â–‡â–†â–†â–…â–‡â–‡â–‡â–†â–†â–…â–‡â–‡
wandb:             test_auroc â–â–„â–â–â–‚â–…â–‚â–‚â–‚â–‚â–†â–„â–…â–ƒâ–†â–ˆâ–‡â–‡â–†â–„â–‡â–„â–…â–…â–…â–„â–†â–„â–ƒâ–„â–†â–†â–…â–†â–…â–…â–…â–ƒâ–ƒâ–„
wandb: test_balanced_accuracy â–ƒâ–ƒâ–ƒâ–ƒâ–…â–‡â–ƒâ–‡â–‚â–ƒâ–ƒâ–â–†â–†â–ƒâ–â–„â–…â–â–ˆâ–…â–‚â–‚â–‚â–‚â–â–ƒâ–‚â–‚â–„â–„â–ƒâ–ƒâ–‚â–‚â–‚â–‚â–â–â–ƒ
wandb:         test_precision â–ˆâ–ˆâ–ˆâ–‡â–‚â–„â–â–‡â–ƒâ–…â–…â–†â–‡â–…â–ˆâ–†â–†â–†â–†â–†â–†â–‡â–†â–‡â–‡â–‡â–‡â–†â–‡â–†â–‡â–‡â–†â–†â–…â–†â–†â–‡â–‡â–‡
wandb:            test_recall â–ˆâ–ˆâ–†â–‡â–ƒâ–‚â–†â–â–‡â–â–ƒâ–„â–„â–ƒâ–‡â–‡â–„â–„â–…â–…â–‡â–‡â–…â–†â–†â–‡â–…â–…â–…â–„â–…â–†â–…â–†â–…â–…â–„â–†â–…â–‡
wandb:            train_auroc â–â–‚â–ƒâ–ƒâ–ƒâ–ƒâ–ƒâ–ƒâ–ƒâ–„â–…â–„â–…â–†â–†â–…â–†â–†â–‡â–‡â–‡â–ˆâ–ˆâ–ˆâ–ˆâ–ˆâ–ˆâ–ˆâ–ˆâ–ˆâ–ˆâ–ˆâ–ˆâ–ˆâ–ˆâ–ˆâ–ˆâ–ˆâ–ˆâ–ˆ
wandb:             train_loss â–ˆâ–ˆâ–ˆâ–ˆâ–ˆâ–ˆâ–ˆâ–ˆâ–ˆâ–‡â–†â–†â–…â–„â–„â–‡â–†â–…â–…â–ƒâ–ƒâ–‚â–‚â–‚â–â–â–â–â–â–‚â–â–â–â–â–â–‚â–‚â–‚â–â–
wandb:           val_accuracy â–ˆâ–ˆâ–ˆâ–ˆâ–ˆâ–ƒâ–‡â–â–…â–†â–…â–…â–…â–…â–ˆâ–‡â–…â–ˆâ–†â–…â–†â–†â–‡â–ˆâ–‡â–‡â–†â–†â–ˆâ–†â–‡â–†â–‡â–†â–‡â–ˆâ–†â–‡â–†â–‡
wandb:              val_auroc â–â–„â–„â–†â–ˆâ–‡â–†â–…â–„â–…â–…â–†â–‡â–†â–‡â–…â–†â–‡â–‡â–†â–†â–†â–†â–†â–†â–†â–†â–†â–‡â–‡â–‡â–†â–…â–…â–‡â–ˆâ–‡â–†â–†â–†
wandb:  val_balanced_accuracy â–‚â–‚â–‚â–‡â–ƒâ–…â–ƒâ–‡â–†â–ƒâ–ƒâ–†â–„â–ˆâ–„â–ƒâ–ƒâ–‚â–…â–„â–„â–ƒâ–ƒâ–‚â–„â–„â–…â–„â–ƒâ–ƒâ–„â–‚â–â–„â–‚â–…â–ƒâ–„â–â–
wandb:               val_loss â–â–â–â–â–â–â–â–â–â–â–â–â–â–‚â–â–‚â–â–‚â–‚â–‚â–ƒâ–ƒâ–ƒâ–…â–„â–…â–…â–„â–ƒâ–â–‡â–†â–ˆâ–…â–†â–ƒâ–‚â–ƒâ–‚â–„
wandb:          val_precision â–ˆâ–â–ˆâ–‡â–ƒâ–…â–†â–†â–…â–†â–†â–ˆâ–ˆâ–…â–…â–‡â–†â–‡â–ˆâ–‡â–‡â–‡â–†â–†â–ˆâ–‡â–ˆâ–‡â–‡â–ˆâ–†â–†â–†â–ˆâ–‡â–‡â–†â–†â–†â–†
wandb:             val_recall â–ˆâ–â–ˆâ–ˆâ–‡â–ƒâ–…â–â–…â–†â–†â–†â–†â–…â–†â–ˆâ–‡â–…â–ˆâ–†â–‡â–†â–†â–‡â–…â–†â–ˆâ–†â–‡â–ˆâ–†â–†â–‡â–†â–†â–†â–‡â–†â–†â–†
wandb: 
wandb: Run summary:
wandb:          test_accuracy 0.68354
wandb:             test_auroc 0.55508
wandb: test_balanced_accuracy 0.5072
wandb:         test_precision 0.68354
wandb:            test_recall 0.68354
wandb:            train_auroc 1
wandb:             train_loss 0.00065
wandb:           val_accuracy 0.625
wandb:              val_auroc 0.66797
wandb:  val_balanced_accuracy 0.45833
wandb:               val_loss 6.64089
wandb:          val_precision 0.625
wandb:             val_recall 0.625
wandb: 
wandb: ðŸš€ View run vgg16_25d_124_3_fold1 at: https://wandb.ai/maria-i-paiva-inesc-tec/comparative_study_25_norm_resize_fix_auc/runs/uadxt4ge
wandb: â­ï¸ View project at: https://wandb.ai/maria-i-paiva-inesc-tec/comparative_study_25_norm_resize_fix_auc
wandb: Synced 5 W&B file(s), 0 media file(s), 0 artifact file(s) and 0 other file(s)
wandb: Find logs at: /nas-ctm01/homes/mipaiva/pipeline_template_pl/experiment_results/experiment_124/version_3/wandb/run-20250528_125609-uadxt4ge/logs
wandb: Tracking run with wandb version 0.19.11
wandb: Run data is saved locally in /nas-ctm01/homes/mipaiva/pipeline_template_pl/experiment_results/experiment_124/version_4/wandb/run-20250528_132322-h7cboycq
wandb: Run `wandb offline` to turn off syncing.
wandb: Syncing run vgg16_25d_124_4_fold1
wandb: â­ï¸ View project at https://wandb.ai/maria-i-paiva-inesc-tec/comparative_study_25_norm_resize_fix_auc
wandb: ðŸš€ View run at https://wandb.ai/maria-i-paiva-inesc-tec/comparative_study_25_norm_resize_fix_auc/runs/h7cboycq
...model pipeline for data fold 1 has run!
Saving execution datetimes to /nas-ctm01/homes/mipaiva/pipeline_template_pl/experiment_results/experiment_124/version_3/execution_datetimes.json

**************************************************  Experiment 124 | Version 4 **************************************************
Label column '5y' found in metadata. Available columns: ['pid', 'study_yr', 'path', 'sct_slice_num_og', 'stage', '1y', '2y', '5y', '10y', 'fup_days', 'sct_nod_err']
[INFO] Train dataloader 0 label distribution: 0: 213, 1: 70
[INFO] Validation dataloader 0 label distribution: 0: 24, 1: 8
[INFO] Test dataloader 0 label distribution: 0: 59, 1: 20

Running model pipeline for data fold 1...
Label column '5y' found in metadata. Available columns: ['pid', 'study_yr', 'path', 'sct_slice_num_og', 'stage', '1y', '2y', '5y', '10y', 'fup_days', 'sct_nod_err']
Error executing job with overrides: []
Traceback (most recent call last):
  File "/nas-ctm01/homes/mipaiva/pipeline_template_pl/slurm_files/shell_script_files/../../src/scripts/run_experiment_pipeline.py", line 54, in run_hyperparameter_grid_based_execution_pipeline
    run_experiment_pipeline(config)
  File "/nas-ctm01/homes/mipaiva/pipeline_template_pl/slurm_files/shell_script_files/../../src/scripts/run_experiment_pipeline.py", line 165, in run_experiment_pipeline
    model_pipeline.train_model()
  File "/nas-ctm01/homes/mipaiva/pipeline_template_pl/src/modules/model/model_pipeline.py", line 68, in train_model
    self.pytorch_lightning_trainer.fit(
  File "/nas-ctm01/homes/mipaiva/.conda/envs/pipeline/lib/python3.11/site-packages/pytorch_lightning/trainer/trainer.py", line 532, in fit
    call._call_and_handle_interrupt(
  File "/nas-ctm01/homes/mipaiva/.conda/envs/pipeline/lib/python3.11/site-packages/pytorch_lightning/trainer/call.py", line 43, in _call_and_handle_interrupt
    return trainer_fn(*args, **kwargs)
           ^^^^^^^^^^^^^^^^^^^^^^^^^^^
  File "/nas-ctm01/homes/mipaiva/.conda/envs/pipeline/lib/python3.11/site-packages/pytorch_lightning/trainer/trainer.py", line 571, in _fit_impl
    self._run(model, ckpt_path=ckpt_path)
  File "/nas-ctm01/homes/mipaiva/.conda/envs/pipeline/lib/python3.11/site-packages/pytorch_lightning/trainer/trainer.py", line 980, in _run
    results = self._run_stage()
              ^^^^^^^^^^^^^^^^^
  File "/nas-ctm01/homes/mipaiva/.conda/envs/pipeline/lib/python3.11/site-packages/pytorch_lightning/trainer/trainer.py", line 1023, in _run_stage
    self.fit_loop.run()
  File "/nas-ctm01/homes/mipaiva/.conda/envs/pipeline/lib/python3.11/site-packages/pytorch_lightning/loops/fit_loop.py", line 202, in run
    self.advance()
  File "/nas-ctm01/homes/mipaiva/.conda/envs/pipeline/lib/python3.11/site-packages/pytorch_lightning/loops/fit_loop.py", line 355, in advance
    self.epoch_loop.run(self._data_fetcher)
  File "/nas-ctm01/homes/mipaiva/.conda/envs/pipeline/lib/python3.11/site-packages/pytorch_lightning/loops/training_epoch_loop.py", line 133, in run
    self.advance(data_fetcher)
  File "/nas-ctm01/homes/mipaiva/.conda/envs/pipeline/lib/python3.11/site-packages/pytorch_lightning/loops/training_epoch_loop.py", line 219, in advance
    batch_output = self.automatic_optimization.run(trainer.optimizers[0], kwargs)
                   ^^^^^^^^^^^^^^^^^^^^^^^^^^^^^^^^^^^^^^^^^^^^^^^^^^^^^^^^^^^^^^
  File "/nas-ctm01/homes/mipaiva/.conda/envs/pipeline/lib/python3.11/site-packages/pytorch_lightning/loops/optimization/automatic.py", line 188, in run
    self._optimizer_step(kwargs.get("batch_idx", 0), closure)
  File "/nas-ctm01/homes/mipaiva/.conda/envs/pipeline/lib/python3.11/site-packages/pytorch_lightning/loops/optimization/automatic.py", line 266, in _optimizer_step
    call._call_lightning_module_hook(
  File "/nas-ctm01/homes/mipaiva/.conda/envs/pipeline/lib/python3.11/site-packages/pytorch_lightning/trainer/call.py", line 146, in _call_lightning_module_hook
    output = fn(*args, **kwargs)
             ^^^^^^^^^^^^^^^^^^^
  File "/nas-ctm01/homes/mipaiva/.conda/envs/pipeline/lib/python3.11/site-packages/pytorch_lightning/core/module.py", line 1276, in optimizer_step
    optimizer.step(closure=optimizer_closure)
  File "/nas-ctm01/homes/mipaiva/.conda/envs/pipeline/lib/python3.11/site-packages/pytorch_lightning/core/optimizer.py", line 161, in step
    step_output = self._strategy.optimizer_step(self._optimizer, closure, **kwargs)
                  ^^^^^^^^^^^^^^^^^^^^^^^^^^^^^^^^^^^^^^^^^^^^^^^^^^^^^^^^^^^^^^^^^
  File "/nas-ctm01/homes/mipaiva/.conda/envs/pipeline/lib/python3.11/site-packages/pytorch_lightning/strategies/strategy.py", line 231, in optimizer_step
    return self.precision_plugin.optimizer_step(optimizer, model=model, closure=closure, **kwargs)
           ^^^^^^^^^^^^^^^^^^^^^^^^^^^^^^^^^^^^^^^^^^^^^^^^^^^^^^^^^^^^^^^^^^^^^^^^^^^^^^^^^^^^^^^
  File "/nas-ctm01/homes/mipaiva/.conda/envs/pipeline/lib/python3.11/site-packages/pytorch_lightning/plugins/precision/precision_plugin.py", line 116, in optimizer_step
    return optimizer.step(closure=closure, **kwargs)
           ^^^^^^^^^^^^^^^^^^^^^^^^^^^^^^^^^^^^^^^^^
  File "/nas-ctm01/homes/mipaiva/.conda/envs/pipeline/lib/python3.11/site-packages/torch/optim/optimizer.py", line 280, in wrapper
    out = func(*args, **kwargs)
          ^^^^^^^^^^^^^^^^^^^^^
  File "/nas-ctm01/homes/mipaiva/.conda/envs/pipeline/lib/python3.11/site-packages/torch/optim/optimizer.py", line 33, in _use_grad
    ret = func(self, *args, **kwargs)
          ^^^^^^^^^^^^^^^^^^^^^^^^^^^
  File "/nas-ctm01/homes/mipaiva/.conda/envs/pipeline/lib/python3.11/site-packages/torch/optim/adam.py", line 121, in step
    loss = closure()
           ^^^^^^^^^
  File "/nas-ctm01/homes/mipaiva/.conda/envs/pipeline/lib/python3.11/site-packages/pytorch_lightning/plugins/precision/precision_plugin.py", line 103, in _wrap_closure
    closure_result = closure()
                     ^^^^^^^^^
  File "/nas-ctm01/homes/mipaiva/.conda/envs/pipeline/lib/python3.11/site-packages/pytorch_lightning/loops/optimization/automatic.py", line 142, in __call__
    self._result = self.closure(*args, **kwargs)
                   ^^^^^^^^^^^^^^^^^^^^^^^^^^^^^
  File "/nas-ctm01/homes/mipaiva/.conda/envs/pipeline/lib/python3.11/site-packages/torch/utils/_contextlib.py", line 115, in decorate_context
    return func(*args, **kwargs)
           ^^^^^^^^^^^^^^^^^^^^^
  File "/nas-ctm01/homes/mipaiva/.conda/envs/pipeline/lib/python3.11/site-packages/pytorch_lightning/loops/optimization/automatic.py", line 128, in closure
    step_output = self._step_fn()
                  ^^^^^^^^^^^^^^^
  File "/nas-ctm01/homes/mipaiva/.conda/envs/pipeline/lib/python3.11/site-packages/pytorch_lightning/loops/optimization/automatic.py", line 315, in _training_step
    training_step_output = call._call_strategy_hook(trainer, "training_step", *kwargs.values())
                           ^^^^^^^^^^^^^^^^^^^^^^^^^^^^^^^^^^^^^^^^^^^^^^^^^^^^^^^^^^^^^^^^^^^^
  File "/nas-ctm01/homes/mipaiva/.conda/envs/pipeline/lib/python3.11/site-packages/pytorch_lightning/trainer/call.py", line 294, in _call_strategy_hook
    output = fn(*args, **kwargs)
             ^^^^^^^^^^^^^^^^^^^
  File "/nas-ctm01/homes/mipaiva/.conda/envs/pipeline/lib/python3.11/site-packages/pytorch_lightning/strategies/strategy.py", line 380, in training_step
    return self.model.training_step(*args, **kwargs)
           ^^^^^^^^^^^^^^^^^^^^^^^^^^^^^^^^^^^^^^^^^
  File "/nas-ctm01/homes/mipaiva/pipeline_template_pl/src/modules/model/vgg16/pytorch_lightning_vgg16_model.py", line 95, in training_step
    model_output = self.model(data['image'].to(self.device))
                   ^^^^^^^^^^^^^^^^^^^^^^^^^^^^^^^^^^^^^^^^^
  File "/nas-ctm01/homes/mipaiva/.conda/envs/pipeline/lib/python3.11/site-packages/torch/nn/modules/module.py", line 1501, in _call_impl
    return forward_call(*args, **kwargs)
           ^^^^^^^^^^^^^^^^^^^^^^^^^^^^^
  File "/nas-ctm01/homes/mipaiva/pipeline_template_pl/src/modules/model/vgg16/vgg16_model.py", line 26, in forward
    model_output = self.model(model_input)
                   ^^^^^^^^^^^^^^^^^^^^^^^
  File "/nas-ctm01/homes/mipaiva/.conda/envs/pipeline/lib/python3.11/site-packages/torch/nn/modules/module.py", line 1501, in _call_impl
    return forward_call(*args, **kwargs)
           ^^^^^^^^^^^^^^^^^^^^^^^^^^^^^
  File "/nas-ctm01/homes/mipaiva/.conda/envs/pipeline/lib/python3.11/site-packages/torchvision/models/vgg.py", line 66, in forward
    x = self.features(x)
        ^^^^^^^^^^^^^^^^
  File "/nas-ctm01/homes/mipaiva/.conda/envs/pipeline/lib/python3.11/site-packages/torch/nn/modules/module.py", line 1501, in _call_impl
    return forward_call(*args, **kwargs)
           ^^^^^^^^^^^^^^^^^^^^^^^^^^^^^
  File "/nas-ctm01/homes/mipaiva/.conda/envs/pipeline/lib/python3.11/site-packages/torch/nn/modules/container.py", line 217, in forward
    input = module(input)
            ^^^^^^^^^^^^^
  File "/nas-ctm01/homes/mipaiva/.conda/envs/pipeline/lib/python3.11/site-packages/torch/nn/modules/module.py", line 1501, in _call_impl
    return forward_call(*args, **kwargs)
           ^^^^^^^^^^^^^^^^^^^^^^^^^^^^^
  File "/nas-ctm01/homes/mipaiva/.conda/envs/pipeline/lib/python3.11/site-packages/torch/nn/modules/conv.py", line 463, in forward
    return self._conv_forward(input, self.weight, self.bias)
           ^^^^^^^^^^^^^^^^^^^^^^^^^^^^^^^^^^^^^^^^^^^^^^^^^
  File "/nas-ctm01/homes/mipaiva/.conda/envs/pipeline/lib/python3.11/site-packages/torch/nn/modules/conv.py", line 459, in _conv_forward
    return F.conv2d(input, weight, bias, self.stride,
           ^^^^^^^^^^^^^^^^^^^^^^^^^^^^^^^^^^^^^^^^^^
torch.cuda.OutOfMemoryError: CUDA out of memory. Tried to allocate 2.00 GiB (GPU 0; 79.25 GiB total capacity; 36.76 GiB already allocated; 1.44 GiB free; 38.89 GiB reserved in total by PyTorch) If reserved memory is >> allocated memory try setting max_split_size_mb to avoid fragmentation.  See documentation for Memory Management and PYTORCH_CUDA_ALLOC_CONF

Set the environment variable HYDRA_FULL_ERROR=1 for a complete stack trace.
[1;34mwandb[0m: 
[1;34mwandb[0m: ðŸš€ View run [33mvgg16_25d_124_4_fold1[0m at: [34mhttps://wandb.ai/maria-i-paiva-inesc-tec/comparative_study_25_norm_resize_fix_auc/runs/h7cboycq[0m
[1;34mwandb[0m: Find logs at: [1;35m../../experiment_results/experiment_124/version_4/wandb/run-20250528_132322-h7cboycq/logs[0m
srun: error: 02.ctm-deep-06: task 0: Exited with exit code 1
Finish time: 2025-05-28 13:23:36
