Initialization time: 2025-07-25 15:30:40

**************************************************  Experiment 87 | Version 1 **************************************************
Label column '5y' found in metadata. Available columns: ['pid', 'study_yr', 'path', 'sct_slice_num_og', 'stage', '1y', '2y', '5y', '10y', 'fup_days', 'lung_side', 'de_stag', 'de_stag_7thed', 'sct_slice_new', 'sct_nod_err', 'dicom_slice_count', 'original_slice_thickness_mm', 'sct_slice_new_1', 'reversed', 'sct_slice_final_mapped']

✅ Saved split assignments to 'lung_metadata_with_splits.csv'

Using regular DataLoader for train subset

Using regular DataLoader for train subset

Using regular DataLoader for train subset

✅ Set train dataloaders with 3 folds
  - Fold 1: 212 samples
    Label distribution: {0: 159, 1: 53}
    Batch label distribution: {0.0: 9, 1.0: 7}
    Batch label distribution: {0.0: 14, 1.0: 2}
    Batch label distribution: {0.0: 12, 1.0: 4}
    Batch label distribution: {0.0: 11, 1.0: 5}
    Batch label distribution: {0.0: 11, 1.0: 5}
    Batch label distribution: {0.0: 12, 1.0: 4}
    Batch label distribution: {0.0: 13, 1.0: 3}
    Batch label distribution: {0.0: 11, 1.0: 5}
    Batch label distribution: {0.0: 13, 1.0: 3}
    Batch label distribution: {0.0: 16}
    Batch label distribution: {0.0: 10, 1.0: 6}
    Batch label distribution: {0.0: 12, 1.0: 4}
    Batch label distribution: {0.0: 12, 1.0: 4}
    Batch label distribution: {0.0: 3, 1.0: 1}
  - Fold 2: 213 samples
    Label distribution: {0: 159, 1: 54}
    Batch label distribution: {0.0: 16}
    Batch label distribution: {0.0: 11, 1.0: 5}
    Batch label distribution: {0.0: 13, 1.0: 3}
    Batch label distribution: {0.0: 10, 1.0: 6}
    Batch label distribution: {0.0: 14, 1.0: 2}
    Batch label distribution: {0.0: 13, 1.0: 3}
    Batch label distribution: {0.0: 13, 1.0: 3}
    Batch label distribution: {0.0: 10, 1.0: 6}
    Batch label distribution: {0.0: 14, 1.0: 2}
    Batch label distribution: {0.0: 10, 1.0: 6}
    Batch label distribution: {0.0: 10, 1.0: 6}
    Batch label distribution: {0.0: 11, 1.0: 5}
    Batch label distribution: {0.0: 11, 1.0: 5}
    Batch label distribution: {0.0: 3, 1.0: 2}
  - Fold 3: 213 samples
    Label distribution: {0: 160, 1: 53}
    Batch label distribution: {0.0: 9, 1.0: 7}
    Batch label distribution: {0.0: 13, 1.0: 3}
    Batch label distribution: {0.0: 11, 1.0: 5}
    Batch label distribution: {0.0: 12, 1.0: 4}
    Batch label distribution: {0.0: 13, 1.0: 3}
    Batch label distribution: {0.0: 11, 1.0: 5}
    Batch label distribution: {0.0: 12, 1.0: 4}
    Batch label distribution: {0.0: 11, 1.0: 5}
    Batch label distribution: {0.0: 12, 1.0: 4}
    Batch label distribution: {0.0: 12, 1.0: 4}
    Batch label distribution: {0.0: 13, 1.0: 3}
    Batch label distribution: {0.0: 14, 1.0: 2}
    Batch label distribution: {0.0: 14, 1.0: 2}
    Batch label distribution: {0.0: 3, 1.0: 2}

Using regular DataLoader for validation subset

Using regular DataLoader for validation subset

Using regular DataLoader for validation subset

✅ Set validation dataloaders with 3 folds
  - Fold 1: 107 samples
    Label distribution: {0: 80, 1: 27}
    Batch label distribution: {0.0: 13, 1.0: 3}
    Batch label distribution: {0.0: 11, 1.0: 5}
    Batch label distribution: {0.0: 13, 1.0: 3}
    Batch label distribution: {0.0: 13, 1.0: 3}
    Batch label distribution: {0.0: 12, 1.0: 4}
    Batch label distribution: {0.0: 11, 1.0: 5}
    Batch label distribution: {0.0: 7, 1.0: 4}
  - Fold 2: 106 samples
    Label distribution: {0: 80, 1: 26}
    Batch label distribution: {0.0: 13, 1.0: 3}
    Batch label distribution: {0.0: 12, 1.0: 4}
    Batch label distribution: {0.0: 13, 1.0: 3}
    Batch label distribution: {0.0: 11, 1.0: 5}
    Batch label distribution: {0.0: 12, 1.0: 4}
    Batch label distribution: {0.0: 11, 1.0: 5}
    Batch label distribution: {0.0: 8, 1.0: 2}
  - Fold 3: 106 samples
    Label distribution: {0: 79, 1: 27}
    Batch label distribution: {0.0: 12, 1.0: 4}
    Batch label distribution: {0.0: 12, 1.0: 4}
    Batch label distribution: {0.0: 14, 1.0: 2}
    Batch label distribution: {0.0: 13, 1.0: 3}
    Batch label distribution: {0.0: 11, 1.0: 5}
    Batch label distribution: {0.0: 8, 1.0: 8}
    Batch label distribution: {0.0: 9, 1.0: 1}

Using regular DataLoader for test subset

Using regular DataLoader for test subset

Using regular DataLoader for test subset

✅ Set test dataloaders with 3 folds
  - Fold 1: 80 samples
    Label distribution: {0: 60, 1: 20}
    Batch label distribution: {0.0: 13, 1.0: 3}
    Batch label distribution: {0.0: 15, 1.0: 1}
    Batch label distribution: {0.0: 13, 1.0: 3}
    Batch label distribution: {0.0: 9, 1.0: 7}
    Batch label distribution: {0.0: 10, 1.0: 6}
  - Fold 2: 80 samples
    Label distribution: {0: 60, 1: 20}
    Batch label distribution: {0.0: 13, 1.0: 3}
    Batch label distribution: {0.0: 15, 1.0: 1}
    Batch label distribution: {0.0: 13, 1.0: 3}
    Batch label distribution: {0.0: 9, 1.0: 7}
    Batch label distribution: {0.0: 10, 1.0: 6}
  - Fold 3: 80 samples
    Label distribution: {0: 60, 1: 20}
wandb: Currently logged in as: maria-i-paiva (maria-i-paiva-inesc-tec) to https://api.wandb.ai. Use `wandb login --relogin` to force relogin
wandb: WARNING Using a boolean value for 'reinit' is deprecated. Use 'return_previous' or 'finish_previous' instead.
wandb: Tracking run with wandb version 0.19.11
wandb: Run data is saved locally in /nas-ctm01/homes/mipaiva/pipeline_template_pl/experiment_results/experiment_87/version_1/wandb/run-20250725_153130-iwu2ryx9
wandb: Run `wandb offline` to turn off syncing.
wandb: Syncing run resnet18_2d_87_1_fold1
wandb: ⭐️ View project at https://wandb.ai/maria-i-paiva-inesc-tec/cs_2d_masked_resnet18
wandb: 🚀 View run at https://wandb.ai/maria-i-paiva-inesc-tec/cs_2d_masked_resnet18/runs/iwu2ryx9
    Batch label distribution: {0.0: 13, 1.0: 3}
    Batch label distribution: {0.0: 15, 1.0: 1}
    Batch label distribution: {0.0: 13, 1.0: 3}
    Batch label distribution: {0.0: 9, 1.0: 7}
    Batch label distribution: {0.0: 10, 1.0: 6}

Running model pipeline for data fold 1...
Label column '5y' found in metadata. Available columns: ['pid', 'study_yr', 'path', 'sct_slice_num_og', 'stage', '1y', '2y', '5y', '10y', 'fup_days', 'lung_side', 'de_stag', 'de_stag_7thed', 'sct_slice_new', 'sct_nod_err', 'dicom_slice_count', 'original_slice_thickness_mm', 'sct_slice_new_1', 'reversed', 'sct_slice_final_mapped']
Label weights: tensor([2.9900], device='cuda:0', dtype=torch.float64)
