Initialization time: 2025-05-16 23:42:21
wandb: Currently logged in as: maria-i-paiva (maria-i-paiva-inesc-tec) to https://api.wandb.ai. Use `wandb login --relogin` to force relogin
wandb: WARNING Using a boolean value for 'reinit' is deprecated. Use 'return_previous' or 'finish_previous' instead.
wandb: Tracking run with wandb version 0.19.11
wandb: Run data is saved locally in /nas-ctm01/homes/mipaiva/pipeline_template_pl/experiment_results/experiment_73/version_1/wandb/run-20250516_234230-wl3l4iza
wandb: Run `wandb offline` to turn off syncing.
wandb: Syncing run resnet50_25d_73_1_fold1
wandb: ⭐️ View project at https://wandb.ai/maria-i-paiva-inesc-tec/comparative_study_25
wandb: 🚀 View run at https://wandb.ai/maria-i-paiva-inesc-tec/comparative_study_25/runs/wl3l4iza

**************************************************  Experiment 73 | Version 1 **************************************************
Label column '5y' found in metadata. Available columns: ['pid', 'study_yr', 'path', 'sct_slice_num_og', 'stage', '1y', '2y', '5y', '10y', 'fup_days', 'sct_nod_err']

Running model pipeline for data fold 1...
Label column '5y' found in metadata. Available columns: ['pid', 'study_yr', 'path', 'sct_slice_num_og', 'stage', '1y', '2y', '5y', '10y', 'fup_days', 'sct_nod_err']
[INFO] File path: /nas-ctm01/datasets/public/medical_datasets/lung_ct_datasets/nlst/raw_data/manifest-1741808882472/NLST/105340/01-02-2000-NLST-LSS-88960/6.000000-1OPASESEN16B50f314212045.030.0null-33608
 Data shape: torch.Size([10, 512, 512])
[INFO] File path: /nas-ctm01/datasets/public/medical_datasets/lung_ct_datasets/nlst/raw_data/manifest-1741808882472/NLST/204473/01-02-1999-NLST-ACRIN-17889/2.000000-0OPAGELSULTSTANDARD3601.21204029.61.4-81173
 Data shape: torch.Size([10, 512, 512])
[INFO] File path: /nas-ctm01/datasets/public/medical_datasets/lung_ct_datasets/nlst/raw_data/manifest-1741808882472/NLST/124190/01-02-2000-NLST-LSS-50524/6.000000-1OPASESEN16B50f340212045.030.0null-39329
 Data shape: torch.Size([0, 512, 512])
[INFO] File path: /nas-ctm01/datasets/public/medical_datasets/lung_ct_datasets/nlst/raw_data/manifest-1741808882472/NLST/130315/01-02-1999-NLST-LSS-70411/2.000000-0OPAGELSPLUSD2902.514040.00.01.5-59408
 Data shape: torch.Size([10, 512, 512])
[INFO] File path: /nas-ctm01/datasets/public/medical_datasets/lung_ct_datasets/nlst/raw_data/manifest-1741808882472/NLST/206687/01-02-1999-NLST-ACRIN-20425/3.000000-0OPAGELS16BONE2742.51203626.21.4-96121
 Data shape: torch.Size([10, 512, 512])
[INFO] File path: /nas-ctm01/datasets/public/medical_datasets/lung_ct_datasets/nlst/raw_data/manifest-1741808882472/NLST/104564/01-02-1999-NLST-LSS-74150/3075.000000-0OPAPHMX8000C3572120.000000140.2580.01.75-70996
 Data shape: torch.Size([10, 512, 512])
[INFO] File path: /nas-ctm01/datasets/public/medical_datasets/lung_ct_datasets/nlst/raw_data/manifest-1741808882472/NLST/110061/01-02-1999-NLST-LSS-58333/1.000000-0OPAGELSPLUSLUNG3602.512080.00.11.5-95127
 Data shape: torch.Size([10, 512, 512])
[INFO] File path: /nas-ctm01/datasets/public/medical_datasets/lung_ct_datasets/nlst/raw_data/manifest-1741808882472/NLST/200209/01-02-2000-NLST-ACRIN-10216/3.000000-1OPAGELSPLUSLUNG4002.51204026.71.5-42354
 Data shape: torch.Size([10, 512, 512])
[INFO] File path: /nas-ctm01/datasets/public/medical_datasets/lung_ct_datasets/nlst/raw_data/manifest-1741808882472/NLST/215151/01-02-2000-NLST-ACRIN-00628/3.000000-1OPAGELSULTBONE3601.21203034.30.9-21844
 Data shape: torch.Size([10, 512, 512])
[INFO] File path: /nas-ctm01/datasets/public/medical_datasets/lung_ct_datasets/nlst/raw_data/manifest-1741808882472/NLST/217438/01-02-2001-NLST-ACRIN-53685/4.000000-2OPASESEN64B30f281212045451-13768
 Data shape: torch.Size([10, 512, 512])
[INFO] File path: /nas-ctm01/datasets/public/medical_datasets/lung_ct_datasets/nlst/raw_data/manifest-1741808882472/NLST/106000/01-02-2001-NLST-LSS-04892/5.000000-2OPASEVZOOMB50f327212060.030.0null-08611
 Data shape: torch.Size([10, 512, 512])
[INFO] File path: /nas-ctm01/datasets/public/medical_datasets/lung_ct_datasets/nlst/raw_data/manifest-1741808882472/NLST/212615/01-02-1999-NLST-ACRIN-75740/5211.000000-0OPAPHMX8000D2881.312090601.5-32444
 Data shape: torch.Size([10, 512, 512])
[INFO] File path: /nas-ctm01/datasets/public/medical_datasets/lung_ct_datasets/nlst/raw_data/manifest-1741808882472/NLST/120573/01-02-2001-NLST-LSS-24857/2.000000-2OPAGEHSQXD2902.512056.00.11.5-81171
 Data shape: torch.Size([10, 512, 512])
[INFO] File path: /nas-ctm01/datasets/public/medical_datasets/lung_ct_datasets/nlst/raw_data/manifest-1741808882472/NLST/100280/01-02-2000-NLST-LSS-98495/2.000000-1OPASESEN16B50f2822.012045.030.0null-87490
 Data shape: torch.Size([10, 512, 512])
[INFO] File path: /nas-ctm01/datasets/public/medical_datasets/lung_ct_datasets/nlst/raw_data/manifest-1741808882472/NLST/207391/01-02-1999-NLST-ACRIN-60132/4.000000-0OPATOAQUL4FC51412.1212080nana-30154
 Data shape: torch.Size([10, 512, 512])
[INFO] File path: /nas-ctm01/datasets/public/medical_datasets/lung_ct_datasets/nlst/raw_data/manifest-1741808882472/NLST/129155/01-02-2001-NLST-LSS-00217/2.000000-2OPAGELSQXD3402.5120.00000048.00.01.5-49749
 Data shape: torch.Size([10, 512, 512])
[INFO] File path: /nas-ctm01/datasets/public/medical_datasets/lung_ct_datasets/nlst/raw_data/manifest-1741808882472/NLST/214822/01-02-1999-NLST-ACRIN-48495/8816.000000-0OPAPHMX8000C314212045301.5-14343
 Data shape: torch.Size([10, 512, 512])
[INFO] File path: /nas-ctm01/datasets/public/medical_datasets/lung_ct_datasets/nlst/raw_data/manifest-1741808882472/NLST/213439/01-02-2001-NLST-ACRIN-84902/2.000000-2OPAGELSPR16BONE2941.21204029.11.4-47364
 Data shape: torch.Size([10, 512, 512])
[INFO] File path: /nas-ctm01/datasets/public/medical_datasets/lung_ct_datasets/nlst/raw_data/manifest-1741808882472/NLST/125450/01-02-2001-NLST-LSS-62630/3.000000-2OPASEVZOOMB50f376212075.040.0null-57683
 Data shape: torch.Size([10, 512, 512])
[INFO] File path: /nas-ctm01/datasets/public/medical_datasets/lung_ct_datasets/nlst/raw_data/manifest-1741808882472/NLST/126792/01-02-2000-NLST-LSS-85243/2.000000-1OPAGELS16D3402.514040.00.01.375-68792
 Data shape: torch.Size([10, 512, 512])
[INFO] File path: /nas-ctm01/datasets/public/medical_datasets/lung_ct_datasets/nlst/raw_data/manifest-1741808882472/NLST/213734/01-02-2001-NLST-ACRIN-82024/3.000000-2OPASESEN64B30f290212025251-46987
 Data shape: torch.Size([10, 512, 512])
[INFO] File path: /nas-ctm01/datasets/public/medical_datasets/lung_ct_datasets/nlst/raw_data/manifest-1741808882472/NLST/113502/01-02-2000-NLST-LSS-61201/4.000000-1OPAGELS16B3002.512060.00.11.375-78082
 Data shape: torch.Size([10, 512, 512])
[INFO] File path: /nas-ctm01/datasets/public/medical_datasets/lung_ct_datasets/nlst/raw_data/manifest-1741808882472/NLST/102136/01-02-2001-NLST-LSS-54921/6.000000-2OPASESEN16B50f351212045.030.0null-24162
 Data shape: torch.Size([10, 512, 512])
[INFO] File path: /nas-ctm01/datasets/public/medical_datasets/lung_ct_datasets/nlst/raw_data/manifest-1741808882472/NLST/112285/01-02-1999-NLST-LSS-88870/2.000000-0OPAGELS16B3802.514080.00.11.375-16778
 Data shape: torch.Size([10, 512, 512])
[INFO] File path: /nas-ctm01/datasets/public/medical_datasets/lung_ct_datasets/nlst/raw_data/manifest-1741808882472/NLST/100012/01-02-2000-NLST-LSS-60484/3.000000-1OPASEVZOOMB50f2802.012070.040.0null-22196
 Data shape: torch.Size([10, 512, 512])
[INFO] File path: /nas-ctm01/datasets/public/medical_datasets/lung_ct_datasets/nlst/raw_data/manifest-1741808882472/NLST/214419/01-02-2001-NLST-ACRIN-33610/2.000000-2OPAGELSQXSTANDARD3902.51204026.71.5-62052
 Data shape: torch.Size([10, 512, 512])
[INFO] File path: /nas-ctm01/datasets/public/medical_datasets/lung_ct_datasets/nlst/raw_data/manifest-1741808882472/NLST/126520/01-02-1999-NLST-LSS-64149/2.000000-0OPASEVZOOMB50f2802.012080.040.0null-57543
 Data shape: torch.Size([10, 512, 512])
[INFO] File path: /nas-ctm01/datasets/public/medical_datasets/lung_ct_datasets/nlst/raw_data/manifest-1741808882472/NLST/124533/01-02-2000-NLST-LSS-22537/1.000000-1OPAGELSPLUSLUNG3602.512080.00.11.5-18022
 Data shape: torch.Size([10, 512, 512])
[INFO] File path: /nas-ctm01/datasets/public/medical_datasets/lung_ct_datasets/nlst/raw_data/manifest-1741808882472/NLST/112041/01-02-1999-NLST-LSS-97057/2.000000-0OPASESEN16B30f3322120.00000040.032.0null-19159
 Data shape: torch.Size([10, 512, 512])
[INFO] File path: /nas-ctm01/datasets/public/medical_datasets/lung_ct_datasets/nlst/raw_data/manifest-1741808882472/NLST/108245/01-02-1999-NLST-LSS-09196/0.000000-0OPAPHMX8000D4003.212060.00.11.25-10900
 Data shape: torch.Size([10, 512, 512])
[INFO] File path: /nas-ctm01/datasets/public/medical_datasets/lung_ct_datasets/nlst/raw_data/manifest-1741808882472/NLST/117502/01-02-2001-NLST-LSS-28701/3.000000-2OPATOAQUL4FC51329.72-32003
 Data shape: torch.Size([10, 512, 512])
[INFO] File path: /nas-ctm01/datasets/public/medical_datasets/lung_ct_datasets/nlst/raw_data/manifest-1741808882472/NLST/112506/01-02-2001-NLST-LSS-91054/3.000000-2OPASEVZOOMB50f316212060.030.0null-76803
 Data shape: torch.Size([10, 512, 512])
Error executing job with overrides: []
Traceback (most recent call last):
  File "/nas-ctm01/homes/mipaiva/pipeline_template_pl/slurm_files/shell_script_files/../../src/scripts/run_experiment_pipeline.py", line 54, in run_hyperparameter_grid_based_execution_pipeline
    run_experiment_pipeline(config)
  File "/nas-ctm01/homes/mipaiva/pipeline_template_pl/slurm_files/shell_script_files/../../src/scripts/run_experiment_pipeline.py", line 155, in run_experiment_pipeline
    model_pipeline.train_model()
  File "/nas-ctm01/homes/mipaiva/pipeline_template_pl/src/modules/model/model_pipeline.py", line 67, in train_model
    self.pytorch_lightning_trainer.fit(
  File "/nas-ctm01/homes/mipaiva/.conda/envs/pipeline/lib/python3.11/site-packages/pytorch_lightning/trainer/trainer.py", line 532, in fit
    call._call_and_handle_interrupt(
  File "/nas-ctm01/homes/mipaiva/.conda/envs/pipeline/lib/python3.11/site-packages/pytorch_lightning/trainer/call.py", line 43, in _call_and_handle_interrupt
    return trainer_fn(*args, **kwargs)
           ^^^^^^^^^^^^^^^^^^^^^^^^^^^
  File "/nas-ctm01/homes/mipaiva/.conda/envs/pipeline/lib/python3.11/site-packages/pytorch_lightning/trainer/trainer.py", line 571, in _fit_impl
    self._run(model, ckpt_path=ckpt_path)
  File "/nas-ctm01/homes/mipaiva/.conda/envs/pipeline/lib/python3.11/site-packages/pytorch_lightning/trainer/trainer.py", line 980, in _run
    results = self._run_stage()
              ^^^^^^^^^^^^^^^^^
  File "/nas-ctm01/homes/mipaiva/.conda/envs/pipeline/lib/python3.11/site-packages/pytorch_lightning/trainer/trainer.py", line 1023, in _run_stage
    self.fit_loop.run()
  File "/nas-ctm01/homes/mipaiva/.conda/envs/pipeline/lib/python3.11/site-packages/pytorch_lightning/loops/fit_loop.py", line 202, in run
    self.advance()
  File "/nas-ctm01/homes/mipaiva/.conda/envs/pipeline/lib/python3.11/site-packages/pytorch_lightning/loops/fit_loop.py", line 355, in advance
    self.epoch_loop.run(self._data_fetcher)
  File "/nas-ctm01/homes/mipaiva/.conda/envs/pipeline/lib/python3.11/site-packages/pytorch_lightning/loops/training_epoch_loop.py", line 133, in run
    self.advance(data_fetcher)
  File "/nas-ctm01/homes/mipaiva/.conda/envs/pipeline/lib/python3.11/site-packages/pytorch_lightning/loops/training_epoch_loop.py", line 190, in advance
    batch = next(data_fetcher)
            ^^^^^^^^^^^^^^^^^^
  File "/nas-ctm01/homes/mipaiva/.conda/envs/pipeline/lib/python3.11/site-packages/pytorch_lightning/loops/fetchers.py", line 126, in __next__
    batch = super().__next__()
            ^^^^^^^^^^^^^^^^^^
  File "/nas-ctm01/homes/mipaiva/.conda/envs/pipeline/lib/python3.11/site-packages/pytorch_lightning/loops/fetchers.py", line 58, in __next__
    batch = next(self.iterator)
            ^^^^^^^^^^^^^^^^^^^
  File "/nas-ctm01/homes/mipaiva/.conda/envs/pipeline/lib/python3.11/site-packages/pytorch_lightning/utilities/combined_loader.py", line 285, in __next__
    out = next(self._iterator)
          ^^^^^^^^^^^^^^^^^^^^
  File "/nas-ctm01/homes/mipaiva/.conda/envs/pipeline/lib/python3.11/site-packages/pytorch_lightning/utilities/combined_loader.py", line 65, in __next__
    out[i] = next(self.iterators[i])
             ^^^^^^^^^^^^^^^^^^^^^^^
  File "/nas-ctm01/homes/mipaiva/.conda/envs/pipeline/lib/python3.11/site-packages/torch/utils/data/dataloader.py", line 633, in __next__
    data = self._next_data()
           ^^^^^^^^^^^^^^^^^
  File "/nas-ctm01/homes/mipaiva/.conda/envs/pipeline/lib/python3.11/site-packages/torch/utils/data/dataloader.py", line 1325, in _next_data
    return self._process_data(data)
           ^^^^^^^^^^^^^^^^^^^^^^^^
  File "/nas-ctm01/homes/mipaiva/.conda/envs/pipeline/lib/python3.11/site-packages/torch/utils/data/dataloader.py", line 1371, in _process_data
    data.reraise()
  File "/nas-ctm01/homes/mipaiva/.conda/envs/pipeline/lib/python3.11/site-packages/torch/_utils.py", line 644, in reraise
    raise exception
RuntimeError: Caught RuntimeError in DataLoader worker process 9.
Original Traceback (most recent call last):
  File "/nas-ctm01/homes/mipaiva/.conda/envs/pipeline/lib/python3.11/site-packages/torch/utils/data/_utils/worker.py", line 308, in _worker_loop
    data = fetcher.fetch(index)
           ^^^^^^^^^^^^^^^^^^^^
  File "/nas-ctm01/homes/mipaiva/.conda/envs/pipeline/lib/python3.11/site-packages/torch/utils/data/_utils/fetch.py", line 54, in fetch
    return self.collate_fn(data)
           ^^^^^^^^^^^^^^^^^^^^^
  File "/nas-ctm01/homes/mipaiva/.conda/envs/pipeline/lib/python3.11/site-packages/torch/utils/data/_utils/collate.py", line 265, in default_collate
    return collate(batch, collate_fn_map=default_collate_fn_map)
           ^^^^^^^^^^^^^^^^^^^^^^^^^^^^^^^^^^^^^^^^^^^^^^^^^^^^^
  File "/nas-ctm01/homes/mipaiva/.conda/envs/pipeline/lib/python3.11/site-packages/torch/utils/data/_utils/collate.py", line 142, in collate
    return [collate(samples, collate_fn_map=collate_fn_map) for samples in transposed]  # Backwards compatibility.
           ^^^^^^^^^^^^^^^^^^^^^^^^^^^^^^^^^^^^^^^^^^^^^^^^^^^^^^^^^^^^^^^^^^^^^^^^^^^
  File "/nas-ctm01/homes/mipaiva/.conda/envs/pipeline/lib/python3.11/site-packages/torch/utils/data/_utils/collate.py", line 142, in <listcomp>
    return [collate(samples, collate_fn_map=collate_fn_map) for samples in transposed]  # Backwards compatibility.
            ^^^^^^^^^^^^^^^^^^^^^^^^^^^^^^^^^^^^^^^^^^^^^^^
  File "/nas-ctm01/homes/mipaiva/.conda/envs/pipeline/lib/python3.11/site-packages/torch/utils/data/_utils/collate.py", line 127, in collate
    return elem_type({key: collate([d[key] for d in batch], collate_fn_map=collate_fn_map) for key in elem})
                     ^^^^^^^^^^^^^^^^^^^^^^^^^^^^^^^^^^^^^^^^^^^^^^^^^^^^^^^^^^^^^^^^^^^^^^^^^^^^^^^^^^^^^^
  File "/nas-ctm01/homes/mipaiva/.conda/envs/pipeline/lib/python3.11/site-packages/torch/utils/data/_utils/collate.py", line 127, in <dictcomp>
    return elem_type({key: collate([d[key] for d in batch], collate_fn_map=collate_fn_map) for key in elem})
                           ^^^^^^^^^^^^^^^^^^^^^^^^^^^^^^^^^^^^^^^^^^^^^^^^^^^^^^^^^^^^^^^
  File "/nas-ctm01/homes/mipaiva/.conda/envs/pipeline/lib/python3.11/site-packages/torch/utils/data/_utils/collate.py", line 119, in collate
    return collate_fn_map[elem_type](batch, collate_fn_map=collate_fn_map)
           ^^^^^^^^^^^^^^^^^^^^^^^^^^^^^^^^^^^^^^^^^^^^^^^^^^^^^^^^^^^^^^^
  File "/nas-ctm01/homes/mipaiva/.conda/envs/pipeline/lib/python3.11/site-packages/torch/utils/data/_utils/collate.py", line 161, in collate_tensor_fn
    out = elem.new(storage).resize_(len(batch), *list(elem.size()))
          ^^^^^^^^^^^^^^^^^^^^^^^^^^^^^^^^^^^^^^^^^^^^^^^^^^^^^^^^^
RuntimeError: Trying to resize storage that is not resizable


Set the environment variable HYDRA_FULL_ERROR=1 for a complete stack trace.
[1;34mwandb[0m: 
[1;34mwandb[0m: 🚀 View run [33mresnet50_25d_73_1_fold1[0m at: [34mhttps://wandb.ai/maria-i-paiva-inesc-tec/comparative_study_25/runs/wl3l4iza[0m
[1;34mwandb[0m: Find logs at: [1;35m../../experiment_results/experiment_73/version_1/wandb/run-20250516_234230-wl3l4iza/logs[0m
srun: error: 01.ctm-deep-08: task 0: Exited with exit code 1
wandb: Currently logged in as: maria-i-paiva (maria-i-paiva-inesc-tec) to https://api.wandb.ai. Use `wandb login --relogin` to force relogin
wandb: WARNING Using a boolean value for 'reinit' is deprecated. Use 'return_previous' or 'finish_previous' instead.
wandb: Tracking run with wandb version 0.19.11
wandb: Run data is saved locally in /nas-ctm01/homes/mipaiva/pipeline_template_pl/experiment_results/experiment_74/version_1/wandb/run-20250516_234248-gz88nt8y
wandb: Run `wandb offline` to turn off syncing.
wandb: Syncing run vgg16_25d_74_1_fold1
wandb: ⭐️ View project at https://wandb.ai/maria-i-paiva-inesc-tec/comparative_study_25
wandb: 🚀 View run at https://wandb.ai/maria-i-paiva-inesc-tec/comparative_study_25/runs/gz88nt8y

**************************************************  Experiment 74 | Version 1 **************************************************
Label column '5y' found in metadata. Available columns: ['pid', 'study_yr', 'path', 'sct_slice_num_og', 'stage', '1y', '2y', '5y', '10y', 'fup_days', 'sct_nod_err']

Running model pipeline for data fold 1...
Label column '5y' found in metadata. Available columns: ['pid', 'study_yr', 'path', 'sct_slice_num_og', 'stage', '1y', '2y', '5y', '10y', 'fup_days', 'sct_nod_err']
[INFO] File path: /nas-ctm01/datasets/public/medical_datasets/lung_ct_datasets/nlst/raw_data/manifest-1741808882472/NLST/112041/01-02-1999-NLST-LSS-97057/2.000000-0OPASESEN16B30f3322120.00000040.032.0null-19159
 Data shape: torch.Size([10, 512, 512])
[INFO] File path: /nas-ctm01/datasets/public/medical_datasets/lung_ct_datasets/nlst/raw_data/manifest-1741808882472/NLST/108245/01-02-1999-NLST-LSS-09196/0.000000-0OPAPHMX8000D4003.212060.00.11.25-10900
 Data shape: torch.Size([10, 512, 512])
[INFO] File path: /nas-ctm01/datasets/public/medical_datasets/lung_ct_datasets/nlst/raw_data/manifest-1741808882472/NLST/117502/01-02-2001-NLST-LSS-28701/3.000000-2OPATOAQUL4FC51329.72-32003
 Data shape: torch.Size([10, 512, 512])
[INFO] File path: /nas-ctm01/datasets/public/medical_datasets/lung_ct_datasets/nlst/raw_data/manifest-1741808882472/NLST/112506/01-02-2001-NLST-LSS-91054/3.000000-2OPASEVZOOMB50f316212060.030.0null-76803
 Data shape: torch.Size([10, 512, 512])
[INFO] File path: /nas-ctm01/datasets/public/medical_datasets/lung_ct_datasets/nlst/raw_data/manifest-1741808882472/NLST/100012/01-02-2000-NLST-LSS-60484/3.000000-1OPASEVZOOMB50f2802.012070.040.0null-22196
 Data shape: torch.Size([10, 512, 512])
[INFO] File path: /nas-ctm01/datasets/public/medical_datasets/lung_ct_datasets/nlst/raw_data/manifest-1741808882472/NLST/214419/01-02-2001-NLST-ACRIN-33610/2.000000-2OPAGELSQXSTANDARD3902.51204026.71.5-62052
 Data shape: torch.Size([10, 512, 512])
[INFO] File path: /nas-ctm01/datasets/public/medical_datasets/lung_ct_datasets/nlst/raw_data/manifest-1741808882472/NLST/126520/01-02-1999-NLST-LSS-64149/2.000000-0OPASEVZOOMB50f2802.012080.040.0null-57543
 Data shape: torch.Size([10, 512, 512])
[INFO] File path: /nas-ctm01/datasets/public/medical_datasets/lung_ct_datasets/nlst/raw_data/manifest-1741808882472/NLST/124533/01-02-2000-NLST-LSS-22537/1.000000-1OPAGELSPLUSLUNG3602.512080.00.11.5-18022
 Data shape: torch.Size([10, 512, 512])
[INFO] File path: /nas-ctm01/datasets/public/medical_datasets/lung_ct_datasets/nlst/raw_data/manifest-1741808882472/NLST/214822/01-02-1999-NLST-ACRIN-48495/8816.000000-0OPAPHMX8000C314212045301.5-14343
 Data shape: torch.Size([10, 512, 512])
[INFO] File path: /nas-ctm01/datasets/public/medical_datasets/lung_ct_datasets/nlst/raw_data/manifest-1741808882472/NLST/213439/01-02-2001-NLST-ACRIN-84902/2.000000-2OPAGELSPR16BONE2941.21204029.11.4-47364
 Data shape: torch.Size([10, 512, 512])
[INFO] File path: /nas-ctm01/datasets/public/medical_datasets/lung_ct_datasets/nlst/raw_data/manifest-1741808882472/NLST/125450/01-02-2001-NLST-LSS-62630/3.000000-2OPASEVZOOMB50f376212075.040.0null-57683
 Data shape: torch.Size([10, 512, 512])
[INFO] File path: /nas-ctm01/datasets/public/medical_datasets/lung_ct_datasets/nlst/raw_data/manifest-1741808882472/NLST/126792/01-02-2000-NLST-LSS-85243/2.000000-1OPAGELS16D3402.514040.00.01.375-68792
 Data shape: torch.Size([10, 512, 512])
[INFO] File path: /nas-ctm01/datasets/public/medical_datasets/lung_ct_datasets/nlst/raw_data/manifest-1741808882472/NLST/105340/01-02-2000-NLST-LSS-88960/6.000000-1OPASESEN16B50f314212045.030.0null-33608
 Data shape: torch.Size([10, 512, 512])
[INFO] File path: /nas-ctm01/datasets/public/medical_datasets/lung_ct_datasets/nlst/raw_data/manifest-1741808882472/NLST/204473/01-02-1999-NLST-ACRIN-17889/2.000000-0OPAGELSULTSTANDARD3601.21204029.61.4-81173
 Data shape: torch.Size([10, 512, 512])
[INFO] File path: /nas-ctm01/datasets/public/medical_datasets/lung_ct_datasets/nlst/raw_data/manifest-1741808882472/NLST/124190/01-02-2000-NLST-LSS-50524/6.000000-1OPASESEN16B50f340212045.030.0null-39329
 Data shape: torch.Size([0, 512, 512])
[INFO] File path: /nas-ctm01/datasets/public/medical_datasets/lung_ct_datasets/nlst/raw_data/manifest-1741808882472/NLST/130315/01-02-1999-NLST-LSS-70411/2.000000-0OPAGELSPLUSD2902.514040.00.01.5-59408
 Data shape: torch.Size([10, 512, 512])
[INFO] File path: /nas-ctm01/datasets/public/medical_datasets/lung_ct_datasets/nlst/raw_data/manifest-1741808882472/NLST/215151/01-02-2000-NLST-ACRIN-00628/3.000000-1OPAGELSULTBONE3601.21203034.30.9-21844
 Data shape: torch.Size([10, 512, 512])
[INFO] File path: /nas-ctm01/datasets/public/medical_datasets/lung_ct_datasets/nlst/raw_data/manifest-1741808882472/NLST/217438/01-02-2001-NLST-ACRIN-53685/4.000000-2OPASESEN64B30f281212045451-13768
 Data shape: torch.Size([10, 512, 512])
[INFO] File path: /nas-ctm01/datasets/public/medical_datasets/lung_ct_datasets/nlst/raw_data/manifest-1741808882472/NLST/106000/01-02-2001-NLST-LSS-04892/5.000000-2OPASEVZOOMB50f327212060.030.0null-08611
 Data shape: torch.Size([10, 512, 512])
[INFO] File path: /nas-ctm01/datasets/public/medical_datasets/lung_ct_datasets/nlst/raw_data/manifest-1741808882472/NLST/212615/01-02-1999-NLST-ACRIN-75740/5211.000000-0OPAPHMX8000D2881.312090601.5-32444
 Data shape: torch.Size([10, 512, 512])
[INFO] File path: /nas-ctm01/datasets/public/medical_datasets/lung_ct_datasets/nlst/raw_data/manifest-1741808882472/NLST/206687/01-02-1999-NLST-ACRIN-20425/3.000000-0OPAGELS16BONE2742.51203626.21.4-96121
 Data shape: torch.Size([10, 512, 512])
[INFO] File path: /nas-ctm01/datasets/public/medical_datasets/lung_ct_datasets/nlst/raw_data/manifest-1741808882472/NLST/104564/01-02-1999-NLST-LSS-74150/3075.000000-0OPAPHMX8000C3572120.000000140.2580.01.75-70996
 Data shape: torch.Size([10, 512, 512])
[INFO] File path: /nas-ctm01/datasets/public/medical_datasets/lung_ct_datasets/nlst/raw_data/manifest-1741808882472/NLST/110061/01-02-1999-NLST-LSS-58333/1.000000-0OPAGELSPLUSLUNG3602.512080.00.11.5-95127
 Data shape: torch.Size([10, 512, 512])
[INFO] File path: /nas-ctm01/datasets/public/medical_datasets/lung_ct_datasets/nlst/raw_data/manifest-1741808882472/NLST/200209/01-02-2000-NLST-ACRIN-10216/3.000000-1OPAGELSPLUSLUNG4002.51204026.71.5-42354
 Data shape: torch.Size([10, 512, 512])
[INFO] File path: /nas-ctm01/datasets/public/medical_datasets/lung_ct_datasets/nlst/raw_data/manifest-1741808882472/NLST/120573/01-02-2001-NLST-LSS-24857/2.000000-2OPAGEHSQXD2902.512056.00.11.5-81171
 Data shape: torch.Size([10, 512, 512])
[INFO] File path: /nas-ctm01/datasets/public/medical_datasets/lung_ct_datasets/nlst/raw_data/manifest-1741808882472/NLST/100280/01-02-2000-NLST-LSS-98495/2.000000-1OPASESEN16B50f2822.012045.030.0null-87490
 Data shape: torch.Size([10, 512, 512])
[INFO] File path: /nas-ctm01/datasets/public/medical_datasets/lung_ct_datasets/nlst/raw_data/manifest-1741808882472/NLST/207391/01-02-1999-NLST-ACRIN-60132/4.000000-0OPATOAQUL4FC51412.1212080nana-30154
 Data shape: torch.Size([10, 512, 512])
[INFO] File path: /nas-ctm01/datasets/public/medical_datasets/lung_ct_datasets/nlst/raw_data/manifest-1741808882472/NLST/129155/01-02-2001-NLST-LSS-00217/2.000000-2OPAGELSQXD3402.5120.00000048.00.01.5-49749
 Data shape: torch.Size([10, 512, 512])
[INFO] File path: /nas-ctm01/datasets/public/medical_datasets/lung_ct_datasets/nlst/raw_data/manifest-1741808882472/NLST/213734/01-02-2001-NLST-ACRIN-82024/3.000000-2OPASESEN64B30f290212025251-46987
 Data shape: torch.Size([10, 512, 512])
[INFO] File path: /nas-ctm01/datasets/public/medical_datasets/lung_ct_datasets/nlst/raw_data/manifest-1741808882472/NLST/113502/01-02-2000-NLST-LSS-61201/4.000000-1OPAGELS16B3002.512060.00.11.375-78082
 Data shape: torch.Size([10, 512, 512])
[INFO] File path: /nas-ctm01/datasets/public/medical_datasets/lung_ct_datasets/nlst/raw_data/manifest-1741808882472/NLST/102136/01-02-2001-NLST-LSS-54921/6.000000-2OPASESEN16B50f351212045.030.0null-24162
 Data shape: torch.Size([10, 512, 512])
[INFO] File path: /nas-ctm01/datasets/public/medical_datasets/lung_ct_datasets/nlst/raw_data/manifest-1741808882472/NLST/112285/01-02-1999-NLST-LSS-88870/2.000000-0OPAGELS16B3802.514080.00.11.375-16778
 Data shape: torch.Size([10, 512, 512])
Error executing job with overrides: []
Traceback (most recent call last):
  File "/nas-ctm01/homes/mipaiva/pipeline_template_pl/slurm_files/shell_script_files/../../src/scripts/run_experiment_pipeline.py", line 54, in run_hyperparameter_grid_based_execution_pipeline
    run_experiment_pipeline(config)
  File "/nas-ctm01/homes/mipaiva/pipeline_template_pl/slurm_files/shell_script_files/../../src/scripts/run_experiment_pipeline.py", line 155, in run_experiment_pipeline
    model_pipeline.train_model()
  File "/nas-ctm01/homes/mipaiva/pipeline_template_pl/src/modules/model/model_pipeline.py", line 67, in train_model
    self.pytorch_lightning_trainer.fit(
  File "/nas-ctm01/homes/mipaiva/.conda/envs/pipeline/lib/python3.11/site-packages/pytorch_lightning/trainer/trainer.py", line 532, in fit
    call._call_and_handle_interrupt(
  File "/nas-ctm01/homes/mipaiva/.conda/envs/pipeline/lib/python3.11/site-packages/pytorch_lightning/trainer/call.py", line 43, in _call_and_handle_interrupt
    return trainer_fn(*args, **kwargs)
           ^^^^^^^^^^^^^^^^^^^^^^^^^^^
  File "/nas-ctm01/homes/mipaiva/.conda/envs/pipeline/lib/python3.11/site-packages/pytorch_lightning/trainer/trainer.py", line 571, in _fit_impl
    self._run(model, ckpt_path=ckpt_path)
  File "/nas-ctm01/homes/mipaiva/.conda/envs/pipeline/lib/python3.11/site-packages/pytorch_lightning/trainer/trainer.py", line 980, in _run
    results = self._run_stage()
              ^^^^^^^^^^^^^^^^^
  File "/nas-ctm01/homes/mipaiva/.conda/envs/pipeline/lib/python3.11/site-packages/pytorch_lightning/trainer/trainer.py", line 1023, in _run_stage
    self.fit_loop.run()
  File "/nas-ctm01/homes/mipaiva/.conda/envs/pipeline/lib/python3.11/site-packages/pytorch_lightning/loops/fit_loop.py", line 202, in run
    self.advance()
  File "/nas-ctm01/homes/mipaiva/.conda/envs/pipeline/lib/python3.11/site-packages/pytorch_lightning/loops/fit_loop.py", line 355, in advance
    self.epoch_loop.run(self._data_fetcher)
  File "/nas-ctm01/homes/mipaiva/.conda/envs/pipeline/lib/python3.11/site-packages/pytorch_lightning/loops/training_epoch_loop.py", line 133, in run
    self.advance(data_fetcher)
  File "/nas-ctm01/homes/mipaiva/.conda/envs/pipeline/lib/python3.11/site-packages/pytorch_lightning/loops/training_epoch_loop.py", line 190, in advance
    batch = next(data_fetcher)
            ^^^^^^^^^^^^^^^^^^
  File "/nas-ctm01/homes/mipaiva/.conda/envs/pipeline/lib/python3.11/site-packages/pytorch_lightning/loops/fetchers.py", line 126, in __next__
    batch = super().__next__()
            ^^^^^^^^^^^^^^^^^^
  File "/nas-ctm01/homes/mipaiva/.conda/envs/pipeline/lib/python3.11/site-packages/pytorch_lightning/loops/fetchers.py", line 58, in __next__
    batch = next(self.iterator)
            ^^^^^^^^^^^^^^^^^^^
  File "/nas-ctm01/homes/mipaiva/.conda/envs/pipeline/lib/python3.11/site-packages/pytorch_lightning/utilities/combined_loader.py", line 285, in __next__
    out = next(self._iterator)
          ^^^^^^^^^^^^^^^^^^^^
  File "/nas-ctm01/homes/mipaiva/.conda/envs/pipeline/lib/python3.11/site-packages/pytorch_lightning/utilities/combined_loader.py", line 65, in __next__
    out[i] = next(self.iterators[i])
             ^^^^^^^^^^^^^^^^^^^^^^^
  File "/nas-ctm01/homes/mipaiva/.conda/envs/pipeline/lib/python3.11/site-packages/torch/utils/data/dataloader.py", line 633, in __next__
    data = self._next_data()
           ^^^^^^^^^^^^^^^^^
  File "/nas-ctm01/homes/mipaiva/.conda/envs/pipeline/lib/python3.11/site-packages/torch/utils/data/dataloader.py", line 1325, in _next_data
    return self._process_data(data)
           ^^^^^^^^^^^^^^^^^^^^^^^^
  File "/nas-ctm01/homes/mipaiva/.conda/envs/pipeline/lib/python3.11/site-packages/torch/utils/data/dataloader.py", line 1371, in _process_data
    data.reraise()
  File "/nas-ctm01/homes/mipaiva/.conda/envs/pipeline/lib/python3.11/site-packages/torch/_utils.py", line 644, in reraise
    raise exception
RuntimeError: Caught RuntimeError in DataLoader worker process 9.
Original Traceback (most recent call last):
  File "/nas-ctm01/homes/mipaiva/.conda/envs/pipeline/lib/python3.11/site-packages/torch/utils/data/_utils/worker.py", line 308, in _worker_loop
    data = fetcher.fetch(index)
           ^^^^^^^^^^^^^^^^^^^^
  File "/nas-ctm01/homes/mipaiva/.conda/envs/pipeline/lib/python3.11/site-packages/torch/utils/data/_utils/fetch.py", line 54, in fetch
    return self.collate_fn(data)
           ^^^^^^^^^^^^^^^^^^^^^
  File "/nas-ctm01/homes/mipaiva/.conda/envs/pipeline/lib/python3.11/site-packages/torch/utils/data/_utils/collate.py", line 265, in default_collate
    return collate(batch, collate_fn_map=default_collate_fn_map)
           ^^^^^^^^^^^^^^^^^^^^^^^^^^^^^^^^^^^^^^^^^^^^^^^^^^^^^
  File "/nas-ctm01/homes/mipaiva/.conda/envs/pipeline/lib/python3.11/site-packages/torch/utils/data/_utils/collate.py", line 142, in collate
    return [collate(samples, collate_fn_map=collate_fn_map) for samples in transposed]  # Backwards compatibility.
           ^^^^^^^^^^^^^^^^^^^^^^^^^^^^^^^^^^^^^^^^^^^^^^^^^^^^^^^^^^^^^^^^^^^^^^^^^^^
  File "/nas-ctm01/homes/mipaiva/.conda/envs/pipeline/lib/python3.11/site-packages/torch/utils/data/_utils/collate.py", line 142, in <listcomp>
    return [collate(samples, collate_fn_map=collate_fn_map) for samples in transposed]  # Backwards compatibility.
            ^^^^^^^^^^^^^^^^^^^^^^^^^^^^^^^^^^^^^^^^^^^^^^^
  File "/nas-ctm01/homes/mipaiva/.conda/envs/pipeline/lib/python3.11/site-packages/torch/utils/data/_utils/collate.py", line 127, in collate
    return elem_type({key: collate([d[key] for d in batch], collate_fn_map=collate_fn_map) for key in elem})
                     ^^^^^^^^^^^^^^^^^^^^^^^^^^^^^^^^^^^^^^^^^^^^^^^^^^^^^^^^^^^^^^^^^^^^^^^^^^^^^^^^^^^^^^
  File "/nas-ctm01/homes/mipaiva/.conda/envs/pipeline/lib/python3.11/site-packages/torch/utils/data/_utils/collate.py", line 127, in <dictcomp>
    return elem_type({key: collate([d[key] for d in batch], collate_fn_map=collate_fn_map) for key in elem})
                           ^^^^^^^^^^^^^^^^^^^^^^^^^^^^^^^^^^^^^^^^^^^^^^^^^^^^^^^^^^^^^^^
  File "/nas-ctm01/homes/mipaiva/.conda/envs/pipeline/lib/python3.11/site-packages/torch/utils/data/_utils/collate.py", line 119, in collate
    return collate_fn_map[elem_type](batch, collate_fn_map=collate_fn_map)
           ^^^^^^^^^^^^^^^^^^^^^^^^^^^^^^^^^^^^^^^^^^^^^^^^^^^^^^^^^^^^^^^
  File "/nas-ctm01/homes/mipaiva/.conda/envs/pipeline/lib/python3.11/site-packages/torch/utils/data/_utils/collate.py", line 161, in collate_tensor_fn
    out = elem.new(storage).resize_(len(batch), *list(elem.size()))
          ^^^^^^^^^^^^^^^^^^^^^^^^^^^^^^^^^^^^^^^^^^^^^^^^^^^^^^^^^
RuntimeError: Trying to resize storage that is not resizable


Set the environment variable HYDRA_FULL_ERROR=1 for a complete stack trace.
[1;34mwandb[0m: 
[1;34mwandb[0m: 🚀 View run [33mvgg16_25d_74_1_fold1[0m at: [34mhttps://wandb.ai/maria-i-paiva-inesc-tec/comparative_study_25/runs/gz88nt8y[0m
[1;34mwandb[0m: Find logs at: [1;35m../../experiment_results/experiment_74/version_1/wandb/run-20250516_234248-gz88nt8y/logs[0m
srun: error: 01.ctm-deep-08: task 0: Exited with exit code 1
Finish time: 2025-05-16 23:43:03
