Initialization time: 2025-05-16 22:04:49
Error executing job with overrides: []
Traceback (most recent call last):
  File "/nas-ctm01/homes/mipaiva/pipeline_template_pl/slurm_files/shell_script_files/../../src/scripts/run_experiment_pipeline.py", line 54, in run_hyperparameter_grid_based_execution_pipeline
    run_experiment_pipeline(config)
  File "/nas-ctm01/homes/mipaiva/pipeline_template_pl/slurm_files/shell_script_files/../../src/scripts/run_experiment_pipeline.py", line 109, in run_experiment_pipeline
    dataloader = PreprocessedDataLoader(
                 ^^^^^^^^^^^^^^^^^^^^^^^
  File "/nas-ctm01/homes/mipaiva/pipeline_template_pl/src/modules/data/dataloader/preprocessed_dataloader.py", line 26, in __new__
    return NLSTPreprocessedKFoldDataLoader(
           ^^^^^^^^^^^^^^^^^^^^^^^^^^^^^^^^
  File "/nas-ctm01/homes/mipaiva/pipeline_template_pl/src/modules/data/dataloader/preprocessed_dataloaders/nlst_preprocessed_dataloader.py", line 49, in __init__
    self._set_dataloaders()
  File "/nas-ctm01/homes/mipaiva/pipeline_template_pl/src/modules/data/dataloader/preprocessed_dataloaders/nlst_preprocessed_dataloader.py", line 101, in _set_dataloaders
    self._get_torch_dataloader(
  File "/nas-ctm01/homes/mipaiva/pipeline_template_pl/src/modules/data/dataloader/preprocessed_dataloaders/nlst_preprocessed_dataloader.py", line 72, in _get_torch_dataloader
    dataset=NLSTPreprocessedDataLoader(
            ^^^^^^^^^^^^^^^^^^^^^^^^^^^
TypeError: NLSTPreprocessedDataLoader.__init__() got an unexpected keyword argument 'collate_fn'

Set the environment variable HYDRA_FULL_ERROR=1 for a complete stack trace.

**************************************************  Experiment 53 | Version 1 **************************************************
Label column '5y' found in metadata. Available columns: ['pid', 'study_yr', 'path', 'sct_slice_num_og', 'stage', '1y', '2y', '5y', '10y', 'fup_days', 'sct_nod_err']
srun: error: 01.ctm-deep-08: task 0: Exited with exit code 1
Error executing job with overrides: []
Traceback (most recent call last):
  File "/nas-ctm01/homes/mipaiva/pipeline_template_pl/slurm_files/shell_script_files/../../src/scripts/run_experiment_pipeline.py", line 54, in run_hyperparameter_grid_based_execution_pipeline
    run_experiment_pipeline(config)
  File "/nas-ctm01/homes/mipaiva/pipeline_template_pl/slurm_files/shell_script_files/../../src/scripts/run_experiment_pipeline.py", line 109, in run_experiment_pipeline
    dataloader = PreprocessedDataLoader(
                 ^^^^^^^^^^^^^^^^^^^^^^^
  File "/nas-ctm01/homes/mipaiva/pipeline_template_pl/src/modules/data/dataloader/preprocessed_dataloader.py", line 26, in __new__
    return NLSTPreprocessedKFoldDataLoader(
           ^^^^^^^^^^^^^^^^^^^^^^^^^^^^^^^^
  File "/nas-ctm01/homes/mipaiva/pipeline_template_pl/src/modules/data/dataloader/preprocessed_dataloaders/nlst_preprocessed_dataloader.py", line 49, in __init__
    self._set_dataloaders()
  File "/nas-ctm01/homes/mipaiva/pipeline_template_pl/src/modules/data/dataloader/preprocessed_dataloaders/nlst_preprocessed_dataloader.py", line 101, in _set_dataloaders
    self._get_torch_dataloader(
  File "/nas-ctm01/homes/mipaiva/pipeline_template_pl/src/modules/data/dataloader/preprocessed_dataloaders/nlst_preprocessed_dataloader.py", line 72, in _get_torch_dataloader
    dataset=NLSTPreprocessedDataLoader(
            ^^^^^^^^^^^^^^^^^^^^^^^^^^^
TypeError: NLSTPreprocessedDataLoader.__init__() got an unexpected keyword argument 'collate_fn'

**************************************************  Experiment 54 | Version 1 **************************************************
Label column '5y' found in metadata. Available columns: ['pid', 'study_yr', 'path', 'sct_slice_num_og', 'stage', '1y', '2y', '5y', '10y', 'fup_days', 'sct_nod_err']

Set the environment variable HYDRA_FULL_ERROR=1 for a complete stack trace.
srun: error: 01.ctm-deep-08: task 0: Exited with exit code 1
Finish time: 2025-05-16 22:05:05
