Initialization time: 2025-05-20 17:47:48
wandb: Currently logged in as: maria-i-paiva (maria-i-paiva-inesc-tec) to https://api.wandb.ai. Use `wandb login --relogin` to force relogin
wandb: WARNING Using a boolean value for 'reinit' is deprecated. Use 'return_previous' or 'finish_previous' instead.
wandb: Tracking run with wandb version 0.19.11
wandb: Run data is saved locally in /nas-ctm01/homes/mipaiva/pipeline_template_pl/experiment_results/experiment_107/version_66/wandb/run-20250520_174758-olw3ra6q
wandb: Run `wandb offline` to turn off syncing.
wandb: Syncing run vgg16_3d_107_66_fold1
wandb: ⭐️ View project at https://wandb.ai/maria-i-paiva-inesc-tec/comparative_study_3d_norm
wandb: 🚀 View run at https://wandb.ai/maria-i-paiva-inesc-tec/comparative_study_3d_norm/runs/olw3ra6q
Error executing job with overrides: []
Traceback (most recent call last):
  File "/nas-ctm01/homes/mipaiva/pipeline_template_pl/slurm_files/shell_script_files/../../src/scripts/run_experiment_pipeline.py", line 54, in run_hyperparameter_grid_based_execution_pipeline
    run_experiment_pipeline(config)
  File "/nas-ctm01/homes/mipaiva/pipeline_template_pl/slurm_files/shell_script_files/../../src/scripts/run_experiment_pipeline.py", line 149, in run_experiment_pipeline
    model_pipeline = ModelPipeline(
                     ^^^^^^^^^^^^^^
  File "/nas-ctm01/homes/mipaiva/pipeline_template_pl/src/modules/model/model_pipeline.py", line 33, in __init__
    self.pytorch_lightning_model = PyTorchLightningModel(
                                   ^^^^^^^^^^^^^^^^^^^^^^
  File "/nas-ctm01/homes/mipaiva/pipeline_template_pl/src/modules/model/pytorch_lightning_model.py", line 38, in __new__
    return PyTorchLightningVGG163dModel(
           ^^^^^^^^^^^^^^^^^^^^^^^^^^^^^
TypeError: PyTorchLightningVGG163dModel.__init__() got an unexpected keyword argument 'test_dataloader'

Set the environment variable HYDRA_FULL_ERROR=1 for a complete stack trace.

**************************************************  Experiment 107 | Version 66 **************************************************
Label column '5y' found in metadata. Available columns: ['pid', 'study_yr', 'path', 'sct_slice_num_og', 'stage', '1y', '2y', '5y', '10y', 'fup_days', 'sct_nod_err']

Running model pipeline for data fold 1...
[1;34mwandb[0m: 
[1;34mwandb[0m: 🚀 View run [33mvgg16_3d_107_66_fold1[0m at: [34mhttps://wandb.ai/maria-i-paiva-inesc-tec/comparative_study_3d_norm/runs/olw3ra6q[0m
[1;34mwandb[0m: Find logs at: [1;35m../../experiment_results/experiment_107/version_66/wandb/run-20250520_174758-olw3ra6q/logs[0m
srun: error: 01.ctm-deep-08: task 0: Exited with exit code 1
Finish time: 2025-05-20 17:48:02
