Initialization time: 2025-06-16 21:14:50

**************************************************  Experiment 33 | Version 1 **************************************************
Label column '5y' found in metadata. Available columns: ['pid', 'study_yr', 'path', 'sct_slice_num_og', 'stage', '1y', '2y', '5y', '10y', 'fup_days', 'lung_side', 'de_stag', 'de_stag_7thed', 'sct_slice_new', 'sct_nod_err']

âœ… Saved split assignments to 'lung_metadata_with_splits.csv'

Using WeightedRandomSampler for train subset

Using WeightedRandomSampler for train subset

Using WeightedRandomSampler for train subset

âœ… Set train dataloaders with 3 folds
  - Fold 1: 210 samples
    Label distribution: {0: 158, 1: 52}
    Batch label distribution: {0.0: 8, 1.0: 8}
    Batch label distribution: {0.0: 9, 1.0: 7}
    Batch label distribution: {0.0: 8, 1.0: 8}
    Batch label distribution: {0.0: 7, 1.0: 9}
    Batch label distribution: {0.0: 8, 1.0: 8}
    Batch label distribution: {0.0: 10, 1.0: 6}
    Batch label distribution: {0.0: 8, 1.0: 8}
    Batch label distribution: {0.0: 6, 1.0: 10}
    Batch label distribution: {0.0: 9, 1.0: 7}
    Batch label distribution: {0.0: 9, 1.0: 7}
    Batch label distribution: {0.0: 11, 1.0: 5}
    Batch label distribution: {0.0: 9, 1.0: 7}
    Batch label distribution: {0.0: 10, 1.0: 6}
    Batch label distribution: {1.0: 2}
  - Fold 2: 210 samples
    Label distribution: {0: 158, 1: 52}
    Batch label distribution: {0.0: 10, 1.0: 6}
    Batch label distribution: {0.0: 8, 1.0: 8}
    Batch label distribution: {0.0: 4, 1.0: 12}
    Batch label distribution: {0.0: 12, 1.0: 4}
    Batch label distribution: {0.0: 5, 1.0: 11}
    Batch label distribution: {0.0: 10, 1.0: 6}
    Batch label distribution: {0.0: 13, 1.0: 3}
    Batch label distribution: {0.0: 7, 1.0: 9}
    Batch label distribution: {0.0: 9, 1.0: 7}
    Batch label distribution: {0.0: 11, 1.0: 5}
    Batch label distribution: {0.0: 9, 1.0: 7}
    Batch label distribution: {0.0: 6, 1.0: 10}
    Batch label distribution: {0.0: 4, 1.0: 12}
    Batch label distribution: {1.0: 2}
  - Fold 3: 210 samples
    Label distribution: {0: 158, 1: 52}
    Batch label distribution: {0.0: 8, 1.0: 8}
    Batch label distribution: {0.0: 7, 1.0: 9}
    Batch label distribution: {0.0: 7, 1.0: 9}
    Batch label distribution: {0.0: 7, 1.0: 9}
    Batch label distribution: {0.0: 4, 1.0: 12}
    Batch label distribution: {0.0: 12, 1.0: 4}
    Batch label distribution: {0.0: 6, 1.0: 10}
    Batch label distribution: {0.0: 6, 1.0: 10}
    Batch label distribution: {0.0: 6, 1.0: 10}
    Batch label distribution: {0.0: 6, 1.0: 10}
    Batch label distribution: {0.0: 7, 1.0: 9}
    Batch label distribution: {0.0: 9, 1.0: 7}
    Batch label distribution: {0.0: 8, 1.0: 8}
    Batch label distribution: {0.0: 2}

Using WeightedRandomSampler for validation subset

Using WeightedRandomSampler for validation subset

Using WeightedRandomSampler for validation subset

âœ… Set validation dataloaders with 3 folds
  - Fold 1: 105 samples
    Label distribution: {0: 79, 1: 26}
    Batch label distribution: {0.0: 13, 1.0: 3}
    Batch label distribution: {0.0: 12, 1.0: 4}
    Batch label distribution: {0.0: 11, 1.0: 5}
    Batch label distribution: {0.0: 13, 1.0: 3}
    Batch label distribution: {0.0: 12, 1.0: 4}
    Batch label distribution: {0.0: 12, 1.0: 4}
    Batch label distribution: {0.0: 6, 1.0: 3}
  - Fold 2: 105 samples
    Label distribution: {0: 79, 1: 26}
    Batch label distribution: {0.0: 12, 1.0: 4}
    Batch label distribution: {0.0: 14, 1.0: 2}
    Batch label distribution: {0.0: 14, 1.0: 2}
    Batch label distribution: {0.0: 12, 1.0: 4}
    Batch label distribution: {0.0: 11, 1.0: 5}
    Batch label distribution: {0.0: 11, 1.0: 5}
    Batch label distribution: {0.0: 5, 1.0: 4}
  - Fold 3: 105 samples
    Label distribution: {0: 79, 1: 26}
    Batch label distribution: {0.0: 10, 1.0: 6}
    Batch label distribution: {0.0: 12, 1.0: 4}
    Batch label distribution: {0.0: 13, 1.0: 3}
    Batch label distribution: {0.0: 13, 1.0: 3}
    Batch label distribution: {0.0: 10, 1.0: 6}
    Batch label distribution: {0.0: 13, 1.0: 3}
    Batch label distribution: {0.0: 8, 1.0: 1}

Using WeightedRandomSampler for test subset

Using WeightedRandomSampler for test subset

Using WeightedRandomSampler for test subset

âœ… Set test dataloaders with 3 folds
  - Fold 1: 79 samples
    Label distribution: {0: 59, 1: 20}
    Batch label distribution: {0.0: 12, 1.0: 4}
    Batch label distribution: {0.0: 13, 1.0: 3}
    Batch label distribution: {0.0: 11, 1.0: 5}
    Batch label distribution: {0.0: 13, 1.0: 3}
    Batch label distribution: {0.0: 10, 1.0: 5}
  - Fold 2: 79 samples
    Label distribution: {0: 59, 1: 20}
    Batch label distribution: {0.0: 12, 1.0: 4}
    Batch label distribution: {0.0: 13, 1.0: 3}
    Batch label distribution: {0.0: 11, 1.0: 5}
    Batch label distribution: {0.0: 13, 1.0: 3}
    Batch label distribution: {0.0: 10, 1.0: 5}
  - Fold 3: 79 samples
    Label distribution: {0: 59, 1: 20}
wandb: Currently logged in as: maria-i-paiva (maria-i-paiva-inesc-tec) to https://api.wandb.ai. Use `wandb login --relogin` to force relogin
wandb: WARNING Using a boolean value for 'reinit' is deprecated. Use 'return_previous' or 'finish_previous' instead.
wandb: Tracking run with wandb version 0.19.11
wandb: Run data is saved locally in /nas-ctm01/homes/mipaiva/pipeline_template_pl/experiment_results/experiment_33/version_1/wandb/run-20250616_211619-gw81swa7
wandb: Run `wandb offline` to turn off syncing.
wandb: Syncing run resnet18_2d_33_1_fold1
wandb: â­ï¸ View project at https://wandb.ai/maria-i-paiva-inesc-tec/cs_2d_roi_whole_slice_oneclass_22_splits_wrs
wandb: ðŸš€ View run at https://wandb.ai/maria-i-paiva-inesc-tec/cs_2d_roi_whole_slice_oneclass_22_splits_wrs/runs/gw81swa7
    Batch label distribution: {0.0: 12, 1.0: 4}
    Batch label distribution: {0.0: 13, 1.0: 3}
    Batch label distribution: {0.0: 11, 1.0: 5}
    Batch label distribution: {0.0: 13, 1.0: 3}
    Batch label distribution: {0.0: 10, 1.0: 5}

Running model pipeline for data fold 1...
Label column '5y' found in metadata. Available columns: ['pid', 'study_yr', 'path', 'sct_slice_num_og', 'stage', '1y', '2y', '5y', '10y', 'fup_days', 'lung_side', 'de_stag', 'de_stag_7thed', 'sct_slice_new', 'sct_nod_err']
Label weights: tensor([3.0204], device='cuda:0', dtype=torch.float64)
Error executing job with overrides: []
Traceback (most recent call last):
  File "/nas-ctm01/homes/mipaiva/pipeline_template_pl/slurm_files/shell_script_files/../../src/scripts/run_experiment_pipeline.py", line 54, in run_hyperparameter_grid_based_execution_pipeline
    run_experiment_pipeline(config)
  File "/nas-ctm01/homes/mipaiva/pipeline_template_pl/slurm_files/shell_script_files/../../src/scripts/run_experiment_pipeline.py", line 166, in run_experiment_pipeline
    model_pipeline.train_model()
  File "/nas-ctm01/homes/mipaiva/pipeline_template_pl/src/modules/model/model_pipeline.py", line 68, in train_model
    self.pytorch_lightning_trainer.fit(
  File "/nas-ctm01/homes/mipaiva/.conda/envs/pipeline/lib/python3.11/site-packages/pytorch_lightning/trainer/trainer.py", line 532, in fit
    call._call_and_handle_interrupt(
  File "/nas-ctm01/homes/mipaiva/.conda/envs/pipeline/lib/python3.11/site-packages/pytorch_lightning/trainer/call.py", line 43, in _call_and_handle_interrupt
    return trainer_fn(*args, **kwargs)
           ^^^^^^^^^^^^^^^^^^^^^^^^^^^
  File "/nas-ctm01/homes/mipaiva/.conda/envs/pipeline/lib/python3.11/site-packages/pytorch_lightning/trainer/trainer.py", line 571, in _fit_impl
    self._run(model, ckpt_path=ckpt_path)
  File "/nas-ctm01/homes/mipaiva/.conda/envs/pipeline/lib/python3.11/site-packages/pytorch_lightning/trainer/trainer.py", line 980, in _run
    results = self._run_stage()
              ^^^^^^^^^^^^^^^^^
  File "/nas-ctm01/homes/mipaiva/.conda/envs/pipeline/lib/python3.11/site-packages/pytorch_lightning/trainer/trainer.py", line 1023, in _run_stage
    self.fit_loop.run()
  File "/nas-ctm01/homes/mipaiva/.conda/envs/pipeline/lib/python3.11/site-packages/pytorch_lightning/loops/fit_loop.py", line 203, in run
    self.on_advance_end()
  File "/nas-ctm01/homes/mipaiva/.conda/envs/pipeline/lib/python3.11/site-packages/pytorch_lightning/loops/fit_loop.py", line 370, in on_advance_end
    call._call_callback_hooks(trainer, "on_train_epoch_end", monitoring_callbacks=True)
  File "/nas-ctm01/homes/mipaiva/.conda/envs/pipeline/lib/python3.11/site-packages/pytorch_lightning/trainer/call.py", line 195, in _call_callback_hooks
    fn(trainer, trainer.lightning_module, *args, **kwargs)
  File "/nas-ctm01/homes/mipaiva/.conda/envs/pipeline/lib/python3.11/site-packages/pytorch_lightning/callbacks/early_stopping.py", line 182, in on_train_epoch_end
    self._run_early_stopping_check(trainer)
  File "/nas-ctm01/homes/mipaiva/.conda/envs/pipeline/lib/python3.11/site-packages/pytorch_lightning/callbacks/early_stopping.py", line 193, in _run_early_stopping_check
    if trainer.fast_dev_run or not self._validate_condition_metric(  # disable early_stopping with fast_dev_run
                                   ^^^^^^^^^^^^^^^^^^^^^^^^^^^^^^^^^^^^^^^^^^^^^^^^^^^^^^^^^^^^^^^^^^^^^^^^^^^^
  File "/nas-ctm01/homes/mipaiva/.conda/envs/pipeline/lib/python3.11/site-packages/pytorch_lightning/callbacks/early_stopping.py", line 148, in _validate_condition_metric
    raise RuntimeError(error_msg)
RuntimeError: Early stopping conditioned on metric `train_auroc` which is not available. Pass in or modify your `EarlyStopping` callback to use any of the following: `val_accuracy0.5`, `val_auroc`, `val_precision0.5`, `val_recall0.5`, `val_balanced_accuracy0.5`, `val_accuracy0.25`, `val_accuracy0.75`, `val_precision0.25`, `val_precision0.75`, `val_recall0.25`, `val_recall0.75`, `val_balanced_accuracy0.25`, `val_balanced_accuracy0.75`

Set the environment variable HYDRA_FULL_ERROR=1 for a complete stack trace.
[1;34mwandb[0m: 
[1;34mwandb[0m: ðŸš€ View run [33mresnet18_2d_33_1_fold1[0m at: [34mhttps://wandb.ai/maria-i-paiva-inesc-tec/cs_2d_roi_whole_slice_oneclass_22_splits_wrs/runs/gw81swa7[0m
[1;34mwandb[0m: Find logs at: [1;35m../../experiment_results/experiment_33/version_1/wandb/run-20250616_211619-gw81swa7/logs[0m
srun: error: 02.ctm-deep-04: task 0: Exited with exit code 1

**************************************************  Experiment 34 | Version 1 **************************************************
Label column '5y' found in metadata. Available columns: ['pid', 'study_yr', 'path', 'sct_slice_num_og', 'stage', '1y', '2y', '5y', '10y', 'fup_days', 'lung_side', 'de_stag', 'de_stag_7thed', 'sct_slice_new', 'sct_nod_err']

âœ… Saved split assignments to 'lung_metadata_with_splits.csv'

Using WeightedRandomSampler for train subset

Using WeightedRandomSampler for train subset

Using WeightedRandomSampler for train subset

âœ… Set train dataloaders with 3 folds
  - Fold 1: 210 samples
    Label distribution: {0: 158, 1: 52}
    Batch label distribution: {0.0: 8, 1.0: 8}
    Batch label distribution: {0.0: 5, 1.0: 11}
    Batch label distribution: {0.0: 7, 1.0: 9}
    Batch label distribution: {0.0: 9, 1.0: 7}
    Batch label distribution: {0.0: 5, 1.0: 11}
    Batch label distribution: {0.0: 10, 1.0: 6}
    Batch label distribution: {0.0: 3, 1.0: 13}
    Batch label distribution: {0.0: 8, 1.0: 8}
    Batch label distribution: {0.0: 6, 1.0: 10}
    Batch label distribution: {0.0: 11, 1.0: 5}
    Batch label distribution: {0.0: 10, 1.0: 6}
    Batch label distribution: {0.0: 6, 1.0: 10}
    Batch label distribution: {0.0: 14, 1.0: 2}
    Batch label distribution: {0.0: 1, 1.0: 1}
  - Fold 2: 210 samples
    Label distribution: {0: 158, 1: 52}
    Batch label distribution: {0.0: 9, 1.0: 7}
    Batch label distribution: {0.0: 9, 1.0: 7}
    Batch label distribution: {0.0: 8, 1.0: 8}
    Batch label distribution: {0.0: 7, 1.0: 9}
    Batch label distribution: {0.0: 9, 1.0: 7}
    Batch label distribution: {0.0: 8, 1.0: 8}
    Batch label distribution: {0.0: 9, 1.0: 7}
    Batch label distribution: {0.0: 9, 1.0: 7}
    Batch label distribution: {0.0: 10, 1.0: 6}
    Batch label distribution: {0.0: 7, 1.0: 9}
    Batch label distribution: {0.0: 8, 1.0: 8}
    Batch label distribution: {0.0: 3, 1.0: 13}
    Batch label distribution: {0.0: 9, 1.0: 7}
    Batch label distribution: {0.0: 2}
  - Fold 3: 210 samples
    Label distribution: {0: 158, 1: 52}
    Batch label distribution: {0.0: 10, 1.0: 6}
    Batch label distribution: {0.0: 8, 1.0: 8}
    Batch label distribution: {0.0: 7, 1.0: 9}
    Batch label distribution: {0.0: 8, 1.0: 8}
    Batch label distribution: {0.0: 5, 1.0: 11}
    Batch label distribution: {0.0: 8, 1.0: 8}
    Batch label distribution: {0.0: 9, 1.0: 7}
    Batch label distribution: {0.0: 6, 1.0: 10}
    Batch label distribution: {0.0: 9, 1.0: 7}
    Batch label distribution: {0.0: 6, 1.0: 10}
    Batch label distribution: {0.0: 7, 1.0: 9}
    Batch label distribution: {0.0: 9, 1.0: 7}
    Batch label distribution: {0.0: 7, 1.0: 9}
    Batch label distribution: {0.0: 1, 1.0: 1}

Using WeightedRandomSampler for validation subset

Using WeightedRandomSampler for validation subset

Using WeightedRandomSampler for validation subset

âœ… Set validation dataloaders with 3 folds
  - Fold 1: 105 samples
    Label distribution: {0: 79, 1: 26}
    Batch label distribution: {0.0: 13, 1.0: 3}
    Batch label distribution: {0.0: 12, 1.0: 4}
    Batch label distribution: {0.0: 11, 1.0: 5}
    Batch label distribution: {0.0: 13, 1.0: 3}
    Batch label distribution: {0.0: 12, 1.0: 4}
    Batch label distribution: {0.0: 12, 1.0: 4}
    Batch label distribution: {0.0: 6, 1.0: 3}
  - Fold 2: 105 samples
    Label distribution: {0: 79, 1: 26}
    Batch label distribution: {0.0: 12, 1.0: 4}
    Batch label distribution: {0.0: 14, 1.0: 2}
    Batch label distribution: {0.0: 14, 1.0: 2}
    Batch label distribution: {0.0: 12, 1.0: 4}
    Batch label distribution: {0.0: 11, 1.0: 5}
    Batch label distribution: {0.0: 11, 1.0: 5}
    Batch label distribution: {0.0: 5, 1.0: 4}
  - Fold 3: 105 samples
    Label distribution: {0: 79, 1: 26}
    Batch label distribution: {0.0: 10, 1.0: 6}
    Batch label distribution: {0.0: 12, 1.0: 4}
    Batch label distribution: {0.0: 13, 1.0: 3}
    Batch label distribution: {0.0: 13, 1.0: 3}
    Batch label distribution: {0.0: 10, 1.0: 6}
    Batch label distribution: {0.0: 13, 1.0: 3}
    Batch label distribution: {0.0: 8, 1.0: 1}

Using WeightedRandomSampler for test subset

Using WeightedRandomSampler for test subset

Using WeightedRandomSampler for test subset

âœ… Set test dataloaders with 3 folds
  - Fold 1: 79 samples
    Label distribution: {0: 59, 1: 20}
    Batch label distribution: {0.0: 12, 1.0: 4}
    Batch label distribution: {0.0: 13, 1.0: 3}
    Batch label distribution: {0.0: 11, 1.0: 5}
    Batch label distribution: {0.0: 13, 1.0: 3}
    Batch label distribution: {0.0: 10, 1.0: 5}
  - Fold 2: 79 samples
    Label distribution: {0: 59, 1: 20}
    Batch label distribution: {0.0: 12, 1.0: 4}
    Batch label distribution: {0.0: 13, 1.0: 3}
    Batch label distribution: {0.0: 11, 1.0: 5}
    Batch label distribution: {0.0: 13, 1.0: 3}
    Batch label distribution: {0.0: 10, 1.0: 5}
  - Fold 3: 79 samples
    Label distribution: {0: 59, 1: 20}
wandb: Currently logged in as: maria-i-paiva (maria-i-paiva-inesc-tec) to https://api.wandb.ai. Use `wandb login --relogin` to force relogin
wandb: WARNING Using a boolean value for 'reinit' is deprecated. Use 'return_previous' or 'finish_previous' instead.
wandb: Tracking run with wandb version 0.19.11
wandb: Run data is saved locally in /nas-ctm01/homes/mipaiva/pipeline_template_pl/experiment_results/experiment_34/version_1/wandb/run-20250616_211646-dgy7itpn
wandb: Run `wandb offline` to turn off syncing.
wandb: Syncing run resnet50_2d_34_1_fold1
wandb: â­ï¸ View project at https://wandb.ai/maria-i-paiva-inesc-tec/cs_2d_roi_whole_slice_oneclass_22_splits_wrs
wandb: ðŸš€ View run at https://wandb.ai/maria-i-paiva-inesc-tec/cs_2d_roi_whole_slice_oneclass_22_splits_wrs/runs/dgy7itpn
    Batch label distribution: {0.0: 12, 1.0: 4}
    Batch label distribution: {0.0: 13, 1.0: 3}
    Batch label distribution: {0.0: 11, 1.0: 5}
    Batch label distribution: {0.0: 13, 1.0: 3}
    Batch label distribution: {0.0: 10, 1.0: 5}

Running model pipeline for data fold 1...
Label column '5y' found in metadata. Available columns: ['pid', 'study_yr', 'path', 'sct_slice_num_og', 'stage', '1y', '2y', '5y', '10y', 'fup_days', 'lung_side', 'de_stag', 'de_stag_7thed', 'sct_slice_new', 'sct_nod_err']
Label weights: tensor([3.0204], device='cuda:0', dtype=torch.float64)
Error executing job with overrides: []
Traceback (most recent call last):
  File "/nas-ctm01/homes/mipaiva/pipeline_template_pl/slurm_files/shell_script_files/../../src/scripts/run_experiment_pipeline.py", line 54, in run_hyperparameter_grid_based_execution_pipeline
    run_experiment_pipeline(config)
  File "/nas-ctm01/homes/mipaiva/pipeline_template_pl/slurm_files/shell_script_files/../../src/scripts/run_experiment_pipeline.py", line 166, in run_experiment_pipeline
    model_pipeline.train_model()
  File "/nas-ctm01/homes/mipaiva/pipeline_template_pl/src/modules/model/model_pipeline.py", line 68, in train_model
    self.pytorch_lightning_trainer.fit(
  File "/nas-ctm01/homes/mipaiva/.conda/envs/pipeline/lib/python3.11/site-packages/pytorch_lightning/trainer/trainer.py", line 532, in fit
    call._call_and_handle_interrupt(
  File "/nas-ctm01/homes/mipaiva/.conda/envs/pipeline/lib/python3.11/site-packages/pytorch_lightning/trainer/call.py", line 43, in _call_and_handle_interrupt
    return trainer_fn(*args, **kwargs)
           ^^^^^^^^^^^^^^^^^^^^^^^^^^^
  File "/nas-ctm01/homes/mipaiva/.conda/envs/pipeline/lib/python3.11/site-packages/pytorch_lightning/trainer/trainer.py", line 571, in _fit_impl
    self._run(model, ckpt_path=ckpt_path)
  File "/nas-ctm01/homes/mipaiva/.conda/envs/pipeline/lib/python3.11/site-packages/pytorch_lightning/trainer/trainer.py", line 980, in _run
    results = self._run_stage()
              ^^^^^^^^^^^^^^^^^
  File "/nas-ctm01/homes/mipaiva/.conda/envs/pipeline/lib/python3.11/site-packages/pytorch_lightning/trainer/trainer.py", line 1023, in _run_stage
    self.fit_loop.run()
  File "/nas-ctm01/homes/mipaiva/.conda/envs/pipeline/lib/python3.11/site-packages/pytorch_lightning/loops/fit_loop.py", line 203, in run
    self.on_advance_end()
  File "/nas-ctm01/homes/mipaiva/.conda/envs/pipeline/lib/python3.11/site-packages/pytorch_lightning/loops/fit_loop.py", line 370, in on_advance_end
    call._call_callback_hooks(trainer, "on_train_epoch_end", monitoring_callbacks=True)
  File "/nas-ctm01/homes/mipaiva/.conda/envs/pipeline/lib/python3.11/site-packages/pytorch_lightning/trainer/call.py", line 195, in _call_callback_hooks
    fn(trainer, trainer.lightning_module, *args, **kwargs)
  File "/nas-ctm01/homes/mipaiva/.conda/envs/pipeline/lib/python3.11/site-packages/pytorch_lightning/callbacks/early_stopping.py", line 182, in on_train_epoch_end
    self._run_early_stopping_check(trainer)
  File "/nas-ctm01/homes/mipaiva/.conda/envs/pipeline/lib/python3.11/site-packages/pytorch_lightning/callbacks/early_stopping.py", line 193, in _run_early_stopping_check
    if trainer.fast_dev_run or not self._validate_condition_metric(  # disable early_stopping with fast_dev_run
                                   ^^^^^^^^^^^^^^^^^^^^^^^^^^^^^^^^^^^^^^^^^^^^^^^^^^^^^^^^^^^^^^^^^^^^^^^^^^^^
  File "/nas-ctm01/homes/mipaiva/.conda/envs/pipeline/lib/python3.11/site-packages/pytorch_lightning/callbacks/early_stopping.py", line 148, in _validate_condition_metric
    raise RuntimeError(error_msg)
RuntimeError: Early stopping conditioned on metric `train_auroc` which is not available. Pass in or modify your `EarlyStopping` callback to use any of the following: `val_accuracy0.5`, `val_auroc`, `val_precision0.5`, `val_recall0.5`, `val_balanced_accuracy0.5`, `val_accuracy0.25`, `val_accuracy0.75`, `val_precision0.25`, `val_precision0.75`, `val_recall0.25`, `val_recall0.75`, `val_balanced_accuracy0.25`, `val_balanced_accuracy0.75`

Set the environment variable HYDRA_FULL_ERROR=1 for a complete stack trace.
[1;34mwandb[0m: 
[1;34mwandb[0m: ðŸš€ View run [33mresnet50_2d_34_1_fold1[0m at: [34mhttps://wandb.ai/maria-i-paiva-inesc-tec/cs_2d_roi_whole_slice_oneclass_22_splits_wrs/runs/dgy7itpn[0m
[1;34mwandb[0m: Find logs at: [1;35m../../experiment_results/experiment_34/version_1/wandb/run-20250616_211646-dgy7itpn/logs[0m
srun: error: 02.ctm-deep-04: task 0: Exited with exit code 1

**************************************************  Experiment 35 | Version 1 **************************************************
Label column '5y' found in metadata. Available columns: ['pid', 'study_yr', 'path', 'sct_slice_num_og', 'stage', '1y', '2y', '5y', '10y', 'fup_days', 'lung_side', 'de_stag', 'de_stag_7thed', 'sct_slice_new', 'sct_nod_err']

âœ… Saved split assignments to 'lung_metadata_with_splits.csv'

Using WeightedRandomSampler for train subset

Using WeightedRandomSampler for train subset

Using WeightedRandomSampler for train subset

âœ… Set train dataloaders with 3 folds
  - Fold 1: 210 samples
    Label distribution: {0: 158, 1: 52}
    Batch label distribution: {0.0: 9, 1.0: 7}
    Batch label distribution: {0.0: 8, 1.0: 8}
    Batch label distribution: {0.0: 4, 1.0: 12}
    Batch label distribution: {0.0: 7, 1.0: 9}
    Batch label distribution: {0.0: 10, 1.0: 6}
    Batch label distribution: {0.0: 7, 1.0: 9}
    Batch label distribution: {0.0: 9, 1.0: 7}
    Batch label distribution: {0.0: 9, 1.0: 7}
    Batch label distribution: {0.0: 11, 1.0: 5}
    Batch label distribution: {0.0: 6, 1.0: 10}
    Batch label distribution: {0.0: 7, 1.0: 9}
    Batch label distribution: {0.0: 7, 1.0: 9}
    Batch label distribution: {0.0: 12, 1.0: 4}
    Batch label distribution: {1.0: 2}
  - Fold 2: 210 samples
    Label distribution: {0: 158, 1: 52}
    Batch label distribution: {0.0: 7, 1.0: 9}
    Batch label distribution: {0.0: 9, 1.0: 7}
    Batch label distribution: {0.0: 10, 1.0: 6}
    Batch label distribution: {0.0: 7, 1.0: 9}
    Batch label distribution: {0.0: 7, 1.0: 9}
    Batch label distribution: {0.0: 10, 1.0: 6}
    Batch label distribution: {0.0: 6, 1.0: 10}
    Batch label distribution: {0.0: 5, 1.0: 11}
    Batch label distribution: {0.0: 9, 1.0: 7}
    Batch label distribution: {0.0: 10, 1.0: 6}
    Batch label distribution: {0.0: 7, 1.0: 9}
    Batch label distribution: {0.0: 8, 1.0: 8}
    Batch label distribution: {0.0: 8, 1.0: 8}
    Batch label distribution: {0.0: 2}
  - Fold 3: 210 samples
    Label distribution: {0: 158, 1: 52}
    Batch label distribution: {0.0: 4, 1.0: 12}
    Batch label distribution: {0.0: 4, 1.0: 12}
    Batch label distribution: {0.0: 10, 1.0: 6}
    Batch label distribution: {0.0: 5, 1.0: 11}
    Batch label distribution: {0.0: 7, 1.0: 9}
    Batch label distribution: {0.0: 8, 1.0: 8}
    Batch label distribution: {0.0: 4, 1.0: 12}
    Batch label distribution: {0.0: 9, 1.0: 7}
    Batch label distribution: {0.0: 6, 1.0: 10}
    Batch label distribution: {0.0: 10, 1.0: 6}
    Batch label distribution: {0.0: 7, 1.0: 9}
    Batch label distribution: {0.0: 9, 1.0: 7}
    Batch label distribution: {0.0: 10, 1.0: 6}
    Batch label distribution: {1.0: 2}

Using WeightedRandomSampler for validation subset

Using WeightedRandomSampler for validation subset

Using WeightedRandomSampler for validation subset

âœ… Set validation dataloaders with 3 folds
  - Fold 1: 105 samples
    Label distribution: {0: 79, 1: 26}
    Batch label distribution: {0.0: 13, 1.0: 3}
    Batch label distribution: {0.0: 12, 1.0: 4}
    Batch label distribution: {0.0: 11, 1.0: 5}
    Batch label distribution: {0.0: 13, 1.0: 3}
    Batch label distribution: {0.0: 12, 1.0: 4}
    Batch label distribution: {0.0: 12, 1.0: 4}
    Batch label distribution: {0.0: 6, 1.0: 3}
  - Fold 2: 105 samples
    Label distribution: {0: 79, 1: 26}
    Batch label distribution: {0.0: 12, 1.0: 4}
    Batch label distribution: {0.0: 14, 1.0: 2}
    Batch label distribution: {0.0: 14, 1.0: 2}
    Batch label distribution: {0.0: 12, 1.0: 4}
    Batch label distribution: {0.0: 11, 1.0: 5}
    Batch label distribution: {0.0: 11, 1.0: 5}
    Batch label distribution: {0.0: 5, 1.0: 4}
  - Fold 3: 105 samples
    Label distribution: {0: 79, 1: 26}
    Batch label distribution: {0.0: 10, 1.0: 6}
    Batch label distribution: {0.0: 12, 1.0: 4}
    Batch label distribution: {0.0: 13, 1.0: 3}
    Batch label distribution: {0.0: 13, 1.0: 3}
    Batch label distribution: {0.0: 10, 1.0: 6}
    Batch label distribution: {0.0: 13, 1.0: 3}
    Batch label distribution: {0.0: 8, 1.0: 1}

Using WeightedRandomSampler for test subset

Using WeightedRandomSampler for test subset

Using WeightedRandomSampler for test subset

âœ… Set test dataloaders with 3 folds
  - Fold 1: 79 samples
    Label distribution: {0: 59, 1: 20}
    Batch label distribution: {0.0: 12, 1.0: 4}
    Batch label distribution: {0.0: 13, 1.0: 3}
    Batch label distribution: {0.0: 11, 1.0: 5}
    Batch label distribution: {0.0: 13, 1.0: 3}
    Batch label distribution: {0.0: 10, 1.0: 5}
  - Fold 2: 79 samples
    Label distribution: {0: 59, 1: 20}
    Batch label distribution: {0.0: 12, 1.0: 4}
    Batch label distribution: {0.0: 13, 1.0: 3}
    Batch label distribution: {0.0: 11, 1.0: 5}
    Batch label distribution: {0.0: 13, 1.0: 3}
    Batch label distribution: {0.0: 10, 1.0: 5}
  - Fold 3: 79 samples
    Label distribution: {0: 59, 1: 20}
wandb: Currently logged in as: maria-i-paiva (maria-i-paiva-inesc-tec) to https://api.wandb.ai. Use `wandb login --relogin` to force relogin
wandb: WARNING Using a boolean value for 'reinit' is deprecated. Use 'return_previous' or 'finish_previous' instead.
wandb: creating run
wandb: Tracking run with wandb version 0.19.11
wandb: Run data is saved locally in /nas-ctm01/homes/mipaiva/pipeline_template_pl/experiment_results/experiment_35/version_1/wandb/run-20250616_211718-dkt465le
wandb: Run `wandb offline` to turn off syncing.
wandb: Syncing run vgg16_2d_35_1_fold1
wandb: â­ï¸ View project at https://wandb.ai/maria-i-paiva-inesc-tec/cs_2d_roi_whole_slice_oneclass_22_splits_wrs
wandb: ðŸš€ View run at https://wandb.ai/maria-i-paiva-inesc-tec/cs_2d_roi_whole_slice_oneclass_22_splits_wrs/runs/dkt465le
    Batch label distribution: {0.0: 12, 1.0: 4}
    Batch label distribution: {0.0: 13, 1.0: 3}
    Batch label distribution: {0.0: 11, 1.0: 5}
    Batch label distribution: {0.0: 13, 1.0: 3}
    Batch label distribution: {0.0: 10, 1.0: 5}

Running model pipeline for data fold 1...
Label column '5y' found in metadata. Available columns: ['pid', 'study_yr', 'path', 'sct_slice_num_og', 'stage', '1y', '2y', '5y', '10y', 'fup_days', 'lung_side', 'de_stag', 'de_stag_7thed', 'sct_slice_new', 'sct_nod_err']
Label weights: tensor([3.0204], device='cuda:0', dtype=torch.float64)
Error executing job with overrides: []
Traceback (most recent call last):
  File "/nas-ctm01/homes/mipaiva/pipeline_template_pl/slurm_files/shell_script_files/../../src/scripts/run_experiment_pipeline.py", line 54, in run_hyperparameter_grid_based_execution_pipeline
    run_experiment_pipeline(config)
  File "/nas-ctm01/homes/mipaiva/pipeline_template_pl/slurm_files/shell_script_files/../../src/scripts/run_experiment_pipeline.py", line 166, in run_experiment_pipeline
    model_pipeline.train_model()
  File "/nas-ctm01/homes/mipaiva/pipeline_template_pl/src/modules/model/model_pipeline.py", line 68, in train_model
    self.pytorch_lightning_trainer.fit(
  File "/nas-ctm01/homes/mipaiva/.conda/envs/pipeline/lib/python3.11/site-packages/pytorch_lightning/trainer/trainer.py", line 532, in fit
    call._call_and_handle_interrupt(
  File "/nas-ctm01/homes/mipaiva/.conda/envs/pipeline/lib/python3.11/site-packages/pytorch_lightning/trainer/call.py", line 43, in _call_and_handle_interrupt
    return trainer_fn(*args, **kwargs)
           ^^^^^^^^^^^^^^^^^^^^^^^^^^^
  File "/nas-ctm01/homes/mipaiva/.conda/envs/pipeline/lib/python3.11/site-packages/pytorch_lightning/trainer/trainer.py", line 571, in _fit_impl
    self._run(model, ckpt_path=ckpt_path)
  File "/nas-ctm01/homes/mipaiva/.conda/envs/pipeline/lib/python3.11/site-packages/pytorch_lightning/trainer/trainer.py", line 980, in _run
    results = self._run_stage()
              ^^^^^^^^^^^^^^^^^
  File "/nas-ctm01/homes/mipaiva/.conda/envs/pipeline/lib/python3.11/site-packages/pytorch_lightning/trainer/trainer.py", line 1023, in _run_stage
    self.fit_loop.run()
  File "/nas-ctm01/homes/mipaiva/.conda/envs/pipeline/lib/python3.11/site-packages/pytorch_lightning/loops/fit_loop.py", line 202, in run
    self.advance()
  File "/nas-ctm01/homes/mipaiva/.conda/envs/pipeline/lib/python3.11/site-packages/pytorch_lightning/loops/fit_loop.py", line 355, in advance
    self.epoch_loop.run(self._data_fetcher)
  File "/nas-ctm01/homes/mipaiva/.conda/envs/pipeline/lib/python3.11/site-packages/pytorch_lightning/loops/training_epoch_loop.py", line 133, in run
    self.advance(data_fetcher)
  File "/nas-ctm01/homes/mipaiva/.conda/envs/pipeline/lib/python3.11/site-packages/pytorch_lightning/loops/training_epoch_loop.py", line 219, in advance
    batch_output = self.automatic_optimization.run(trainer.optimizers[0], kwargs)
                   ^^^^^^^^^^^^^^^^^^^^^^^^^^^^^^^^^^^^^^^^^^^^^^^^^^^^^^^^^^^^^^
  File "/nas-ctm01/homes/mipaiva/.conda/envs/pipeline/lib/python3.11/site-packages/pytorch_lightning/loops/optimization/automatic.py", line 188, in run
    self._optimizer_step(kwargs.get("batch_idx", 0), closure)
  File "/nas-ctm01/homes/mipaiva/.conda/envs/pipeline/lib/python3.11/site-packages/pytorch_lightning/loops/optimization/automatic.py", line 266, in _optimizer_step
    call._call_lightning_module_hook(
  File "/nas-ctm01/homes/mipaiva/.conda/envs/pipeline/lib/python3.11/site-packages/pytorch_lightning/trainer/call.py", line 146, in _call_lightning_module_hook
    output = fn(*args, **kwargs)
             ^^^^^^^^^^^^^^^^^^^
  File "/nas-ctm01/homes/mipaiva/.conda/envs/pipeline/lib/python3.11/site-packages/pytorch_lightning/core/module.py", line 1276, in optimizer_step
    optimizer.step(closure=optimizer_closure)
  File "/nas-ctm01/homes/mipaiva/.conda/envs/pipeline/lib/python3.11/site-packages/pytorch_lightning/core/optimizer.py", line 161, in step
    step_output = self._strategy.optimizer_step(self._optimizer, closure, **kwargs)
                  ^^^^^^^^^^^^^^^^^^^^^^^^^^^^^^^^^^^^^^^^^^^^^^^^^^^^^^^^^^^^^^^^^
  File "/nas-ctm01/homes/mipaiva/.conda/envs/pipeline/lib/python3.11/site-packages/pytorch_lightning/strategies/strategy.py", line 231, in optimizer_step
    return self.precision_plugin.optimizer_step(optimizer, model=model, closure=closure, **kwargs)
           ^^^^^^^^^^^^^^^^^^^^^^^^^^^^^^^^^^^^^^^^^^^^^^^^^^^^^^^^^^^^^^^^^^^^^^^^^^^^^^^^^^^^^^^
  File "/nas-ctm01/homes/mipaiva/.conda/envs/pipeline/lib/python3.11/site-packages/pytorch_lightning/plugins/precision/precision_plugin.py", line 116, in optimizer_step
    return optimizer.step(closure=closure, **kwargs)
           ^^^^^^^^^^^^^^^^^^^^^^^^^^^^^^^^^^^^^^^^^
  File "/nas-ctm01/homes/mipaiva/.conda/envs/pipeline/lib/python3.11/site-packages/torch/optim/optimizer.py", line 280, in wrapper
    out = func(*args, **kwargs)
          ^^^^^^^^^^^^^^^^^^^^^
  File "/nas-ctm01/homes/mipaiva/.conda/envs/pipeline/lib/python3.11/site-packages/torch/optim/optimizer.py", line 33, in _use_grad
    ret = func(self, *args, **kwargs)
          ^^^^^^^^^^^^^^^^^^^^^^^^^^^
  File "/nas-ctm01/homes/mipaiva/.conda/envs/pipeline/lib/python3.11/site-packages/torch/optim/adam.py", line 121, in step
    loss = closure()
           ^^^^^^^^^
  File "/nas-ctm01/homes/mipaiva/.conda/envs/pipeline/lib/python3.11/site-packages/pytorch_lightning/plugins/precision/precision_plugin.py", line 103, in _wrap_closure
    closure_result = closure()
                     ^^^^^^^^^
  File "/nas-ctm01/homes/mipaiva/.conda/envs/pipeline/lib/python3.11/site-packages/pytorch_lightning/loops/optimization/automatic.py", line 142, in __call__
    self._result = self.closure(*args, **kwargs)
                   ^^^^^^^^^^^^^^^^^^^^^^^^^^^^^
  File "/nas-ctm01/homes/mipaiva/.conda/envs/pipeline/lib/python3.11/site-packages/torch/utils/_contextlib.py", line 115, in decorate_context
    return func(*args, **kwargs)
           ^^^^^^^^^^^^^^^^^^^^^
  File "/nas-ctm01/homes/mipaiva/.conda/envs/pipeline/lib/python3.11/site-packages/pytorch_lightning/loops/optimization/automatic.py", line 137, in closure
    self._backward_fn(step_output.closure_loss)
  File "/nas-ctm01/homes/mipaiva/.conda/envs/pipeline/lib/python3.11/site-packages/pytorch_lightning/loops/optimization/automatic.py", line 237, in backward_fn
    call._call_strategy_hook(self.trainer, "backward", loss, optimizer)
  File "/nas-ctm01/homes/mipaiva/.conda/envs/pipeline/lib/python3.11/site-packages/pytorch_lightning/trainer/call.py", line 294, in _call_strategy_hook
    output = fn(*args, **kwargs)
             ^^^^^^^^^^^^^^^^^^^
  File "/nas-ctm01/homes/mipaiva/.conda/envs/pipeline/lib/python3.11/site-packages/pytorch_lightning/strategies/strategy.py", line 205, in backward
    self.precision_plugin.backward(closure_loss, self.lightning_module, optimizer, *args, **kwargs)
  File "/nas-ctm01/homes/mipaiva/.conda/envs/pipeline/lib/python3.11/site-packages/pytorch_lightning/plugins/precision/precision_plugin.py", line 69, in backward
    model.backward(tensor, *args, **kwargs)
  File "/nas-ctm01/homes/mipaiva/.conda/envs/pipeline/lib/python3.11/site-packages/pytorch_lightning/core/module.py", line 1064, in backward
    loss.backward(*args, **kwargs)
  File "/nas-ctm01/homes/mipaiva/.conda/envs/pipeline/lib/python3.11/site-packages/torch/_tensor.py", line 487, in backward
    torch.autograd.backward(
  File "/nas-ctm01/homes/mipaiva/.conda/envs/pipeline/lib/python3.11/site-packages/torch/autograd/__init__.py", line 200, in backward
    Variable._execution_engine.run_backward(  # Calls into the C++ engine to run the backward pass
torch.cuda.OutOfMemoryError: CUDA out of memory. Tried to allocate 32.00 MiB (GPU 0; 7.92 GiB total capacity; 7.68 GiB already allocated; 8.94 MiB free; 7.75 GiB reserved in total by PyTorch) If reserved memory is >> allocated memory try setting max_split_size_mb to avoid fragmentation.  See documentation for Memory Management and PYTORCH_CUDA_ALLOC_CONF

Set the environment variable HYDRA_FULL_ERROR=1 for a complete stack trace.
[1;34mwandb[0m: 
[1;34mwandb[0m: ðŸš€ View run [33mvgg16_2d_35_1_fold1[0m at: [34mhttps://wandb.ai/maria-i-paiva-inesc-tec/cs_2d_roi_whole_slice_oneclass_22_splits_wrs/runs/dkt465le[0m
[1;34mwandb[0m: Find logs at: [1;35m../../experiment_results/experiment_35/version_1/wandb/run-20250616_211718-dkt465le/logs[0m
srun: error: 02.ctm-deep-04: task 0: Exited with exit code 1
Finish time: 2025-06-16 21:17:37
